18-May-2021 00:26:35.260 INFORMACIÓN [main] org.apache.catalina.core.StandardServer.await Se ha recibido un comando de apagado a través del puerto de apagado. Parando la instancia del Servidor.
18-May-2021 00:26:35.261 INFORMACIÓN [main] org.apache.coyote.AbstractProtocol.pause Pausing ProtocolHandler ["http-nio-8080"]
18-May-2021 00:26:35.267 INFORMACIÓN [main] org.apache.catalina.core.StandardService.stopInternal Parando servicio [Catalina]
18-May-2021 00:26:35.286 ADVERTENCIA [main] org.apache.catalina.loader.WebappClassLoaderBase.clearReferencesThreads The web application [bookshop] appears to have started a thread named [mysql-cj-abandoned-connection-cleanup] but has failed to stop it. This is very likely to create a memory leak. Stack trace of thread:
 java.lang.Object.wait(Native Method)
 java.lang.ref.ReferenceQueue.remove(ReferenceQueue.java:143)
 com.mysql.cj.jdbc.AbandonedConnectionCleanupThread.run(AbandonedConnectionCleanupThread.java:91)
 java.util.concurrent.ThreadPoolExecutor.runWorker(ThreadPoolExecutor.java:1149)
 java.util.concurrent.ThreadPoolExecutor$Worker.run(ThreadPoolExecutor.java:624)
 java.lang.Thread.run(Thread.java:748)
18-May-2021 00:26:35.315 ADVERTENCIA [main] org.apache.catalina.loader.WebappClassLoaderBase.clearReferencesJdbc La aplicación web [proyecto] registró el conductor JDBC [com.mysql.cj.jdbc.Driver] pero falló al anular el registro mientras la aplicación web estaba parada. Para prevenir un fallo de memoria, se ha anulado el registro del conductor JDBC por la fuerza.
18-May-2021 00:26:35.315 ADVERTENCIA [main] org.apache.catalina.loader.WebappClassLoaderBase.clearReferencesThreads The web application [proyecto] appears to have started a thread named [mysql-cj-abandoned-connection-cleanup] but has failed to stop it. This is very likely to create a memory leak. Stack trace of thread:
 java.lang.Object.wait(Native Method)
 java.lang.ref.ReferenceQueue.remove(ReferenceQueue.java:143)
 com.mysql.cj.jdbc.AbandonedConnectionCleanupThread.run(AbandonedConnectionCleanupThread.java:91)
 java.util.concurrent.ThreadPoolExecutor.runWorker(ThreadPoolExecutor.java:1149)
 java.util.concurrent.ThreadPoolExecutor$Worker.run(ThreadPoolExecutor.java:624)
 java.lang.Thread.run(Thread.java:748)
18-May-2021 00:26:35.323 INFORMACIÓN [main] org.apache.coyote.AbstractProtocol.stop Stopping ProtocolHandler ["http-nio-8080"]
18-May-2021 00:26:35.366 INFORMACIÓN [main] org.apache.coyote.AbstractProtocol.destroy Destroying ProtocolHandler ["http-nio-8080"]
18-May-2021 00:26:37.011 INFORMACIÓN [main] org.apache.catalina.startup.VersionLoggerListener.log Nombre de la versión del servidor: Apache Tomcat/9.0.44
18-May-2021 00:26:37.013 INFORMACIÓN [main] org.apache.catalina.startup.VersionLoggerListener.log Server built:                      Mar 4 2021 21:49:34 UTC
18-May-2021 00:26:37.013 INFORMACIÓN [main] org.apache.catalina.startup.VersionLoggerListener.log Número de versión de servidor:     9.0.44.0
18-May-2021 00:26:37.014 INFORMACIÓN [main] org.apache.catalina.startup.VersionLoggerListener.log OS Name:                           Linux
18-May-2021 00:26:37.014 INFORMACIÓN [main] org.apache.catalina.startup.VersionLoggerListener.log Versión de Systema Operativo:      5.2.0
18-May-2021 00:26:37.014 INFORMACIÓN [main] org.apache.catalina.startup.VersionLoggerListener.log Arquitectura:                      amd64
18-May-2021 00:26:37.014 INFORMACIÓN [main] org.apache.catalina.startup.VersionLoggerListener.log Java Home:                         /usr/lib/jvm/oracle-java8-jdk-amd64/jre
18-May-2021 00:26:37.014 INFORMACIÓN [main] org.apache.catalina.startup.VersionLoggerListener.log JVM Version:                       1.8.0_141-b15
18-May-2021 00:26:37.014 INFORMACIÓN [main] org.apache.catalina.startup.VersionLoggerListener.log Vededor JVM:                       Oracle Corporation
18-May-2021 00:26:37.014 INFORMACIÓN [main] org.apache.catalina.startup.VersionLoggerListener.log CATALINA_BASE:                     /var/home/lab/alum0/03/84/036/WebCom/PROYECTO/apache-tomcat-9.0.44
18-May-2021 00:26:37.014 INFORMACIÓN [main] org.apache.catalina.startup.VersionLoggerListener.log CATALINA_HOME:                     /var/home/lab/alum0/03/84/036/WebCom/PROYECTO/apache-tomcat-9.0.44
18-May-2021 00:26:37.015 INFORMACIÓN [main] org.apache.catalina.startup.VersionLoggerListener.log Command line argument:             -Djava.util.logging.config.file=/usr/lab/alum/0384036/WebCom/PROYECTO/apache-tomcat-9.0.44/conf/logging.properties
18-May-2021 00:26:37.015 INFORMACIÓN [main] org.apache.catalina.startup.VersionLoggerListener.log Command line argument:             -Djava.util.logging.manager=org.apache.juli.ClassLoaderLogManager
18-May-2021 00:26:37.015 INFORMACIÓN [main] org.apache.catalina.startup.VersionLoggerListener.log Command line argument:             -Djdk.tls.ephemeralDHKeySize=2048
18-May-2021 00:26:37.015 INFORMACIÓN [main] org.apache.catalina.startup.VersionLoggerListener.log Command line argument:             -Djava.protocol.handler.pkgs=org.apache.catalina.webresources
18-May-2021 00:26:37.015 INFORMACIÓN [main] org.apache.catalina.startup.VersionLoggerListener.log Command line argument:             -Dorg.apache.catalina.security.SecurityListener.UMASK=0027
18-May-2021 00:26:37.015 INFORMACIÓN [main] org.apache.catalina.startup.VersionLoggerListener.log Command line argument:             -Dignore.endorsed.dirs=
18-May-2021 00:26:37.016 INFORMACIÓN [main] org.apache.catalina.startup.VersionLoggerListener.log Command line argument:             -Dcatalina.base=/usr/lab/alum/0384036/WebCom/PROYECTO/apache-tomcat-9.0.44
18-May-2021 00:26:37.016 INFORMACIÓN [main] org.apache.catalina.startup.VersionLoggerListener.log Command line argument:             -Dcatalina.home=/usr/lab/alum/0384036/WebCom/PROYECTO/apache-tomcat-9.0.44
18-May-2021 00:26:37.016 INFORMACIÓN [main] org.apache.catalina.startup.VersionLoggerListener.log Command line argument:             -Djava.io.tmpdir=/usr/lab/alum/0384036/WebCom/PROYECTO/apache-tomcat-9.0.44/temp
18-May-2021 00:26:37.017 INFORMACIÓN [main] org.apache.catalina.core.AprLifecycleListener.lifecycleEvent La biblioteca nativa de Apache Tomcat basada en ARP que permite un rendimiento óptimo en entornos de desarrollo no ha sido hallada en java.library.path: [/usr/java/packages/lib/amd64:/usr/lib64:/lib64:/lib:/usr/lib]
18-May-2021 00:26:37.387 INFORMACIÓN [main] org.apache.coyote.AbstractProtocol.init Inicializando el manejador de protocolo ["http-nio-8080"]

18-May-2021 00:26:37.420 INFORMACIÓN [main] org.apache.catalina.startup.Catalina.load Server initialization in [601] milliseconds
18-May-2021 00:26:37.451 INFORMACIÓN [main] org.apache.catalina.core.StandardService.startInternal Arrancando servicio [Catalina]
18-May-2021 00:26:37.452 INFORMACIÓN [main] org.apache.catalina.core.StandardEngine.startInternal Starting Servlet engine: [Apache Tomcat/9.0.44]
18-May-2021 00:26:37.465 INFORMACIÓN [main] org.apache.catalina.startup.HostConfig.deployDirectory Desplegando el directorio [/var/home/lab/alum0/03/84/036/WebCom/PROYECTO/apache-tomcat-9.0.44/webapps/ROOT] de la aplicación web
18-May-2021 00:26:37.732 INFORMACIÓN [main] org.apache.catalina.startup.HostConfig.deployDirectory Deployment of web application directory [/var/home/lab/alum0/03/84/036/WebCom/PROYECTO/apache-tomcat-9.0.44/webapps/ROOT] has finished in [265] ms
18-May-2021 00:26:37.732 INFORMACIÓN [main] org.apache.catalina.startup.HostConfig.deployDirectory Desplegando el directorio [/var/home/lab/alum0/03/84/036/WebCom/PROYECTO/apache-tomcat-9.0.44/webapps/bookshop] de la aplicación web
18-May-2021 00:26:38.055 ADVERTENCIA [main] org.apache.tomcat.dbcp.dbcp2.BasicDataSourceFactory.getObjectInstance Name = BookShop Property maxActive is not used in DBCP2, use maxTotal instead. maxTotal default value is 8. You have set value of "8" for "maxActive" property, which is being ignored.
18-May-2021 00:26:38.083 INFORMACIÓN [main] org.apache.jasper.servlet.TldScanner.scanJars Al menos un JAR, que se ha explorado buscando TLDs, aún no contenía TLDs. Activar historial de depuración para este historiador para una completa lista de los JARs que fueron explorados y de los que nos se halló TLDs. Saltarse JARs no necesarios durante la exploración puede dar lugar a una mejora de tiempo significativa en el arranque y compilación de JSP .
18-May-2021 00:26:38.088 INFORMACIÓN [main] org.apache.catalina.startup.HostConfig.deployDirectory Deployment of web application directory [/var/home/lab/alum0/03/84/036/WebCom/PROYECTO/apache-tomcat-9.0.44/webapps/bookshop] has finished in [356] ms
18-May-2021 00:26:38.088 INFORMACIÓN [main] org.apache.catalina.startup.HostConfig.deployDirectory Desplegando el directorio [/var/home/lab/alum0/03/84/036/WebCom/PROYECTO/apache-tomcat-9.0.44/webapps/docs] de la aplicación web
18-May-2021 00:26:38.108 INFORMACIÓN [main] org.apache.catalina.startup.HostConfig.deployDirectory Deployment of web application directory [/var/home/lab/alum0/03/84/036/WebCom/PROYECTO/apache-tomcat-9.0.44/webapps/docs] has finished in [19] ms
18-May-2021 00:26:38.108 INFORMACIÓN [main] org.apache.catalina.startup.HostConfig.deployDirectory Desplegando el directorio [/var/home/lab/alum0/03/84/036/WebCom/PROYECTO/apache-tomcat-9.0.44/webapps/examples] de la aplicación web
18-May-2021 00:26:38.604 INFORMACIÓN [main] org.apache.catalina.startup.HostConfig.deployDirectory Deployment of web application directory [/var/home/lab/alum0/03/84/036/WebCom/PROYECTO/apache-tomcat-9.0.44/webapps/examples] has finished in [496] ms
18-May-2021 00:26:38.604 INFORMACIÓN [main] org.apache.catalina.startup.HostConfig.deployDirectory Desplegando el directorio [/var/home/lab/alum0/03/84/036/WebCom/PROYECTO/apache-tomcat-9.0.44/webapps/holamundo] de la aplicación web
18-May-2021 00:26:38.636 INFORMACIÓN [main] org.apache.catalina.startup.HostConfig.deployDirectory Deployment of web application directory [/var/home/lab/alum0/03/84/036/WebCom/PROYECTO/apache-tomcat-9.0.44/webapps/holamundo] has finished in [32] ms
18-May-2021 00:26:38.636 INFORMACIÓN [main] org.apache.catalina.startup.HostConfig.deployDirectory Desplegando el directorio [/var/home/lab/alum0/03/84/036/WebCom/PROYECTO/apache-tomcat-9.0.44/webapps/host-manager] de la aplicación web
18-May-2021 00:26:38.673 INFORMACIÓN [main] org.apache.catalina.startup.HostConfig.deployDirectory Deployment of web application directory [/var/home/lab/alum0/03/84/036/WebCom/PROYECTO/apache-tomcat-9.0.44/webapps/host-manager] has finished in [37] ms
18-May-2021 00:26:38.673 INFORMACIÓN [main] org.apache.catalina.startup.HostConfig.deployDirectory Desplegando el directorio [/var/home/lab/alum0/03/84/036/WebCom/PROYECTO/apache-tomcat-9.0.44/webapps/manager] de la aplicación web
18-May-2021 00:26:38.707 INFORMACIÓN [main] org.apache.catalina.startup.HostConfig.deployDirectory Deployment of web application directory [/var/home/lab/alum0/03/84/036/WebCom/PROYECTO/apache-tomcat-9.0.44/webapps/manager] has finished in [34] ms
18-May-2021 00:26:38.708 INFORMACIÓN [main] org.apache.catalina.startup.HostConfig.deployDirectory Desplegando el directorio [/var/home/lab/alum0/03/84/036/WebCom/PROYECTO/apache-tomcat-9.0.44/webapps/proyecto] de la aplicación web
18-May-2021 00:26:38.950 ADVERTENCIA [main] org.apache.tomcat.dbcp.dbcp2.BasicDataSourceFactory.getObjectInstance Name = Twitter Property maxActive is not used in DBCP2, use maxTotal instead. maxTotal default value is 8. You have set value of "8" for "maxActive" property, which is being ignored.
18-May-2021 00:26:38.960 INFORMACIÓN [main] org.apache.jasper.servlet.TldScanner.scanJars Al menos un JAR, que se ha explorado buscando TLDs, aún no contenía TLDs. Activar historial de depuración para este historiador para una completa lista de los JARs que fueron explorados y de los que nos se halló TLDs. Saltarse JARs no necesarios durante la exploración puede dar lugar a una mejora de tiempo significativa en el arranque y compilación de JSP .
18-May-2021 00:26:38.979 INFORMACIÓN [main] org.apache.catalina.startup.HostConfig.deployDirectory Deployment of web application directory [/var/home/lab/alum0/03/84/036/WebCom/PROYECTO/apache-tomcat-9.0.44/webapps/proyecto] has finished in [272] ms
18-May-2021 00:26:38.983 INFORMACIÓN [main] org.apache.coyote.AbstractProtocol.start Starting ProtocolHandler ["http-nio-8080"]
18-May-2021 00:26:38.989 INFORMACIÓN [main] org.apache.catalina.startup.Catalina.start Server startup in [1568] milliseconds
18-May-2021 00:51:44.201 INFORMACIÓN [main] org.apache.catalina.startup.VersionLoggerListener.log Nombre de la versión del servidor: Apache Tomcat/9.0.44
18-May-2021 00:51:44.203 INFORMACIÓN [main] org.apache.catalina.startup.VersionLoggerListener.log Server built:                      Mar 4 2021 21:49:34 UTC
18-May-2021 00:51:44.203 INFORMACIÓN [main] org.apache.catalina.startup.VersionLoggerListener.log Número de versión de servidor:     9.0.44.0
18-May-2021 00:51:44.203 INFORMACIÓN [main] org.apache.catalina.startup.VersionLoggerListener.log OS Name:                           Linux
18-May-2021 00:51:44.204 INFORMACIÓN [main] org.apache.catalina.startup.VersionLoggerListener.log Versión de Systema Operativo:      5.2.0
18-May-2021 00:51:44.204 INFORMACIÓN [main] org.apache.catalina.startup.VersionLoggerListener.log Arquitectura:                      amd64
18-May-2021 00:51:44.204 INFORMACIÓN [main] org.apache.catalina.startup.VersionLoggerListener.log Java Home:                         /usr/lib/jvm/oracle-java8-jdk-amd64/jre
18-May-2021 00:51:44.204 INFORMACIÓN [main] org.apache.catalina.startup.VersionLoggerListener.log JVM Version:                       1.8.0_141-b15
18-May-2021 00:51:44.204 INFORMACIÓN [main] org.apache.catalina.startup.VersionLoggerListener.log Vededor JVM:                       Oracle Corporation
18-May-2021 00:51:44.204 INFORMACIÓN [main] org.apache.catalina.startup.VersionLoggerListener.log CATALINA_BASE:                     /var/home/lab/alum0/03/84/036/WebCom/PROYECTO/apache-tomcat-9.0.44
18-May-2021 00:51:44.204 INFORMACIÓN [main] org.apache.catalina.startup.VersionLoggerListener.log CATALINA_HOME:                     /var/home/lab/alum0/03/84/036/WebCom/PROYECTO/apache-tomcat-9.0.44
18-May-2021 00:51:44.205 INFORMACIÓN [main] org.apache.catalina.startup.VersionLoggerListener.log Command line argument:             -Djava.util.logging.config.file=/usr/lab/alum/0384036/WebCom/PROYECTO/apache-tomcat-9.0.44/conf/logging.properties
18-May-2021 00:51:44.205 INFORMACIÓN [main] org.apache.catalina.startup.VersionLoggerListener.log Command line argument:             -Djava.util.logging.manager=org.apache.juli.ClassLoaderLogManager
18-May-2021 00:51:44.205 INFORMACIÓN [main] org.apache.catalina.startup.VersionLoggerListener.log Command line argument:             -Djdk.tls.ephemeralDHKeySize=2048
18-May-2021 00:51:44.205 INFORMACIÓN [main] org.apache.catalina.startup.VersionLoggerListener.log Command line argument:             -Djava.protocol.handler.pkgs=org.apache.catalina.webresources
18-May-2021 00:51:44.205 INFORMACIÓN [main] org.apache.catalina.startup.VersionLoggerListener.log Command line argument:             -Dorg.apache.catalina.security.SecurityListener.UMASK=0027
18-May-2021 00:51:44.206 INFORMACIÓN [main] org.apache.catalina.startup.VersionLoggerListener.log Command line argument:             -Dignore.endorsed.dirs=
18-May-2021 00:51:44.206 INFORMACIÓN [main] org.apache.catalina.startup.VersionLoggerListener.log Command line argument:             -Dcatalina.base=/usr/lab/alum/0384036/WebCom/PROYECTO/apache-tomcat-9.0.44
18-May-2021 00:51:44.206 INFORMACIÓN [main] org.apache.catalina.startup.VersionLoggerListener.log Command line argument:             -Dcatalina.home=/usr/lab/alum/0384036/WebCom/PROYECTO/apache-tomcat-9.0.44
18-May-2021 00:51:44.206 INFORMACIÓN [main] org.apache.catalina.startup.VersionLoggerListener.log Command line argument:             -Djava.io.tmpdir=/usr/lab/alum/0384036/WebCom/PROYECTO/apache-tomcat-9.0.44/temp
18-May-2021 00:51:44.209 INFORMACIÓN [main] org.apache.catalina.core.AprLifecycleListener.lifecycleEvent La biblioteca nativa de Apache Tomcat basada en ARP que permite un rendimiento óptimo en entornos de desarrollo no ha sido hallada en java.library.path: [/usr/java/packages/lib/amd64:/usr/lib64:/lib64:/lib:/usr/lib]
18-May-2021 00:51:44.589 INFORMACIÓN [main] org.apache.coyote.AbstractProtocol.init Inicializando el manejador de protocolo ["http-nio-8080"]

18-May-2021 00:51:44.622 INFORMACIÓN [main] org.apache.catalina.startup.Catalina.load Server initialization in [808] milliseconds
18-May-2021 00:51:44.660 INFORMACIÓN [main] org.apache.catalina.core.StandardService.startInternal Arrancando servicio [Catalina]
18-May-2021 00:51:44.660 INFORMACIÓN [main] org.apache.catalina.core.StandardEngine.startInternal Starting Servlet engine: [Apache Tomcat/9.0.44]
18-May-2021 00:51:44.678 INFORMACIÓN [main] org.apache.catalina.startup.HostConfig.deployDirectory Desplegando el directorio [/var/home/lab/alum0/03/84/036/WebCom/PROYECTO/apache-tomcat-9.0.44/webapps/ROOT] de la aplicación web
18-May-2021 00:51:44.998 INFORMACIÓN [main] org.apache.catalina.startup.HostConfig.deployDirectory Deployment of web application directory [/var/home/lab/alum0/03/84/036/WebCom/PROYECTO/apache-tomcat-9.0.44/webapps/ROOT] has finished in [319] ms
18-May-2021 00:51:45.000 INFORMACIÓN [main] org.apache.catalina.startup.HostConfig.deployDirectory Desplegando el directorio [/var/home/lab/alum0/03/84/036/WebCom/PROYECTO/apache-tomcat-9.0.44/webapps/bookshop] de la aplicación web
18-May-2021 00:51:45.438 ADVERTENCIA [main] org.apache.tomcat.dbcp.dbcp2.BasicDataSourceFactory.getObjectInstance Name = BookShop Property maxActive is not used in DBCP2, use maxTotal instead. maxTotal default value is 8. You have set value of "8" for "maxActive" property, which is being ignored.
18-May-2021 00:51:45.478 INFORMACIÓN [main] org.apache.jasper.servlet.TldScanner.scanJars Al menos un JAR, que se ha explorado buscando TLDs, aún no contenía TLDs. Activar historial de depuración para este historiador para una completa lista de los JARs que fueron explorados y de los que nos se halló TLDs. Saltarse JARs no necesarios durante la exploración puede dar lugar a una mejora de tiempo significativa en el arranque y compilación de JSP .
18-May-2021 00:51:45.485 INFORMACIÓN [main] org.apache.catalina.startup.HostConfig.deployDirectory Deployment of web application directory [/var/home/lab/alum0/03/84/036/WebCom/PROYECTO/apache-tomcat-9.0.44/webapps/bookshop] has finished in [485] ms
18-May-2021 00:51:45.486 INFORMACIÓN [main] org.apache.catalina.startup.HostConfig.deployDirectory Desplegando el directorio [/var/home/lab/alum0/03/84/036/WebCom/PROYECTO/apache-tomcat-9.0.44/webapps/docs] de la aplicación web
18-May-2021 00:51:45.513 INFORMACIÓN [main] org.apache.catalina.startup.HostConfig.deployDirectory Deployment of web application directory [/var/home/lab/alum0/03/84/036/WebCom/PROYECTO/apache-tomcat-9.0.44/webapps/docs] has finished in [27] ms
18-May-2021 00:51:45.514 INFORMACIÓN [main] org.apache.catalina.startup.HostConfig.deployDirectory Desplegando el directorio [/var/home/lab/alum0/03/84/036/WebCom/PROYECTO/apache-tomcat-9.0.44/webapps/examples] de la aplicación web
18-May-2021 00:51:46.221 INFORMACIÓN [main] org.apache.catalina.startup.HostConfig.deployDirectory Deployment of web application directory [/var/home/lab/alum0/03/84/036/WebCom/PROYECTO/apache-tomcat-9.0.44/webapps/examples] has finished in [707] ms
18-May-2021 00:51:46.222 INFORMACIÓN [main] org.apache.catalina.startup.HostConfig.deployDirectory Desplegando el directorio [/var/home/lab/alum0/03/84/036/WebCom/PROYECTO/apache-tomcat-9.0.44/webapps/holamundo] de la aplicación web
18-May-2021 00:51:46.262 INFORMACIÓN [main] org.apache.catalina.startup.HostConfig.deployDirectory Deployment of web application directory [/var/home/lab/alum0/03/84/036/WebCom/PROYECTO/apache-tomcat-9.0.44/webapps/holamundo] has finished in [40] ms
18-May-2021 00:51:46.263 INFORMACIÓN [main] org.apache.catalina.startup.HostConfig.deployDirectory Desplegando el directorio [/var/home/lab/alum0/03/84/036/WebCom/PROYECTO/apache-tomcat-9.0.44/webapps/host-manager] de la aplicación web
18-May-2021 00:51:46.303 INFORMACIÓN [main] org.apache.catalina.startup.HostConfig.deployDirectory Deployment of web application directory [/var/home/lab/alum0/03/84/036/WebCom/PROYECTO/apache-tomcat-9.0.44/webapps/host-manager] has finished in [39] ms
18-May-2021 00:51:46.303 INFORMACIÓN [main] org.apache.catalina.startup.HostConfig.deployDirectory Desplegando el directorio [/var/home/lab/alum0/03/84/036/WebCom/PROYECTO/apache-tomcat-9.0.44/webapps/manager] de la aplicación web
18-May-2021 00:51:46.340 INFORMACIÓN [main] org.apache.catalina.startup.HostConfig.deployDirectory Deployment of web application directory [/var/home/lab/alum0/03/84/036/WebCom/PROYECTO/apache-tomcat-9.0.44/webapps/manager] has finished in [37] ms
18-May-2021 00:51:46.341 INFORMACIÓN [main] org.apache.catalina.startup.HostConfig.deployDirectory Desplegando el directorio [/var/home/lab/alum0/03/84/036/WebCom/PROYECTO/apache-tomcat-9.0.44/webapps/proyecto] de la aplicación web
18-May-2021 00:51:46.653 ADVERTENCIA [main] org.apache.tomcat.dbcp.dbcp2.BasicDataSourceFactory.getObjectInstance Name = Twitter Property maxActive is not used in DBCP2, use maxTotal instead. maxTotal default value is 8. You have set value of "8" for "maxActive" property, which is being ignored.
18-May-2021 00:51:46.673 INFORMACIÓN [main] org.apache.jasper.servlet.TldScanner.scanJars Al menos un JAR, que se ha explorado buscando TLDs, aún no contenía TLDs. Activar historial de depuración para este historiador para una completa lista de los JARs que fueron explorados y de los que nos se halló TLDs. Saltarse JARs no necesarios durante la exploración puede dar lugar a una mejora de tiempo significativa en el arranque y compilación de JSP .
18-May-2021 00:51:46.678 INFORMACIÓN [main] org.apache.catalina.startup.HostConfig.deployDirectory Deployment of web application directory [/var/home/lab/alum0/03/84/036/WebCom/PROYECTO/apache-tomcat-9.0.44/webapps/proyecto] has finished in [336] ms
18-May-2021 00:51:46.683 INFORMACIÓN [main] org.apache.coyote.AbstractProtocol.start Starting ProtocolHandler ["http-nio-8080"]
18-May-2021 00:51:46.692 INFORMACIÓN [main] org.apache.catalina.startup.Catalina.start Server startup in [2069] milliseconds
