16-May-2021 06:56:25.230 INFORMACIÓN [Thread-4] org.apache.coyote.AbstractProtocol.pause Pausing ProtocolHandler ["http-nio-8080"]
16-May-2021 06:56:25.286 INFORMACIÓN [Thread-4] org.apache.catalina.core.StandardService.stopInternal Parando servicio [Catalina]
16-May-2021 06:56:25.341 ADVERTENCIA [Thread-4] org.apache.catalina.loader.WebappClassLoaderBase.clearReferencesThreads The web application [bookshop] appears to have started a thread named [mysql-cj-abandoned-connection-cleanup] but has failed to stop it. This is very likely to create a memory leak. Stack trace of thread:
 java.net.URI$Parser.at(URI.java:2882)
 java.net.URI$Parser.parse(URI.java:3044)
 java.net.URI.<init>(URI.java:673)
 java.net.URI.<init>(URI.java:774)
 java.io.File.toURI(File.java:735)
 org.apache.catalina.webresources.FileResource.getURL(FileResource.java:261)
 org.apache.catalina.webresources.CachedResource.getURL(CachedResource.java:363)
 org.apache.catalina.loader.WebappClassLoaderBase.findResource(WebappClassLoaderBase.java:939)
 org.apache.catalina.loader.WebappClassLoaderBase.getResource(WebappClassLoaderBase.java:1056)
 com.mysql.cj.jdbc.AbandonedConnectionCleanupThread.checkThreadContextClassLoader(AbandonedConnectionCleanupThread.java:123)
 com.mysql.cj.jdbc.AbandonedConnectionCleanupThread.run(AbandonedConnectionCleanupThread.java:90)
 java.util.concurrent.ThreadPoolExecutor.runWorker(ThreadPoolExecutor.java:1149)
 java.util.concurrent.ThreadPoolExecutor$Worker.run(ThreadPoolExecutor.java:624)
 java.lang.Thread.run(Thread.java:748)
16-May-2021 06:56:25.400 ADVERTENCIA [Thread-4] org.apache.catalina.loader.WebappClassLoaderBase.clearReferencesJdbc La aplicación web [proyecto] registró el conductor JDBC [com.mysql.cj.jdbc.Driver] pero falló al anular el registro mientras la aplicación web estaba parada. Para prevenir un fallo de memoria, se ha anulado el registro del conductor JDBC por la fuerza.
16-May-2021 06:56:25.400 ADVERTENCIA [Thread-4] org.apache.catalina.loader.WebappClassLoaderBase.clearReferencesThreads The web application [proyecto] appears to have started a thread named [mysql-cj-abandoned-connection-cleanup] but has failed to stop it. This is very likely to create a memory leak. Stack trace of thread:
 java.lang.Object.wait(Native Method)
 java.lang.ref.ReferenceQueue.remove(ReferenceQueue.java:143)
 com.mysql.cj.jdbc.AbandonedConnectionCleanupThread.run(AbandonedConnectionCleanupThread.java:91)
 java.util.concurrent.ThreadPoolExecutor.runWorker(ThreadPoolExecutor.java:1149)
 java.util.concurrent.ThreadPoolExecutor$Worker.run(ThreadPoolExecutor.java:624)
 java.lang.Thread.run(Thread.java:748)
16-May-2021 06:56:25.408 INFORMACIÓN [Thread-4] org.apache.coyote.AbstractProtocol.stop Stopping ProtocolHandler ["http-nio-8080"]
16-May-2021 06:56:25.439 INFORMACIÓN [Thread-4] org.apache.coyote.AbstractProtocol.destroy Destroying ProtocolHandler ["http-nio-8080"]
