04-May-2021 17:28:02.955 INFORMACIÓN [main] org.apache.catalina.startup.VersionLoggerListener.log Nombre de la versión del servidor: Apache Tomcat/9.0.44
04-May-2021 17:28:02.961 INFORMACIÓN [main] org.apache.catalina.startup.VersionLoggerListener.log Server built:                      Mar 4 2021 21:49:34 UTC
04-May-2021 17:28:02.962 INFORMACIÓN [main] org.apache.catalina.startup.VersionLoggerListener.log Número de versión de servidor:     9.0.44.0
04-May-2021 17:28:02.962 INFORMACIÓN [main] org.apache.catalina.startup.VersionLoggerListener.log OS Name:                           Linux
04-May-2021 17:28:02.962 INFORMACIÓN [main] org.apache.catalina.startup.VersionLoggerListener.log Versión de Systema Operativo:      5.2.0
04-May-2021 17:28:02.962 INFORMACIÓN [main] org.apache.catalina.startup.VersionLoggerListener.log Arquitectura:                      amd64
04-May-2021 17:28:02.962 INFORMACIÓN [main] org.apache.catalina.startup.VersionLoggerListener.log Java Home:                         /usr/lib/jvm/oracle-java8-jdk-amd64/jre
04-May-2021 17:28:02.962 INFORMACIÓN [main] org.apache.catalina.startup.VersionLoggerListener.log JVM Version:                       1.8.0_141-b15
04-May-2021 17:28:02.962 INFORMACIÓN [main] org.apache.catalina.startup.VersionLoggerListener.log Vededor JVM:                       Oracle Corporation
04-May-2021 17:28:02.962 INFORMACIÓN [main] org.apache.catalina.startup.VersionLoggerListener.log CATALINA_BASE:                     /var/home/lab/alum0/03/84/121/computacion_web/repositorio/WebCom/PROYECTO/apache-tomcat-9.0.44
04-May-2021 17:28:02.962 INFORMACIÓN [main] org.apache.catalina.startup.VersionLoggerListener.log CATALINA_HOME:                     /var/home/lab/alum0/03/84/121/computacion_web/repositorio/WebCom/PROYECTO/apache-tomcat-9.0.44
04-May-2021 17:28:03.010 INFORMACIÓN [main] org.apache.catalina.startup.VersionLoggerListener.log Command line argument:             -Djava.util.logging.config.file=/usr/lab/alum/0384121/computacion_web/repositorio/WebCom/PROYECTO/apache-tomcat-9.0.44/conf/logging.properties
04-May-2021 17:28:03.010 INFORMACIÓN [main] org.apache.catalina.startup.VersionLoggerListener.log Command line argument:             -Djava.util.logging.manager=org.apache.juli.ClassLoaderLogManager
04-May-2021 17:28:03.010 INFORMACIÓN [main] org.apache.catalina.startup.VersionLoggerListener.log Command line argument:             -Djdk.tls.ephemeralDHKeySize=2048
04-May-2021 17:28:03.011 INFORMACIÓN [main] org.apache.catalina.startup.VersionLoggerListener.log Command line argument:             -Djava.protocol.handler.pkgs=org.apache.catalina.webresources
04-May-2021 17:28:03.011 INFORMACIÓN [main] org.apache.catalina.startup.VersionLoggerListener.log Command line argument:             -Dorg.apache.catalina.security.SecurityListener.UMASK=0027
04-May-2021 17:28:03.011 INFORMACIÓN [main] org.apache.catalina.startup.VersionLoggerListener.log Command line argument:             -Dignore.endorsed.dirs=
04-May-2021 17:28:03.011 INFORMACIÓN [main] org.apache.catalina.startup.VersionLoggerListener.log Command line argument:             -Dcatalina.base=/usr/lab/alum/0384121/computacion_web/repositorio/WebCom/PROYECTO/apache-tomcat-9.0.44
04-May-2021 17:28:03.012 INFORMACIÓN [main] org.apache.catalina.startup.VersionLoggerListener.log Command line argument:             -Dcatalina.home=/usr/lab/alum/0384121/computacion_web/repositorio/WebCom/PROYECTO/apache-tomcat-9.0.44
04-May-2021 17:28:03.012 INFORMACIÓN [main] org.apache.catalina.startup.VersionLoggerListener.log Command line argument:             -Djava.io.tmpdir=/usr/lab/alum/0384121/computacion_web/repositorio/WebCom/PROYECTO/apache-tomcat-9.0.44/temp
04-May-2021 17:28:03.024 INFORMACIÓN [main] org.apache.catalina.core.AprLifecycleListener.lifecycleEvent La biblioteca nativa de Apache Tomcat basada en ARP que permite un rendimiento óptimo en entornos de desarrollo no ha sido hallada en java.library.path: [/usr/java/packages/lib/amd64:/usr/lib64:/lib64:/lib:/usr/lib]
04-May-2021 17:28:04.476 INFORMACIÓN [main] org.apache.coyote.AbstractProtocol.init Inicializando el manejador de protocolo ["http-nio-8080"]

04-May-2021 17:28:04.569 INFORMACIÓN [main] org.apache.catalina.startup.Catalina.load Server initialization in [2115] milliseconds
04-May-2021 17:28:04.653 INFORMACIÓN [main] org.apache.catalina.core.StandardService.startInternal Arrancando servicio [Catalina]
04-May-2021 17:28:04.653 INFORMACIÓN [main] org.apache.catalina.core.StandardEngine.startInternal Starting Servlet engine: [Apache Tomcat/9.0.44]
04-May-2021 17:28:04.671 INFORMACIÓN [main] org.apache.catalina.startup.HostConfig.deployDirectory Desplegando el directorio [/var/home/lab/alum0/03/84/121/computacion_web/repositorio/WebCom/PROYECTO/apache-tomcat-9.0.44/webapps/proyecto] de la aplicación web
04-May-2021 17:28:05.655 ADVERTENCIA [main] org.apache.tomcat.dbcp.dbcp2.BasicDataSourceFactory.getObjectInstance Name = Twitter Property maxActive is not used in DBCP2, use maxTotal instead. maxTotal default value is 8. You have set value of "8" for "maxActive" property, which is being ignored.
04-May-2021 17:28:05.732 INFORMACIÓN [main] org.apache.jasper.servlet.TldScanner.scanJars Al menos un JAR, que se ha explorado buscando TLDs, aún no contenía TLDs. Activar historial de depuración para este historiador para una completa lista de los JARs que fueron explorados y de los que nos se halló TLDs. Saltarse JARs no necesarios durante la exploración puede dar lugar a una mejora de tiempo significativa en el arranque y compilación de JSP .
04-May-2021 17:28:05.963 INFORMACIÓN [main] org.apache.catalina.startup.HostConfig.deployDirectory Deployment of web application directory [/var/home/lab/alum0/03/84/121/computacion_web/repositorio/WebCom/PROYECTO/apache-tomcat-9.0.44/webapps/proyecto] has finished in [1.291] ms
04-May-2021 17:28:05.965 INFORMACIÓN [main] org.apache.catalina.startup.HostConfig.deployDirectory Desplegando el directorio [/var/home/lab/alum0/03/84/121/computacion_web/repositorio/WebCom/PROYECTO/apache-tomcat-9.0.44/webapps/bookshop] de la aplicación web
04-May-2021 17:28:06.437 ADVERTENCIA [main] org.apache.tomcat.dbcp.dbcp2.BasicDataSourceFactory.getObjectInstance Name = BookShop Property maxActive is not used in DBCP2, use maxTotal instead. maxTotal default value is 8. You have set value of "8" for "maxActive" property, which is being ignored.
04-May-2021 17:28:06.449 INFORMACIÓN [main] org.apache.jasper.servlet.TldScanner.scanJars Al menos un JAR, que se ha explorado buscando TLDs, aún no contenía TLDs. Activar historial de depuración para este historiador para una completa lista de los JARs que fueron explorados y de los que nos se halló TLDs. Saltarse JARs no necesarios durante la exploración puede dar lugar a una mejora de tiempo significativa en el arranque y compilación de JSP .
04-May-2021 17:28:06.454 INFORMACIÓN [main] org.apache.catalina.startup.HostConfig.deployDirectory Deployment of web application directory [/var/home/lab/alum0/03/84/121/computacion_web/repositorio/WebCom/PROYECTO/apache-tomcat-9.0.44/webapps/bookshop] has finished in [490] ms
04-May-2021 17:28:06.455 INFORMACIÓN [main] org.apache.catalina.startup.HostConfig.deployDirectory Desplegando el directorio [/var/home/lab/alum0/03/84/121/computacion_web/repositorio/WebCom/PROYECTO/apache-tomcat-9.0.44/webapps/docs] de la aplicación web
04-May-2021 17:28:06.510 INFORMACIÓN [main] org.apache.catalina.startup.HostConfig.deployDirectory Deployment of web application directory [/var/home/lab/alum0/03/84/121/computacion_web/repositorio/WebCom/PROYECTO/apache-tomcat-9.0.44/webapps/docs] has finished in [55] ms
04-May-2021 17:28:06.511 INFORMACIÓN [main] org.apache.catalina.startup.HostConfig.deployDirectory Desplegando el directorio [/var/home/lab/alum0/03/84/121/computacion_web/repositorio/WebCom/PROYECTO/apache-tomcat-9.0.44/webapps/examples] de la aplicación web
04-May-2021 17:28:08.035 INFORMACIÓN [main] org.apache.catalina.startup.HostConfig.deployDirectory Deployment of web application directory [/var/home/lab/alum0/03/84/121/computacion_web/repositorio/WebCom/PROYECTO/apache-tomcat-9.0.44/webapps/examples] has finished in [1.524] ms
04-May-2021 17:28:08.036 INFORMACIÓN [main] org.apache.catalina.startup.HostConfig.deployDirectory Desplegando el directorio [/var/home/lab/alum0/03/84/121/computacion_web/repositorio/WebCom/PROYECTO/apache-tomcat-9.0.44/webapps/holamundo] de la aplicación web
04-May-2021 17:28:08.099 INFORMACIÓN [main] org.apache.catalina.startup.HostConfig.deployDirectory Deployment of web application directory [/var/home/lab/alum0/03/84/121/computacion_web/repositorio/WebCom/PROYECTO/apache-tomcat-9.0.44/webapps/holamundo] has finished in [63] ms
04-May-2021 17:28:08.101 INFORMACIÓN [main] org.apache.catalina.startup.HostConfig.deployDirectory Desplegando el directorio [/var/home/lab/alum0/03/84/121/computacion_web/repositorio/WebCom/PROYECTO/apache-tomcat-9.0.44/webapps/host-manager] de la aplicación web
04-May-2021 17:28:08.208 INFORMACIÓN [main] org.apache.catalina.startup.HostConfig.deployDirectory Deployment of web application directory [/var/home/lab/alum0/03/84/121/computacion_web/repositorio/WebCom/PROYECTO/apache-tomcat-9.0.44/webapps/host-manager] has finished in [106] ms
04-May-2021 17:28:08.209 INFORMACIÓN [main] org.apache.catalina.startup.HostConfig.deployDirectory Desplegando el directorio [/var/home/lab/alum0/03/84/121/computacion_web/repositorio/WebCom/PROYECTO/apache-tomcat-9.0.44/webapps/manager] de la aplicación web
04-May-2021 17:28:08.280 INFORMACIÓN [main] org.apache.catalina.startup.HostConfig.deployDirectory Deployment of web application directory [/var/home/lab/alum0/03/84/121/computacion_web/repositorio/WebCom/PROYECTO/apache-tomcat-9.0.44/webapps/manager] has finished in [71] ms
04-May-2021 17:28:08.281 INFORMACIÓN [main] org.apache.catalina.startup.HostConfig.deployDirectory Desplegando el directorio [/var/home/lab/alum0/03/84/121/computacion_web/repositorio/WebCom/PROYECTO/apache-tomcat-9.0.44/webapps/ROOT] de la aplicación web
04-May-2021 17:28:08.348 INFORMACIÓN [main] org.apache.catalina.startup.HostConfig.deployDirectory Deployment of web application directory [/var/home/lab/alum0/03/84/121/computacion_web/repositorio/WebCom/PROYECTO/apache-tomcat-9.0.44/webapps/ROOT] has finished in [66] ms
04-May-2021 17:28:08.353 INFORMACIÓN [main] org.apache.coyote.AbstractProtocol.start Starting ProtocolHandler ["http-nio-8080"]
04-May-2021 17:28:08.361 INFORMACIÓN [main] org.apache.catalina.startup.Catalina.start Server startup in [3791] milliseconds
04-May-2021 18:01:47.944 INFORMACIÓN [main] org.apache.catalina.core.StandardServer.await Se ha recibido un comando de apagado a través del puerto de apagado. Parando la instancia del Servidor.
04-May-2021 18:01:47.945 INFORMACIÓN [main] org.apache.coyote.AbstractProtocol.pause Pausing ProtocolHandler ["http-nio-8080"]
04-May-2021 18:01:47.952 INFORMACIÓN [main] org.apache.catalina.core.StandardService.stopInternal Parando servicio [Catalina]
04-May-2021 18:01:48.029 ADVERTENCIA [main] org.apache.catalina.loader.WebappClassLoaderBase.clearReferencesThreads The web application [bookshop] appears to have started a thread named [mysql-cj-abandoned-connection-cleanup] but has failed to stop it. This is very likely to create a memory leak. Stack trace of thread:
 java.io.UnixFileSystem.getBooleanAttributes0(Native Method)
 java.io.UnixFileSystem.getBooleanAttributes(UnixFileSystem.java:242)
 java.io.File.exists(File.java:819)
 org.apache.catalina.webresources.FileResource.exists(FileResource.java:100)
 org.apache.catalina.webresources.StandardRoot.getResourceInternal(StandardRoot.java:282)
 org.apache.catalina.webresources.CachedResource.validateResource(CachedResource.java:105)
 org.apache.catalina.webresources.Cache.getResource(Cache.java:87)
 org.apache.catalina.webresources.StandardRoot.getResource(StandardRoot.java:216)
 org.apache.catalina.webresources.StandardRoot.getClassLoaderResource(StandardRoot.java:225)
 org.apache.catalina.loader.WebappClassLoaderBase.findResource(WebappClassLoaderBase.java:937)
 org.apache.catalina.loader.WebappClassLoaderBase.getResource(WebappClassLoaderBase.java:1056)
 com.mysql.cj.jdbc.AbandonedConnectionCleanupThread.checkThreadContextClassLoader(AbandonedConnectionCleanupThread.java:123)
 com.mysql.cj.jdbc.AbandonedConnectionCleanupThread.run(AbandonedConnectionCleanupThread.java:90)
 java.util.concurrent.ThreadPoolExecutor.runWorker(ThreadPoolExecutor.java:1149)
 java.util.concurrent.ThreadPoolExecutor$Worker.run(ThreadPoolExecutor.java:624)
 java.lang.Thread.run(Thread.java:748)
04-May-2021 18:01:48.056 ADVERTENCIA [main] org.apache.catalina.loader.WebappClassLoaderBase.clearReferencesJdbc La aplicación web [proyecto] registró el conductor JDBC [com.mysql.cj.jdbc.Driver] pero falló al anular el registro mientras la aplicación web estaba parada. Para prevenir un fallo de memoria, se ha anulado el registro del conductor JDBC por la fuerza.
04-May-2021 18:01:48.056 ADVERTENCIA [main] org.apache.catalina.loader.WebappClassLoaderBase.clearReferencesThreads The web application [proyecto] appears to have started a thread named [mysql-cj-abandoned-connection-cleanup] but has failed to stop it. This is very likely to create a memory leak. Stack trace of thread:
 java.lang.Object.wait(Native Method)
 java.lang.ref.ReferenceQueue.remove(ReferenceQueue.java:143)
 com.mysql.cj.jdbc.AbandonedConnectionCleanupThread.run(AbandonedConnectionCleanupThread.java:91)
 java.util.concurrent.ThreadPoolExecutor.runWorker(ThreadPoolExecutor.java:1149)
 java.util.concurrent.ThreadPoolExecutor$Worker.run(ThreadPoolExecutor.java:624)
 java.lang.Thread.run(Thread.java:748)
04-May-2021 18:01:48.065 INFORMACIÓN [main] org.apache.coyote.AbstractProtocol.stop Stopping ProtocolHandler ["http-nio-8080"]
04-May-2021 18:01:48.101 INFORMACIÓN [main] org.apache.coyote.AbstractProtocol.destroy Destroying ProtocolHandler ["http-nio-8080"]
04-May-2021 18:06:39.064 INFORMACIÓN [main] org.apache.catalina.startup.VersionLoggerListener.log Nombre de la versión del servidor: Apache Tomcat/9.0.44
04-May-2021 18:06:39.066 INFORMACIÓN [main] org.apache.catalina.startup.VersionLoggerListener.log Server built:                      Mar 4 2021 21:49:34 UTC
04-May-2021 18:06:39.066 INFORMACIÓN [main] org.apache.catalina.startup.VersionLoggerListener.log Número de versión de servidor:     9.0.44.0
04-May-2021 18:06:39.066 INFORMACIÓN [main] org.apache.catalina.startup.VersionLoggerListener.log OS Name:                           Linux
04-May-2021 18:06:39.066 INFORMACIÓN [main] org.apache.catalina.startup.VersionLoggerListener.log Versión de Systema Operativo:      5.2.0
04-May-2021 18:06:39.066 INFORMACIÓN [main] org.apache.catalina.startup.VersionLoggerListener.log Arquitectura:                      amd64
04-May-2021 18:06:39.066 INFORMACIÓN [main] org.apache.catalina.startup.VersionLoggerListener.log Java Home:                         /usr/lib/jvm/oracle-java8-jdk-amd64/jre
04-May-2021 18:06:39.066 INFORMACIÓN [main] org.apache.catalina.startup.VersionLoggerListener.log JVM Version:                       1.8.0_141-b15
04-May-2021 18:06:39.066 INFORMACIÓN [main] org.apache.catalina.startup.VersionLoggerListener.log Vededor JVM:                       Oracle Corporation
04-May-2021 18:06:39.066 INFORMACIÓN [main] org.apache.catalina.startup.VersionLoggerListener.log CATALINA_BASE:                     /var/home/lab/alum0/03/84/121/computacion_web/repositorio/WebCom/PROYECTO/apache-tomcat-9.0.44
04-May-2021 18:06:39.066 INFORMACIÓN [main] org.apache.catalina.startup.VersionLoggerListener.log CATALINA_HOME:                     /var/home/lab/alum0/03/84/121/computacion_web/repositorio/WebCom/PROYECTO/apache-tomcat-9.0.44
04-May-2021 18:06:39.067 INFORMACIÓN [main] org.apache.catalina.startup.VersionLoggerListener.log Command line argument:             -Djava.util.logging.config.file=/usr/lab/alum/0384121/computacion_web/repositorio/WebCom/PROYECTO/apache-tomcat-9.0.44/conf/logging.properties
04-May-2021 18:06:39.067 INFORMACIÓN [main] org.apache.catalina.startup.VersionLoggerListener.log Command line argument:             -Djava.util.logging.manager=org.apache.juli.ClassLoaderLogManager
04-May-2021 18:06:39.067 INFORMACIÓN [main] org.apache.catalina.startup.VersionLoggerListener.log Command line argument:             -Djdk.tls.ephemeralDHKeySize=2048
04-May-2021 18:06:39.067 INFORMACIÓN [main] org.apache.catalina.startup.VersionLoggerListener.log Command line argument:             -Djava.protocol.handler.pkgs=org.apache.catalina.webresources
04-May-2021 18:06:39.067 INFORMACIÓN [main] org.apache.catalina.startup.VersionLoggerListener.log Command line argument:             -Dorg.apache.catalina.security.SecurityListener.UMASK=0027
04-May-2021 18:06:39.067 INFORMACIÓN [main] org.apache.catalina.startup.VersionLoggerListener.log Command line argument:             -Dignore.endorsed.dirs=
04-May-2021 18:06:39.068 INFORMACIÓN [main] org.apache.catalina.startup.VersionLoggerListener.log Command line argument:             -Dcatalina.base=/usr/lab/alum/0384121/computacion_web/repositorio/WebCom/PROYECTO/apache-tomcat-9.0.44
04-May-2021 18:06:39.068 INFORMACIÓN [main] org.apache.catalina.startup.VersionLoggerListener.log Command line argument:             -Dcatalina.home=/usr/lab/alum/0384121/computacion_web/repositorio/WebCom/PROYECTO/apache-tomcat-9.0.44
04-May-2021 18:06:39.068 INFORMACIÓN [main] org.apache.catalina.startup.VersionLoggerListener.log Command line argument:             -Djava.io.tmpdir=/usr/lab/alum/0384121/computacion_web/repositorio/WebCom/PROYECTO/apache-tomcat-9.0.44/temp
04-May-2021 18:06:39.069 INFORMACIÓN [main] org.apache.catalina.core.AprLifecycleListener.lifecycleEvent La biblioteca nativa de Apache Tomcat basada en ARP que permite un rendimiento óptimo en entornos de desarrollo no ha sido hallada en java.library.path: [/usr/java/packages/lib/amd64:/usr/lib64:/lib64:/lib:/usr/lib]
04-May-2021 18:06:39.437 INFORMACIÓN [main] org.apache.coyote.AbstractProtocol.init Inicializando el manejador de protocolo ["http-nio-8080"]

04-May-2021 18:06:39.469 INFORMACIÓN [main] org.apache.catalina.startup.Catalina.load Server initialization in [589] milliseconds
04-May-2021 18:06:39.500 INFORMACIÓN [main] org.apache.catalina.core.StandardService.startInternal Arrancando servicio [Catalina]
04-May-2021 18:06:39.500 INFORMACIÓN [main] org.apache.catalina.core.StandardEngine.startInternal Starting Servlet engine: [Apache Tomcat/9.0.44]
04-May-2021 18:06:39.514 INFORMACIÓN [main] org.apache.catalina.startup.HostConfig.deployDirectory Desplegando el directorio [/var/home/lab/alum0/03/84/121/computacion_web/repositorio/WebCom/PROYECTO/apache-tomcat-9.0.44/webapps/proyecto] de la aplicación web
04-May-2021 18:06:40.043 ADVERTENCIA [main] org.apache.tomcat.dbcp.dbcp2.BasicDataSourceFactory.getObjectInstance Name = Twitter Property maxActive is not used in DBCP2, use maxTotal instead. maxTotal default value is 8. You have set value of "8" for "maxActive" property, which is being ignored.
04-May-2021 18:06:40.088 INFORMACIÓN [main] org.apache.jasper.servlet.TldScanner.scanJars Al menos un JAR, que se ha explorado buscando TLDs, aún no contenía TLDs. Activar historial de depuración para este historiador para una completa lista de los JARs que fueron explorados y de los que nos se halló TLDs. Saltarse JARs no necesarios durante la exploración puede dar lugar a una mejora de tiempo significativa en el arranque y compilación de JSP .
04-May-2021 18:06:40.170 INFORMACIÓN [main] org.apache.catalina.startup.HostConfig.deployDirectory Deployment of web application directory [/var/home/lab/alum0/03/84/121/computacion_web/repositorio/WebCom/PROYECTO/apache-tomcat-9.0.44/webapps/proyecto] has finished in [656] ms
04-May-2021 18:06:40.171 INFORMACIÓN [main] org.apache.catalina.startup.HostConfig.deployDirectory Desplegando el directorio [/var/home/lab/alum0/03/84/121/computacion_web/repositorio/WebCom/PROYECTO/apache-tomcat-9.0.44/webapps/bookshop] de la aplicación web
04-May-2021 18:06:40.427 ADVERTENCIA [main] org.apache.tomcat.dbcp.dbcp2.BasicDataSourceFactory.getObjectInstance Name = BookShop Property maxActive is not used in DBCP2, use maxTotal instead. maxTotal default value is 8. You have set value of "8" for "maxActive" property, which is being ignored.
04-May-2021 18:06:40.440 INFORMACIÓN [main] org.apache.jasper.servlet.TldScanner.scanJars Al menos un JAR, que se ha explorado buscando TLDs, aún no contenía TLDs. Activar historial de depuración para este historiador para una completa lista de los JARs que fueron explorados y de los que nos se halló TLDs. Saltarse JARs no necesarios durante la exploración puede dar lugar a una mejora de tiempo significativa en el arranque y compilación de JSP .
04-May-2021 18:06:40.444 INFORMACIÓN [main] org.apache.catalina.startup.HostConfig.deployDirectory Deployment of web application directory [/var/home/lab/alum0/03/84/121/computacion_web/repositorio/WebCom/PROYECTO/apache-tomcat-9.0.44/webapps/bookshop] has finished in [273] ms
04-May-2021 18:06:40.445 INFORMACIÓN [main] org.apache.catalina.startup.HostConfig.deployDirectory Desplegando el directorio [/var/home/lab/alum0/03/84/121/computacion_web/repositorio/WebCom/PROYECTO/apache-tomcat-9.0.44/webapps/docs] de la aplicación web
04-May-2021 18:06:40.468 INFORMACIÓN [main] org.apache.catalina.startup.HostConfig.deployDirectory Deployment of web application directory [/var/home/lab/alum0/03/84/121/computacion_web/repositorio/WebCom/PROYECTO/apache-tomcat-9.0.44/webapps/docs] has finished in [22] ms
04-May-2021 18:06:40.468 INFORMACIÓN [main] org.apache.catalina.startup.HostConfig.deployDirectory Desplegando el directorio [/var/home/lab/alum0/03/84/121/computacion_web/repositorio/WebCom/PROYECTO/apache-tomcat-9.0.44/webapps/examples] de la aplicación web
04-May-2021 18:06:40.925 INFORMACIÓN [main] org.apache.catalina.startup.HostConfig.deployDirectory Deployment of web application directory [/var/home/lab/alum0/03/84/121/computacion_web/repositorio/WebCom/PROYECTO/apache-tomcat-9.0.44/webapps/examples] has finished in [457] ms
04-May-2021 18:06:40.926 INFORMACIÓN [main] org.apache.catalina.startup.HostConfig.deployDirectory Desplegando el directorio [/var/home/lab/alum0/03/84/121/computacion_web/repositorio/WebCom/PROYECTO/apache-tomcat-9.0.44/webapps/holamundo] de la aplicación web
04-May-2021 18:06:40.955 INFORMACIÓN [main] org.apache.catalina.startup.HostConfig.deployDirectory Deployment of web application directory [/var/home/lab/alum0/03/84/121/computacion_web/repositorio/WebCom/PROYECTO/apache-tomcat-9.0.44/webapps/holamundo] has finished in [29] ms
04-May-2021 18:06:40.956 INFORMACIÓN [main] org.apache.catalina.startup.HostConfig.deployDirectory Desplegando el directorio [/var/home/lab/alum0/03/84/121/computacion_web/repositorio/WebCom/PROYECTO/apache-tomcat-9.0.44/webapps/host-manager] de la aplicación web
04-May-2021 18:06:40.994 INFORMACIÓN [main] org.apache.catalina.startup.HostConfig.deployDirectory Deployment of web application directory [/var/home/lab/alum0/03/84/121/computacion_web/repositorio/WebCom/PROYECTO/apache-tomcat-9.0.44/webapps/host-manager] has finished in [37] ms
04-May-2021 18:06:40.995 INFORMACIÓN [main] org.apache.catalina.startup.HostConfig.deployDirectory Desplegando el directorio [/var/home/lab/alum0/03/84/121/computacion_web/repositorio/WebCom/PROYECTO/apache-tomcat-9.0.44/webapps/manager] de la aplicación web
04-May-2021 18:06:41.030 INFORMACIÓN [main] org.apache.catalina.startup.HostConfig.deployDirectory Deployment of web application directory [/var/home/lab/alum0/03/84/121/computacion_web/repositorio/WebCom/PROYECTO/apache-tomcat-9.0.44/webapps/manager] has finished in [35] ms
04-May-2021 18:06:41.031 INFORMACIÓN [main] org.apache.catalina.startup.HostConfig.deployDirectory Desplegando el directorio [/var/home/lab/alum0/03/84/121/computacion_web/repositorio/WebCom/PROYECTO/apache-tomcat-9.0.44/webapps/ROOT] de la aplicación web
04-May-2021 18:06:41.052 INFORMACIÓN [main] org.apache.catalina.startup.HostConfig.deployDirectory Deployment of web application directory [/var/home/lab/alum0/03/84/121/computacion_web/repositorio/WebCom/PROYECTO/apache-tomcat-9.0.44/webapps/ROOT] has finished in [22] ms
04-May-2021 18:06:41.057 INFORMACIÓN [main] org.apache.coyote.AbstractProtocol.start Starting ProtocolHandler ["http-nio-8080"]
04-May-2021 18:06:41.072 INFORMACIÓN [main] org.apache.catalina.startup.Catalina.start Server startup in [1602] milliseconds
04-May-2021 18:09:21.160 INFORMACIÓN [main] org.apache.catalina.core.StandardServer.await Se ha recibido un comando de apagado a través del puerto de apagado. Parando la instancia del Servidor.
04-May-2021 18:09:21.161 INFORMACIÓN [main] org.apache.coyote.AbstractProtocol.pause Pausing ProtocolHandler ["http-nio-8080"]
04-May-2021 18:09:21.167 INFORMACIÓN [main] org.apache.catalina.core.StandardService.stopInternal Parando servicio [Catalina]
04-May-2021 18:09:21.188 ADVERTENCIA [main] org.apache.catalina.loader.WebappClassLoaderBase.clearReferencesThreads The web application [bookshop] appears to have started a thread named [mysql-cj-abandoned-connection-cleanup] but has failed to stop it. This is very likely to create a memory leak. Stack trace of thread:
 org.apache.catalina.loader.WebappClassLoaderBase.getResource(WebappClassLoaderBase.java:1058)
 com.mysql.cj.jdbc.AbandonedConnectionCleanupThread.checkThreadContextClassLoader(AbandonedConnectionCleanupThread.java:123)
 com.mysql.cj.jdbc.AbandonedConnectionCleanupThread.run(AbandonedConnectionCleanupThread.java:90)
 java.util.concurrent.ThreadPoolExecutor.runWorker(ThreadPoolExecutor.java:1149)
 java.util.concurrent.ThreadPoolExecutor$Worker.run(ThreadPoolExecutor.java:624)
 java.lang.Thread.run(Thread.java:748)
04-May-2021 18:09:21.210 ADVERTENCIA [main] org.apache.catalina.loader.WebappClassLoaderBase.clearReferencesJdbc La aplicación web [proyecto] registró el conductor JDBC [com.mysql.cj.jdbc.Driver] pero falló al anular el registro mientras la aplicación web estaba parada. Para prevenir un fallo de memoria, se ha anulado el registro del conductor JDBC por la fuerza.
04-May-2021 18:09:21.210 ADVERTENCIA [main] org.apache.catalina.loader.WebappClassLoaderBase.clearReferencesThreads The web application [proyecto] appears to have started a thread named [mysql-cj-abandoned-connection-cleanup] but has failed to stop it. This is very likely to create a memory leak. Stack trace of thread:
 java.lang.Object.wait(Native Method)
 java.lang.ref.ReferenceQueue.remove(ReferenceQueue.java:143)
 com.mysql.cj.jdbc.AbandonedConnectionCleanupThread.run(AbandonedConnectionCleanupThread.java:91)
 java.util.concurrent.ThreadPoolExecutor.runWorker(ThreadPoolExecutor.java:1149)
 java.util.concurrent.ThreadPoolExecutor$Worker.run(ThreadPoolExecutor.java:624)
 java.lang.Thread.run(Thread.java:748)
04-May-2021 18:09:21.218 INFORMACIÓN [main] org.apache.coyote.AbstractProtocol.stop Stopping ProtocolHandler ["http-nio-8080"]
04-May-2021 18:09:21.265 INFORMACIÓN [main] org.apache.coyote.AbstractProtocol.destroy Destroying ProtocolHandler ["http-nio-8080"]
04-May-2021 18:09:24.613 INFORMACIÓN [main] org.apache.catalina.startup.VersionLoggerListener.log Nombre de la versión del servidor: Apache Tomcat/9.0.44
04-May-2021 18:09:24.615 INFORMACIÓN [main] org.apache.catalina.startup.VersionLoggerListener.log Server built:                      Mar 4 2021 21:49:34 UTC
04-May-2021 18:09:24.615 INFORMACIÓN [main] org.apache.catalina.startup.VersionLoggerListener.log Número de versión de servidor:     9.0.44.0
04-May-2021 18:09:24.615 INFORMACIÓN [main] org.apache.catalina.startup.VersionLoggerListener.log OS Name:                           Linux
04-May-2021 18:09:24.615 INFORMACIÓN [main] org.apache.catalina.startup.VersionLoggerListener.log Versión de Systema Operativo:      5.2.0
04-May-2021 18:09:24.615 INFORMACIÓN [main] org.apache.catalina.startup.VersionLoggerListener.log Arquitectura:                      amd64
04-May-2021 18:09:24.615 INFORMACIÓN [main] org.apache.catalina.startup.VersionLoggerListener.log Java Home:                         /usr/lib/jvm/oracle-java8-jdk-amd64/jre
04-May-2021 18:09:24.615 INFORMACIÓN [main] org.apache.catalina.startup.VersionLoggerListener.log JVM Version:                       1.8.0_141-b15
04-May-2021 18:09:24.615 INFORMACIÓN [main] org.apache.catalina.startup.VersionLoggerListener.log Vededor JVM:                       Oracle Corporation
04-May-2021 18:09:24.615 INFORMACIÓN [main] org.apache.catalina.startup.VersionLoggerListener.log CATALINA_BASE:                     /var/home/lab/alum0/03/84/121/computacion_web/repositorio/WebCom/PROYECTO/apache-tomcat-9.0.44
04-May-2021 18:09:24.616 INFORMACIÓN [main] org.apache.catalina.startup.VersionLoggerListener.log CATALINA_HOME:                     /var/home/lab/alum0/03/84/121/computacion_web/repositorio/WebCom/PROYECTO/apache-tomcat-9.0.44
04-May-2021 18:09:24.616 INFORMACIÓN [main] org.apache.catalina.startup.VersionLoggerListener.log Command line argument:             -Djava.util.logging.config.file=/usr/lab/alum/0384121/computacion_web/repositorio/WebCom/PROYECTO/apache-tomcat-9.0.44/conf/logging.properties
04-May-2021 18:09:24.616 INFORMACIÓN [main] org.apache.catalina.startup.VersionLoggerListener.log Command line argument:             -Djava.util.logging.manager=org.apache.juli.ClassLoaderLogManager
04-May-2021 18:09:24.616 INFORMACIÓN [main] org.apache.catalina.startup.VersionLoggerListener.log Command line argument:             -Djdk.tls.ephemeralDHKeySize=2048
04-May-2021 18:09:24.616 INFORMACIÓN [main] org.apache.catalina.startup.VersionLoggerListener.log Command line argument:             -Djava.protocol.handler.pkgs=org.apache.catalina.webresources
04-May-2021 18:09:24.616 INFORMACIÓN [main] org.apache.catalina.startup.VersionLoggerListener.log Command line argument:             -Dorg.apache.catalina.security.SecurityListener.UMASK=0027
04-May-2021 18:09:24.616 INFORMACIÓN [main] org.apache.catalina.startup.VersionLoggerListener.log Command line argument:             -Dignore.endorsed.dirs=
04-May-2021 18:09:24.617 INFORMACIÓN [main] org.apache.catalina.startup.VersionLoggerListener.log Command line argument:             -Dcatalina.base=/usr/lab/alum/0384121/computacion_web/repositorio/WebCom/PROYECTO/apache-tomcat-9.0.44
04-May-2021 18:09:24.617 INFORMACIÓN [main] org.apache.catalina.startup.VersionLoggerListener.log Command line argument:             -Dcatalina.home=/usr/lab/alum/0384121/computacion_web/repositorio/WebCom/PROYECTO/apache-tomcat-9.0.44
04-May-2021 18:09:24.617 INFORMACIÓN [main] org.apache.catalina.startup.VersionLoggerListener.log Command line argument:             -Djava.io.tmpdir=/usr/lab/alum/0384121/computacion_web/repositorio/WebCom/PROYECTO/apache-tomcat-9.0.44/temp
04-May-2021 18:09:24.618 INFORMACIÓN [main] org.apache.catalina.core.AprLifecycleListener.lifecycleEvent La biblioteca nativa de Apache Tomcat basada en ARP que permite un rendimiento óptimo en entornos de desarrollo no ha sido hallada en java.library.path: [/usr/java/packages/lib/amd64:/usr/lib64:/lib64:/lib:/usr/lib]
04-May-2021 18:09:24.986 INFORMACIÓN [main] org.apache.coyote.AbstractProtocol.init Inicializando el manejador de protocolo ["http-nio-8080"]

04-May-2021 18:09:25.019 INFORMACIÓN [main] org.apache.catalina.startup.Catalina.load Server initialization in [594] milliseconds
04-May-2021 18:09:25.050 INFORMACIÓN [main] org.apache.catalina.core.StandardService.startInternal Arrancando servicio [Catalina]
04-May-2021 18:09:25.050 INFORMACIÓN [main] org.apache.catalina.core.StandardEngine.startInternal Starting Servlet engine: [Apache Tomcat/9.0.44]
04-May-2021 18:09:25.061 INFORMACIÓN [main] org.apache.catalina.startup.HostConfig.deployDirectory Desplegando el directorio [/var/home/lab/alum0/03/84/121/computacion_web/repositorio/WebCom/PROYECTO/apache-tomcat-9.0.44/webapps/proyecto] de la aplicación web
04-May-2021 18:09:25.582 ADVERTENCIA [main] org.apache.tomcat.dbcp.dbcp2.BasicDataSourceFactory.getObjectInstance Name = Twitter Property maxActive is not used in DBCP2, use maxTotal instead. maxTotal default value is 8. You have set value of "8" for "maxActive" property, which is being ignored.
04-May-2021 18:09:25.619 INFORMACIÓN [main] org.apache.jasper.servlet.TldScanner.scanJars Al menos un JAR, que se ha explorado buscando TLDs, aún no contenía TLDs. Activar historial de depuración para este historiador para una completa lista de los JARs que fueron explorados y de los que nos se halló TLDs. Saltarse JARs no necesarios durante la exploración puede dar lugar a una mejora de tiempo significativa en el arranque y compilación de JSP .
04-May-2021 18:09:25.679 INFORMACIÓN [main] org.apache.catalina.startup.HostConfig.deployDirectory Deployment of web application directory [/var/home/lab/alum0/03/84/121/computacion_web/repositorio/WebCom/PROYECTO/apache-tomcat-9.0.44/webapps/proyecto] has finished in [616] ms
04-May-2021 18:09:25.679 INFORMACIÓN [main] org.apache.catalina.startup.HostConfig.deployDirectory Desplegando el directorio [/var/home/lab/alum0/03/84/121/computacion_web/repositorio/WebCom/PROYECTO/apache-tomcat-9.0.44/webapps/bookshop] de la aplicación web
04-May-2021 18:09:25.925 ADVERTENCIA [main] org.apache.tomcat.dbcp.dbcp2.BasicDataSourceFactory.getObjectInstance Name = BookShop Property maxActive is not used in DBCP2, use maxTotal instead. maxTotal default value is 8. You have set value of "8" for "maxActive" property, which is being ignored.
04-May-2021 18:09:25.938 INFORMACIÓN [main] org.apache.jasper.servlet.TldScanner.scanJars Al menos un JAR, que se ha explorado buscando TLDs, aún no contenía TLDs. Activar historial de depuración para este historiador para una completa lista de los JARs que fueron explorados y de los que nos se halló TLDs. Saltarse JARs no necesarios durante la exploración puede dar lugar a una mejora de tiempo significativa en el arranque y compilación de JSP .
04-May-2021 18:09:25.941 INFORMACIÓN [main] org.apache.catalina.startup.HostConfig.deployDirectory Deployment of web application directory [/var/home/lab/alum0/03/84/121/computacion_web/repositorio/WebCom/PROYECTO/apache-tomcat-9.0.44/webapps/bookshop] has finished in [261] ms
04-May-2021 18:09:25.941 INFORMACIÓN [main] org.apache.catalina.startup.HostConfig.deployDirectory Desplegando el directorio [/var/home/lab/alum0/03/84/121/computacion_web/repositorio/WebCom/PROYECTO/apache-tomcat-9.0.44/webapps/docs] de la aplicación web
04-May-2021 18:09:25.959 INFORMACIÓN [main] org.apache.catalina.startup.HostConfig.deployDirectory Deployment of web application directory [/var/home/lab/alum0/03/84/121/computacion_web/repositorio/WebCom/PROYECTO/apache-tomcat-9.0.44/webapps/docs] has finished in [18] ms
04-May-2021 18:09:25.960 INFORMACIÓN [main] org.apache.catalina.startup.HostConfig.deployDirectory Desplegando el directorio [/var/home/lab/alum0/03/84/121/computacion_web/repositorio/WebCom/PROYECTO/apache-tomcat-9.0.44/webapps/examples] de la aplicación web
04-May-2021 18:09:26.434 INFORMACIÓN [main] org.apache.catalina.startup.HostConfig.deployDirectory Deployment of web application directory [/var/home/lab/alum0/03/84/121/computacion_web/repositorio/WebCom/PROYECTO/apache-tomcat-9.0.44/webapps/examples] has finished in [474] ms
04-May-2021 18:09:26.434 INFORMACIÓN [main] org.apache.catalina.startup.HostConfig.deployDirectory Desplegando el directorio [/var/home/lab/alum0/03/84/121/computacion_web/repositorio/WebCom/PROYECTO/apache-tomcat-9.0.44/webapps/holamundo] de la aplicación web
04-May-2021 18:09:26.463 INFORMACIÓN [main] org.apache.catalina.startup.HostConfig.deployDirectory Deployment of web application directory [/var/home/lab/alum0/03/84/121/computacion_web/repositorio/WebCom/PROYECTO/apache-tomcat-9.0.44/webapps/holamundo] has finished in [29] ms
04-May-2021 18:09:26.463 INFORMACIÓN [main] org.apache.catalina.startup.HostConfig.deployDirectory Desplegando el directorio [/var/home/lab/alum0/03/84/121/computacion_web/repositorio/WebCom/PROYECTO/apache-tomcat-9.0.44/webapps/host-manager] de la aplicación web
04-May-2021 18:09:26.495 INFORMACIÓN [main] org.apache.catalina.startup.HostConfig.deployDirectory Deployment of web application directory [/var/home/lab/alum0/03/84/121/computacion_web/repositorio/WebCom/PROYECTO/apache-tomcat-9.0.44/webapps/host-manager] has finished in [32] ms
04-May-2021 18:09:26.495 INFORMACIÓN [main] org.apache.catalina.startup.HostConfig.deployDirectory Desplegando el directorio [/var/home/lab/alum0/03/84/121/computacion_web/repositorio/WebCom/PROYECTO/apache-tomcat-9.0.44/webapps/manager] de la aplicación web
04-May-2021 18:09:26.525 INFORMACIÓN [main] org.apache.catalina.startup.HostConfig.deployDirectory Deployment of web application directory [/var/home/lab/alum0/03/84/121/computacion_web/repositorio/WebCom/PROYECTO/apache-tomcat-9.0.44/webapps/manager] has finished in [29] ms
04-May-2021 18:09:26.525 INFORMACIÓN [main] org.apache.catalina.startup.HostConfig.deployDirectory Desplegando el directorio [/var/home/lab/alum0/03/84/121/computacion_web/repositorio/WebCom/PROYECTO/apache-tomcat-9.0.44/webapps/ROOT] de la aplicación web
04-May-2021 18:09:26.543 INFORMACIÓN [main] org.apache.catalina.startup.HostConfig.deployDirectory Deployment of web application directory [/var/home/lab/alum0/03/84/121/computacion_web/repositorio/WebCom/PROYECTO/apache-tomcat-9.0.44/webapps/ROOT] has finished in [18] ms
04-May-2021 18:09:26.547 INFORMACIÓN [main] org.apache.coyote.AbstractProtocol.start Starting ProtocolHandler ["http-nio-8080"]
04-May-2021 18:09:26.574 INFORMACIÓN [main] org.apache.catalina.startup.Catalina.start Server startup in [1555] milliseconds
04-May-2021 18:18:02.092 INFORMACIÓN [Catalina-utility-2] org.apache.catalina.core.StandardContext.reload Ha comenzado la recarga de Contexto [/proyecto]
04-May-2021 18:18:02.343 INFORMACIÓN [Catalina-utility-2] org.apache.jasper.servlet.TldScanner.scanJars Al menos un JAR, que se ha explorado buscando TLDs, aún no contenía TLDs. Activar historial de depuración para este historiador para una completa lista de los JARs que fueron explorados y de los que nos se halló TLDs. Saltarse JARs no necesarios durante la exploración puede dar lugar a una mejora de tiempo significativa en el arranque y compilación de JSP .
04-May-2021 18:18:02.348 INFORMACIÓN [Catalina-utility-2] org.apache.catalina.core.StandardContext.reload Se ha completado la recarga de este Contexto
04-May-2021 18:18:06.479 INFORMACIÓN [main] org.apache.catalina.core.StandardServer.await Se ha recibido un comando de apagado a través del puerto de apagado. Parando la instancia del Servidor.
04-May-2021 18:18:06.479 INFORMACIÓN [main] org.apache.coyote.AbstractProtocol.pause Pausing ProtocolHandler ["http-nio-8080"]
04-May-2021 18:18:06.487 INFORMACIÓN [main] org.apache.catalina.core.StandardService.stopInternal Parando servicio [Catalina]
04-May-2021 18:18:06.523 INFORMACIÓN [main] org.apache.coyote.AbstractProtocol.stop Stopping ProtocolHandler ["http-nio-8080"]
04-May-2021 18:18:06.534 INFORMACIÓN [main] org.apache.coyote.AbstractProtocol.destroy Destroying ProtocolHandler ["http-nio-8080"]
04-May-2021 18:18:08.272 INFORMACIÓN [main] org.apache.catalina.startup.VersionLoggerListener.log Nombre de la versión del servidor: Apache Tomcat/9.0.44
04-May-2021 18:18:08.274 INFORMACIÓN [main] org.apache.catalina.startup.VersionLoggerListener.log Server built:                      Mar 4 2021 21:49:34 UTC
04-May-2021 18:18:08.274 INFORMACIÓN [main] org.apache.catalina.startup.VersionLoggerListener.log Número de versión de servidor:     9.0.44.0
04-May-2021 18:18:08.274 INFORMACIÓN [main] org.apache.catalina.startup.VersionLoggerListener.log OS Name:                           Linux
04-May-2021 18:18:08.274 INFORMACIÓN [main] org.apache.catalina.startup.VersionLoggerListener.log Versión de Systema Operativo:      5.2.0
04-May-2021 18:18:08.274 INFORMACIÓN [main] org.apache.catalina.startup.VersionLoggerListener.log Arquitectura:                      amd64
04-May-2021 18:18:08.274 INFORMACIÓN [main] org.apache.catalina.startup.VersionLoggerListener.log Java Home:                         /usr/lib/jvm/oracle-java8-jdk-amd64/jre
04-May-2021 18:18:08.274 INFORMACIÓN [main] org.apache.catalina.startup.VersionLoggerListener.log JVM Version:                       1.8.0_141-b15
04-May-2021 18:18:08.274 INFORMACIÓN [main] org.apache.catalina.startup.VersionLoggerListener.log Vededor JVM:                       Oracle Corporation
04-May-2021 18:18:08.274 INFORMACIÓN [main] org.apache.catalina.startup.VersionLoggerListener.log CATALINA_BASE:                     /var/home/lab/alum0/03/84/121/computacion_web/repositorio/WebCom/PROYECTO/apache-tomcat-9.0.44
04-May-2021 18:18:08.274 INFORMACIÓN [main] org.apache.catalina.startup.VersionLoggerListener.log CATALINA_HOME:                     /var/home/lab/alum0/03/84/121/computacion_web/repositorio/WebCom/PROYECTO/apache-tomcat-9.0.44
04-May-2021 18:18:08.275 INFORMACIÓN [main] org.apache.catalina.startup.VersionLoggerListener.log Command line argument:             -Djava.util.logging.config.file=/usr/lab/alum/0384121/computacion_web/repositorio/WebCom/PROYECTO/apache-tomcat-9.0.44/conf/logging.properties
04-May-2021 18:18:08.275 INFORMACIÓN [main] org.apache.catalina.startup.VersionLoggerListener.log Command line argument:             -Djava.util.logging.manager=org.apache.juli.ClassLoaderLogManager
04-May-2021 18:18:08.275 INFORMACIÓN [main] org.apache.catalina.startup.VersionLoggerListener.log Command line argument:             -Djdk.tls.ephemeralDHKeySize=2048
04-May-2021 18:18:08.275 INFORMACIÓN [main] org.apache.catalina.startup.VersionLoggerListener.log Command line argument:             -Djava.protocol.handler.pkgs=org.apache.catalina.webresources
04-May-2021 18:18:08.275 INFORMACIÓN [main] org.apache.catalina.startup.VersionLoggerListener.log Command line argument:             -Dorg.apache.catalina.security.SecurityListener.UMASK=0027
04-May-2021 18:18:08.275 INFORMACIÓN [main] org.apache.catalina.startup.VersionLoggerListener.log Command line argument:             -Dignore.endorsed.dirs=
04-May-2021 18:18:08.275 INFORMACIÓN [main] org.apache.catalina.startup.VersionLoggerListener.log Command line argument:             -Dcatalina.base=/usr/lab/alum/0384121/computacion_web/repositorio/WebCom/PROYECTO/apache-tomcat-9.0.44
04-May-2021 18:18:08.275 INFORMACIÓN [main] org.apache.catalina.startup.VersionLoggerListener.log Command line argument:             -Dcatalina.home=/usr/lab/alum/0384121/computacion_web/repositorio/WebCom/PROYECTO/apache-tomcat-9.0.44
04-May-2021 18:18:08.276 INFORMACIÓN [main] org.apache.catalina.startup.VersionLoggerListener.log Command line argument:             -Djava.io.tmpdir=/usr/lab/alum/0384121/computacion_web/repositorio/WebCom/PROYECTO/apache-tomcat-9.0.44/temp
04-May-2021 18:18:08.277 INFORMACIÓN [main] org.apache.catalina.core.AprLifecycleListener.lifecycleEvent La biblioteca nativa de Apache Tomcat basada en ARP que permite un rendimiento óptimo en entornos de desarrollo no ha sido hallada en java.library.path: [/usr/java/packages/lib/amd64:/usr/lib64:/lib64:/lib:/usr/lib]
04-May-2021 18:18:08.633 INFORMACIÓN [main] org.apache.coyote.AbstractProtocol.init Inicializando el manejador de protocolo ["http-nio-8080"]

04-May-2021 18:18:08.661 INFORMACIÓN [main] org.apache.catalina.startup.Catalina.load Server initialization in [573] milliseconds
04-May-2021 18:18:08.685 INFORMACIÓN [main] org.apache.catalina.core.StandardService.startInternal Arrancando servicio [Catalina]
04-May-2021 18:18:08.685 INFORMACIÓN [main] org.apache.catalina.core.StandardEngine.startInternal Starting Servlet engine: [Apache Tomcat/9.0.44]
04-May-2021 18:18:08.696 INFORMACIÓN [main] org.apache.catalina.startup.HostConfig.deployDirectory Desplegando el directorio [/var/home/lab/alum0/03/84/121/computacion_web/repositorio/WebCom/PROYECTO/apache-tomcat-9.0.44/webapps/proyecto] de la aplicación web
04-May-2021 18:18:09.175 ADVERTENCIA [main] org.apache.tomcat.dbcp.dbcp2.BasicDataSourceFactory.getObjectInstance Name = Twitter Property maxActive is not used in DBCP2, use maxTotal instead. maxTotal default value is 8. You have set value of "8" for "maxActive" property, which is being ignored.
04-May-2021 18:18:09.211 INFORMACIÓN [main] org.apache.jasper.servlet.TldScanner.scanJars Al menos un JAR, que se ha explorado buscando TLDs, aún no contenía TLDs. Activar historial de depuración para este historiador para una completa lista de los JARs que fueron explorados y de los que nos se halló TLDs. Saltarse JARs no necesarios durante la exploración puede dar lugar a una mejora de tiempo significativa en el arranque y compilación de JSP .
04-May-2021 18:18:09.263 INFORMACIÓN [main] org.apache.catalina.startup.HostConfig.deployDirectory Deployment of web application directory [/var/home/lab/alum0/03/84/121/computacion_web/repositorio/WebCom/PROYECTO/apache-tomcat-9.0.44/webapps/proyecto] has finished in [566] ms
04-May-2021 18:18:09.264 INFORMACIÓN [main] org.apache.catalina.startup.HostConfig.deployDirectory Desplegando el directorio [/var/home/lab/alum0/03/84/121/computacion_web/repositorio/WebCom/PROYECTO/apache-tomcat-9.0.44/webapps/bookshop] de la aplicación web
04-May-2021 18:18:09.517 ADVERTENCIA [main] org.apache.tomcat.dbcp.dbcp2.BasicDataSourceFactory.getObjectInstance Name = BookShop Property maxActive is not used in DBCP2, use maxTotal instead. maxTotal default value is 8. You have set value of "8" for "maxActive" property, which is being ignored.
04-May-2021 18:18:09.533 INFORMACIÓN [main] org.apache.jasper.servlet.TldScanner.scanJars Al menos un JAR, que se ha explorado buscando TLDs, aún no contenía TLDs. Activar historial de depuración para este historiador para una completa lista de los JARs que fueron explorados y de los que nos se halló TLDs. Saltarse JARs no necesarios durante la exploración puede dar lugar a una mejora de tiempo significativa en el arranque y compilación de JSP .
04-May-2021 18:18:09.537 INFORMACIÓN [main] org.apache.catalina.startup.HostConfig.deployDirectory Deployment of web application directory [/var/home/lab/alum0/03/84/121/computacion_web/repositorio/WebCom/PROYECTO/apache-tomcat-9.0.44/webapps/bookshop] has finished in [272] ms
04-May-2021 18:18:09.537 INFORMACIÓN [main] org.apache.catalina.startup.HostConfig.deployDirectory Desplegando el directorio [/var/home/lab/alum0/03/84/121/computacion_web/repositorio/WebCom/PROYECTO/apache-tomcat-9.0.44/webapps/docs] de la aplicación web
04-May-2021 18:18:09.555 INFORMACIÓN [main] org.apache.catalina.startup.HostConfig.deployDirectory Deployment of web application directory [/var/home/lab/alum0/03/84/121/computacion_web/repositorio/WebCom/PROYECTO/apache-tomcat-9.0.44/webapps/docs] has finished in [18] ms
04-May-2021 18:18:09.556 INFORMACIÓN [main] org.apache.catalina.startup.HostConfig.deployDirectory Desplegando el directorio [/var/home/lab/alum0/03/84/121/computacion_web/repositorio/WebCom/PROYECTO/apache-tomcat-9.0.44/webapps/examples] de la aplicación web
04-May-2021 18:18:10.012 INFORMACIÓN [main] org.apache.catalina.startup.HostConfig.deployDirectory Deployment of web application directory [/var/home/lab/alum0/03/84/121/computacion_web/repositorio/WebCom/PROYECTO/apache-tomcat-9.0.44/webapps/examples] has finished in [457] ms
04-May-2021 18:18:10.013 INFORMACIÓN [main] org.apache.catalina.startup.HostConfig.deployDirectory Desplegando el directorio [/var/home/lab/alum0/03/84/121/computacion_web/repositorio/WebCom/PROYECTO/apache-tomcat-9.0.44/webapps/holamundo] de la aplicación web
04-May-2021 18:18:10.046 INFORMACIÓN [main] org.apache.catalina.startup.HostConfig.deployDirectory Deployment of web application directory [/var/home/lab/alum0/03/84/121/computacion_web/repositorio/WebCom/PROYECTO/apache-tomcat-9.0.44/webapps/holamundo] has finished in [32] ms
04-May-2021 18:18:10.046 INFORMACIÓN [main] org.apache.catalina.startup.HostConfig.deployDirectory Desplegando el directorio [/var/home/lab/alum0/03/84/121/computacion_web/repositorio/WebCom/PROYECTO/apache-tomcat-9.0.44/webapps/host-manager] de la aplicación web
04-May-2021 18:18:10.082 INFORMACIÓN [main] org.apache.catalina.startup.HostConfig.deployDirectory Deployment of web application directory [/var/home/lab/alum0/03/84/121/computacion_web/repositorio/WebCom/PROYECTO/apache-tomcat-9.0.44/webapps/host-manager] has finished in [36] ms
04-May-2021 18:18:10.083 INFORMACIÓN [main] org.apache.catalina.startup.HostConfig.deployDirectory Desplegando el directorio [/var/home/lab/alum0/03/84/121/computacion_web/repositorio/WebCom/PROYECTO/apache-tomcat-9.0.44/webapps/manager] de la aplicación web
04-May-2021 18:18:10.118 INFORMACIÓN [main] org.apache.catalina.startup.HostConfig.deployDirectory Deployment of web application directory [/var/home/lab/alum0/03/84/121/computacion_web/repositorio/WebCom/PROYECTO/apache-tomcat-9.0.44/webapps/manager] has finished in [35] ms
04-May-2021 18:18:10.119 INFORMACIÓN [main] org.apache.catalina.startup.HostConfig.deployDirectory Desplegando el directorio [/var/home/lab/alum0/03/84/121/computacion_web/repositorio/WebCom/PROYECTO/apache-tomcat-9.0.44/webapps/ROOT] de la aplicación web
04-May-2021 18:18:10.137 INFORMACIÓN [main] org.apache.catalina.startup.HostConfig.deployDirectory Deployment of web application directory [/var/home/lab/alum0/03/84/121/computacion_web/repositorio/WebCom/PROYECTO/apache-tomcat-9.0.44/webapps/ROOT] has finished in [19] ms
04-May-2021 18:18:10.142 INFORMACIÓN [main] org.apache.coyote.AbstractProtocol.start Starting ProtocolHandler ["http-nio-8080"]
04-May-2021 18:18:10.160 INFORMACIÓN [main] org.apache.catalina.startup.Catalina.start Server startup in [1498] milliseconds
04-May-2021 18:25:09.997 INFORMACIÓN [main] org.apache.catalina.core.StandardServer.await Se ha recibido un comando de apagado a través del puerto de apagado. Parando la instancia del Servidor.
04-May-2021 18:25:09.998 INFORMACIÓN [main] org.apache.coyote.AbstractProtocol.pause Pausing ProtocolHandler ["http-nio-8080"]
04-May-2021 18:25:10.004 INFORMACIÓN [main] org.apache.catalina.core.StandardService.stopInternal Parando servicio [Catalina]
04-May-2021 18:25:10.024 ADVERTENCIA [main] org.apache.catalina.loader.WebappClassLoaderBase.clearReferencesThreads The web application [bookshop] appears to have started a thread named [mysql-cj-abandoned-connection-cleanup] but has failed to stop it. This is very likely to create a memory leak. Stack trace of thread:
 java.net.URI.access$300(URI.java:464)
 java.net.URI$Parser.scan(URI.java:2996)
 java.net.URI$Parser.checkChars(URI.java:3019)
 java.net.URI$Parser.parseHierarchical(URI.java:3105)
 java.net.URI$Parser.parse(URI.java:3053)
 java.net.URI.<init>(URI.java:673)
 java.net.URI.<init>(URI.java:774)
 java.io.File.toURI(File.java:735)
 org.apache.catalina.webresources.FileResource.getURL(FileResource.java:261)
 org.apache.catalina.webresources.CachedResource.getURL(CachedResource.java:363)
 org.apache.catalina.loader.WebappClassLoaderBase.findResource(WebappClassLoaderBase.java:939)
 org.apache.catalina.loader.WebappClassLoaderBase.getResource(WebappClassLoaderBase.java:1056)
 com.mysql.cj.jdbc.AbandonedConnectionCleanupThread.checkThreadContextClassLoader(AbandonedConnectionCleanupThread.java:123)
 com.mysql.cj.jdbc.AbandonedConnectionCleanupThread.run(AbandonedConnectionCleanupThread.java:90)
 java.util.concurrent.ThreadPoolExecutor.runWorker(ThreadPoolExecutor.java:1149)
 java.util.concurrent.ThreadPoolExecutor$Worker.run(ThreadPoolExecutor.java:624)
 java.lang.Thread.run(Thread.java:748)
04-May-2021 18:25:10.046 ADVERTENCIA [main] org.apache.catalina.loader.WebappClassLoaderBase.clearReferencesJdbc La aplicación web [proyecto] registró el conductor JDBC [com.mysql.cj.jdbc.Driver] pero falló al anular el registro mientras la aplicación web estaba parada. Para prevenir un fallo de memoria, se ha anulado el registro del conductor JDBC por la fuerza.
04-May-2021 18:25:10.047 ADVERTENCIA [main] org.apache.catalina.loader.WebappClassLoaderBase.clearReferencesThreads The web application [proyecto] appears to have started a thread named [mysql-cj-abandoned-connection-cleanup] but has failed to stop it. This is very likely to create a memory leak. Stack trace of thread:
 java.lang.Object.wait(Native Method)
 java.lang.ref.ReferenceQueue.remove(ReferenceQueue.java:143)
 com.mysql.cj.jdbc.AbandonedConnectionCleanupThread.run(AbandonedConnectionCleanupThread.java:91)
 java.util.concurrent.ThreadPoolExecutor.runWorker(ThreadPoolExecutor.java:1149)
 java.util.concurrent.ThreadPoolExecutor$Worker.run(ThreadPoolExecutor.java:624)
 java.lang.Thread.run(Thread.java:748)
04-May-2021 18:25:10.060 INFORMACIÓN [main] org.apache.coyote.AbstractProtocol.stop Stopping ProtocolHandler ["http-nio-8080"]
04-May-2021 18:25:10.102 INFORMACIÓN [main] org.apache.coyote.AbstractProtocol.destroy Destroying ProtocolHandler ["http-nio-8080"]
04-May-2021 18:25:19.743 INFORMACIÓN [main] org.apache.catalina.startup.VersionLoggerListener.log Nombre de la versión del servidor: Apache Tomcat/9.0.44
04-May-2021 18:25:19.745 INFORMACIÓN [main] org.apache.catalina.startup.VersionLoggerListener.log Server built:                      Mar 4 2021 21:49:34 UTC
04-May-2021 18:25:19.745 INFORMACIÓN [main] org.apache.catalina.startup.VersionLoggerListener.log Número de versión de servidor:     9.0.44.0
04-May-2021 18:25:19.745 INFORMACIÓN [main] org.apache.catalina.startup.VersionLoggerListener.log OS Name:                           Linux
04-May-2021 18:25:19.745 INFORMACIÓN [main] org.apache.catalina.startup.VersionLoggerListener.log Versión de Systema Operativo:      5.2.0
04-May-2021 18:25:19.745 INFORMACIÓN [main] org.apache.catalina.startup.VersionLoggerListener.log Arquitectura:                      amd64
04-May-2021 18:25:19.745 INFORMACIÓN [main] org.apache.catalina.startup.VersionLoggerListener.log Java Home:                         /usr/lib/jvm/oracle-java8-jdk-amd64/jre
04-May-2021 18:25:19.745 INFORMACIÓN [main] org.apache.catalina.startup.VersionLoggerListener.log JVM Version:                       1.8.0_141-b15
04-May-2021 18:25:19.746 INFORMACIÓN [main] org.apache.catalina.startup.VersionLoggerListener.log Vededor JVM:                       Oracle Corporation
04-May-2021 18:25:19.746 INFORMACIÓN [main] org.apache.catalina.startup.VersionLoggerListener.log CATALINA_BASE:                     /var/home/lab/alum0/03/84/121/computacion_web/repositorio/WebCom/PROYECTO/apache-tomcat-9.0.44
04-May-2021 18:25:19.746 INFORMACIÓN [main] org.apache.catalina.startup.VersionLoggerListener.log CATALINA_HOME:                     /var/home/lab/alum0/03/84/121/computacion_web/repositorio/WebCom/PROYECTO/apache-tomcat-9.0.44
04-May-2021 18:25:19.746 INFORMACIÓN [main] org.apache.catalina.startup.VersionLoggerListener.log Command line argument:             -Djava.util.logging.config.file=/usr/lab/alum/0384121/computacion_web/repositorio/WebCom/PROYECTO/apache-tomcat-9.0.44/conf/logging.properties
04-May-2021 18:25:19.746 INFORMACIÓN [main] org.apache.catalina.startup.VersionLoggerListener.log Command line argument:             -Djava.util.logging.manager=org.apache.juli.ClassLoaderLogManager
04-May-2021 18:25:19.746 INFORMACIÓN [main] org.apache.catalina.startup.VersionLoggerListener.log Command line argument:             -Djdk.tls.ephemeralDHKeySize=2048
04-May-2021 18:25:19.747 INFORMACIÓN [main] org.apache.catalina.startup.VersionLoggerListener.log Command line argument:             -Djava.protocol.handler.pkgs=org.apache.catalina.webresources
04-May-2021 18:25:19.747 INFORMACIÓN [main] org.apache.catalina.startup.VersionLoggerListener.log Command line argument:             -Dorg.apache.catalina.security.SecurityListener.UMASK=0027
04-May-2021 18:25:19.747 INFORMACIÓN [main] org.apache.catalina.startup.VersionLoggerListener.log Command line argument:             -Dignore.endorsed.dirs=
04-May-2021 18:25:19.747 INFORMACIÓN [main] org.apache.catalina.startup.VersionLoggerListener.log Command line argument:             -Dcatalina.base=/usr/lab/alum/0384121/computacion_web/repositorio/WebCom/PROYECTO/apache-tomcat-9.0.44
04-May-2021 18:25:19.747 INFORMACIÓN [main] org.apache.catalina.startup.VersionLoggerListener.log Command line argument:             -Dcatalina.home=/usr/lab/alum/0384121/computacion_web/repositorio/WebCom/PROYECTO/apache-tomcat-9.0.44
04-May-2021 18:25:19.747 INFORMACIÓN [main] org.apache.catalina.startup.VersionLoggerListener.log Command line argument:             -Djava.io.tmpdir=/usr/lab/alum/0384121/computacion_web/repositorio/WebCom/PROYECTO/apache-tomcat-9.0.44/temp
04-May-2021 18:25:19.748 INFORMACIÓN [main] org.apache.catalina.core.AprLifecycleListener.lifecycleEvent La biblioteca nativa de Apache Tomcat basada en ARP que permite un rendimiento óptimo en entornos de desarrollo no ha sido hallada en java.library.path: [/usr/java/packages/lib/amd64:/usr/lib64:/lib64:/lib:/usr/lib]
04-May-2021 18:25:20.116 INFORMACIÓN [main] org.apache.coyote.AbstractProtocol.init Inicializando el manejador de protocolo ["http-nio-8080"]

04-May-2021 18:25:20.145 INFORMACIÓN [main] org.apache.catalina.startup.Catalina.load Server initialization in [588] milliseconds
04-May-2021 18:25:20.173 INFORMACIÓN [main] org.apache.catalina.core.StandardService.startInternal Arrancando servicio [Catalina]
04-May-2021 18:25:20.173 INFORMACIÓN [main] org.apache.catalina.core.StandardEngine.startInternal Starting Servlet engine: [Apache Tomcat/9.0.44]
04-May-2021 18:25:20.185 INFORMACIÓN [main] org.apache.catalina.startup.HostConfig.deployDirectory Desplegando el directorio [/var/home/lab/alum0/03/84/121/computacion_web/repositorio/WebCom/PROYECTO/apache-tomcat-9.0.44/webapps/proyecto] de la aplicación web
04-May-2021 18:25:20.732 ADVERTENCIA [main] org.apache.tomcat.dbcp.dbcp2.BasicDataSourceFactory.getObjectInstance Name = Twitter Property maxActive is not used in DBCP2, use maxTotal instead. maxTotal default value is 8. You have set value of "8" for "maxActive" property, which is being ignored.
04-May-2021 18:25:20.769 INFORMACIÓN [main] org.apache.jasper.servlet.TldScanner.scanJars Al menos un JAR, que se ha explorado buscando TLDs, aún no contenía TLDs. Activar historial de depuración para este historiador para una completa lista de los JARs que fueron explorados y de los que nos se halló TLDs. Saltarse JARs no necesarios durante la exploración puede dar lugar a una mejora de tiempo significativa en el arranque y compilación de JSP .
04-May-2021 18:25:20.825 INFORMACIÓN [main] org.apache.catalina.startup.HostConfig.deployDirectory Deployment of web application directory [/var/home/lab/alum0/03/84/121/computacion_web/repositorio/WebCom/PROYECTO/apache-tomcat-9.0.44/webapps/proyecto] has finished in [639] ms
04-May-2021 18:25:20.826 INFORMACIÓN [main] org.apache.catalina.startup.HostConfig.deployDirectory Desplegando el directorio [/var/home/lab/alum0/03/84/121/computacion_web/repositorio/WebCom/PROYECTO/apache-tomcat-9.0.44/webapps/bookshop] de la aplicación web
04-May-2021 18:25:21.082 ADVERTENCIA [main] org.apache.tomcat.dbcp.dbcp2.BasicDataSourceFactory.getObjectInstance Name = BookShop Property maxActive is not used in DBCP2, use maxTotal instead. maxTotal default value is 8. You have set value of "8" for "maxActive" property, which is being ignored.
04-May-2021 18:25:21.099 INFORMACIÓN [main] org.apache.jasper.servlet.TldScanner.scanJars Al menos un JAR, que se ha explorado buscando TLDs, aún no contenía TLDs. Activar historial de depuración para este historiador para una completa lista de los JARs que fueron explorados y de los que nos se halló TLDs. Saltarse JARs no necesarios durante la exploración puede dar lugar a una mejora de tiempo significativa en el arranque y compilación de JSP .
04-May-2021 18:25:21.104 INFORMACIÓN [main] org.apache.catalina.startup.HostConfig.deployDirectory Deployment of web application directory [/var/home/lab/alum0/03/84/121/computacion_web/repositorio/WebCom/PROYECTO/apache-tomcat-9.0.44/webapps/bookshop] has finished in [277] ms
04-May-2021 18:25:21.104 INFORMACIÓN [main] org.apache.catalina.startup.HostConfig.deployDirectory Desplegando el directorio [/var/home/lab/alum0/03/84/121/computacion_web/repositorio/WebCom/PROYECTO/apache-tomcat-9.0.44/webapps/docs] de la aplicación web
04-May-2021 18:25:21.127 INFORMACIÓN [main] org.apache.catalina.startup.HostConfig.deployDirectory Deployment of web application directory [/var/home/lab/alum0/03/84/121/computacion_web/repositorio/WebCom/PROYECTO/apache-tomcat-9.0.44/webapps/docs] has finished in [23] ms
04-May-2021 18:25:21.127 INFORMACIÓN [main] org.apache.catalina.startup.HostConfig.deployDirectory Desplegando el directorio [/var/home/lab/alum0/03/84/121/computacion_web/repositorio/WebCom/PROYECTO/apache-tomcat-9.0.44/webapps/examples] de la aplicación web
04-May-2021 18:25:21.571 INFORMACIÓN [main] org.apache.catalina.startup.HostConfig.deployDirectory Deployment of web application directory [/var/home/lab/alum0/03/84/121/computacion_web/repositorio/WebCom/PROYECTO/apache-tomcat-9.0.44/webapps/examples] has finished in [444] ms
04-May-2021 18:25:21.571 INFORMACIÓN [main] org.apache.catalina.startup.HostConfig.deployDirectory Desplegando el directorio [/var/home/lab/alum0/03/84/121/computacion_web/repositorio/WebCom/PROYECTO/apache-tomcat-9.0.44/webapps/holamundo] de la aplicación web
04-May-2021 18:25:21.601 INFORMACIÓN [main] org.apache.catalina.startup.HostConfig.deployDirectory Deployment of web application directory [/var/home/lab/alum0/03/84/121/computacion_web/repositorio/WebCom/PROYECTO/apache-tomcat-9.0.44/webapps/holamundo] has finished in [30] ms
04-May-2021 18:25:21.601 INFORMACIÓN [main] org.apache.catalina.startup.HostConfig.deployDirectory Desplegando el directorio [/var/home/lab/alum0/03/84/121/computacion_web/repositorio/WebCom/PROYECTO/apache-tomcat-9.0.44/webapps/host-manager] de la aplicación web
04-May-2021 18:25:21.632 INFORMACIÓN [main] org.apache.catalina.startup.HostConfig.deployDirectory Deployment of web application directory [/var/home/lab/alum0/03/84/121/computacion_web/repositorio/WebCom/PROYECTO/apache-tomcat-9.0.44/webapps/host-manager] has finished in [31] ms
04-May-2021 18:25:21.632 INFORMACIÓN [main] org.apache.catalina.startup.HostConfig.deployDirectory Desplegando el directorio [/var/home/lab/alum0/03/84/121/computacion_web/repositorio/WebCom/PROYECTO/apache-tomcat-9.0.44/webapps/manager] de la aplicación web
04-May-2021 18:25:21.662 INFORMACIÓN [main] org.apache.catalina.startup.HostConfig.deployDirectory Deployment of web application directory [/var/home/lab/alum0/03/84/121/computacion_web/repositorio/WebCom/PROYECTO/apache-tomcat-9.0.44/webapps/manager] has finished in [29] ms
04-May-2021 18:25:21.662 INFORMACIÓN [main] org.apache.catalina.startup.HostConfig.deployDirectory Desplegando el directorio [/var/home/lab/alum0/03/84/121/computacion_web/repositorio/WebCom/PROYECTO/apache-tomcat-9.0.44/webapps/ROOT] de la aplicación web
04-May-2021 18:25:21.681 INFORMACIÓN [main] org.apache.catalina.startup.HostConfig.deployDirectory Deployment of web application directory [/var/home/lab/alum0/03/84/121/computacion_web/repositorio/WebCom/PROYECTO/apache-tomcat-9.0.44/webapps/ROOT] has finished in [19] ms
04-May-2021 18:25:21.684 INFORMACIÓN [main] org.apache.coyote.AbstractProtocol.start Starting ProtocolHandler ["http-nio-8080"]
04-May-2021 18:25:21.699 INFORMACIÓN [main] org.apache.catalina.startup.Catalina.start Server startup in [1553] milliseconds
04-May-2021 18:35:13.986 INFORMACIÓN [main] org.apache.catalina.core.StandardServer.await Se ha recibido un comando de apagado a través del puerto de apagado. Parando la instancia del Servidor.
04-May-2021 18:35:13.987 INFORMACIÓN [main] org.apache.coyote.AbstractProtocol.pause Pausing ProtocolHandler ["http-nio-8080"]
04-May-2021 18:35:13.994 INFORMACIÓN [main] org.apache.catalina.core.StandardService.stopInternal Parando servicio [Catalina]
04-May-2021 18:35:14.018 ADVERTENCIA [main] org.apache.catalina.loader.WebappClassLoaderBase.clearReferencesThreads The web application [bookshop] appears to have started a thread named [mysql-cj-abandoned-connection-cleanup] but has failed to stop it. This is very likely to create a memory leak. Stack trace of thread:
 org.apache.catalina.loader.WebappClassLoaderBase.trackLastModified(WebappClassLoaderBase.java:962)
 org.apache.catalina.loader.WebappClassLoaderBase.findResource(WebappClassLoaderBase.java:940)
 org.apache.catalina.loader.WebappClassLoaderBase.getResource(WebappClassLoaderBase.java:1056)
 com.mysql.cj.jdbc.AbandonedConnectionCleanupThread.checkThreadContextClassLoader(AbandonedConnectionCleanupThread.java:123)
 com.mysql.cj.jdbc.AbandonedConnectionCleanupThread.run(AbandonedConnectionCleanupThread.java:90)
 java.util.concurrent.ThreadPoolExecutor.runWorker(ThreadPoolExecutor.java:1149)
 java.util.concurrent.ThreadPoolExecutor$Worker.run(ThreadPoolExecutor.java:624)
 java.lang.Thread.run(Thread.java:748)
04-May-2021 18:35:14.039 ADVERTENCIA [main] org.apache.catalina.loader.WebappClassLoaderBase.clearReferencesJdbc La aplicación web [proyecto] registró el conductor JDBC [com.mysql.cj.jdbc.Driver] pero falló al anular el registro mientras la aplicación web estaba parada. Para prevenir un fallo de memoria, se ha anulado el registro del conductor JDBC por la fuerza.
04-May-2021 18:35:14.039 ADVERTENCIA [main] org.apache.catalina.loader.WebappClassLoaderBase.clearReferencesThreads The web application [proyecto] appears to have started a thread named [mysql-cj-abandoned-connection-cleanup] but has failed to stop it. This is very likely to create a memory leak. Stack trace of thread:
 java.lang.Object.wait(Native Method)
 java.lang.ref.ReferenceQueue.remove(ReferenceQueue.java:143)
 com.mysql.cj.jdbc.AbandonedConnectionCleanupThread.run(AbandonedConnectionCleanupThread.java:91)
 java.util.concurrent.ThreadPoolExecutor.runWorker(ThreadPoolExecutor.java:1149)
 java.util.concurrent.ThreadPoolExecutor$Worker.run(ThreadPoolExecutor.java:624)
 java.lang.Thread.run(Thread.java:748)
04-May-2021 18:35:14.050 INFORMACIÓN [main] org.apache.coyote.AbstractProtocol.stop Stopping ProtocolHandler ["http-nio-8080"]
04-May-2021 18:35:14.091 INFORMACIÓN [main] org.apache.coyote.AbstractProtocol.destroy Destroying ProtocolHandler ["http-nio-8080"]
04-May-2021 18:35:22.182 INFORMACIÓN [main] org.apache.catalina.startup.VersionLoggerListener.log Nombre de la versión del servidor: Apache Tomcat/9.0.44
04-May-2021 18:35:22.184 INFORMACIÓN [main] org.apache.catalina.startup.VersionLoggerListener.log Server built:                      Mar 4 2021 21:49:34 UTC
04-May-2021 18:35:22.184 INFORMACIÓN [main] org.apache.catalina.startup.VersionLoggerListener.log Número de versión de servidor:     9.0.44.0
04-May-2021 18:35:22.184 INFORMACIÓN [main] org.apache.catalina.startup.VersionLoggerListener.log OS Name:                           Linux
04-May-2021 18:35:22.184 INFORMACIÓN [main] org.apache.catalina.startup.VersionLoggerListener.log Versión de Systema Operativo:      5.2.0
04-May-2021 18:35:22.184 INFORMACIÓN [main] org.apache.catalina.startup.VersionLoggerListener.log Arquitectura:                      amd64
04-May-2021 18:35:22.184 INFORMACIÓN [main] org.apache.catalina.startup.VersionLoggerListener.log Java Home:                         /usr/lib/jvm/oracle-java8-jdk-amd64/jre
04-May-2021 18:35:22.184 INFORMACIÓN [main] org.apache.catalina.startup.VersionLoggerListener.log JVM Version:                       1.8.0_141-b15
04-May-2021 18:35:22.184 INFORMACIÓN [main] org.apache.catalina.startup.VersionLoggerListener.log Vededor JVM:                       Oracle Corporation
04-May-2021 18:35:22.184 INFORMACIÓN [main] org.apache.catalina.startup.VersionLoggerListener.log CATALINA_BASE:                     /var/home/lab/alum0/03/84/121/computacion_web/repositorio/WebCom/PROYECTO/apache-tomcat-9.0.44
04-May-2021 18:35:22.184 INFORMACIÓN [main] org.apache.catalina.startup.VersionLoggerListener.log CATALINA_HOME:                     /var/home/lab/alum0/03/84/121/computacion_web/repositorio/WebCom/PROYECTO/apache-tomcat-9.0.44
04-May-2021 18:35:22.185 INFORMACIÓN [main] org.apache.catalina.startup.VersionLoggerListener.log Command line argument:             -Djava.util.logging.config.file=/usr/lab/alum/0384121/computacion_web/repositorio/WebCom/PROYECTO/apache-tomcat-9.0.44/conf/logging.properties
04-May-2021 18:35:22.185 INFORMACIÓN [main] org.apache.catalina.startup.VersionLoggerListener.log Command line argument:             -Djava.util.logging.manager=org.apache.juli.ClassLoaderLogManager
04-May-2021 18:35:22.185 INFORMACIÓN [main] org.apache.catalina.startup.VersionLoggerListener.log Command line argument:             -Djdk.tls.ephemeralDHKeySize=2048
04-May-2021 18:35:22.185 INFORMACIÓN [main] org.apache.catalina.startup.VersionLoggerListener.log Command line argument:             -Djava.protocol.handler.pkgs=org.apache.catalina.webresources
04-May-2021 18:35:22.185 INFORMACIÓN [main] org.apache.catalina.startup.VersionLoggerListener.log Command line argument:             -Dorg.apache.catalina.security.SecurityListener.UMASK=0027
04-May-2021 18:35:22.185 INFORMACIÓN [main] org.apache.catalina.startup.VersionLoggerListener.log Command line argument:             -Dignore.endorsed.dirs=
04-May-2021 18:35:22.185 INFORMACIÓN [main] org.apache.catalina.startup.VersionLoggerListener.log Command line argument:             -Dcatalina.base=/usr/lab/alum/0384121/computacion_web/repositorio/WebCom/PROYECTO/apache-tomcat-9.0.44
04-May-2021 18:35:22.185 INFORMACIÓN [main] org.apache.catalina.startup.VersionLoggerListener.log Command line argument:             -Dcatalina.home=/usr/lab/alum/0384121/computacion_web/repositorio/WebCom/PROYECTO/apache-tomcat-9.0.44
04-May-2021 18:35:22.185 INFORMACIÓN [main] org.apache.catalina.startup.VersionLoggerListener.log Command line argument:             -Djava.io.tmpdir=/usr/lab/alum/0384121/computacion_web/repositorio/WebCom/PROYECTO/apache-tomcat-9.0.44/temp
04-May-2021 18:35:22.187 INFORMACIÓN [main] org.apache.catalina.core.AprLifecycleListener.lifecycleEvent La biblioteca nativa de Apache Tomcat basada en ARP que permite un rendimiento óptimo en entornos de desarrollo no ha sido hallada en java.library.path: [/usr/java/packages/lib/amd64:/usr/lib64:/lib64:/lib:/usr/lib]
04-May-2021 18:35:22.544 INFORMACIÓN [main] org.apache.coyote.AbstractProtocol.init Inicializando el manejador de protocolo ["http-nio-8080"]

04-May-2021 18:35:22.570 INFORMACIÓN [main] org.apache.catalina.startup.Catalina.load Server initialization in [570] milliseconds
04-May-2021 18:35:22.594 INFORMACIÓN [main] org.apache.catalina.core.StandardService.startInternal Arrancando servicio [Catalina]
04-May-2021 18:35:22.594 INFORMACIÓN [main] org.apache.catalina.core.StandardEngine.startInternal Starting Servlet engine: [Apache Tomcat/9.0.44]
04-May-2021 18:35:22.605 INFORMACIÓN [main] org.apache.catalina.startup.HostConfig.deployDirectory Desplegando el directorio [/var/home/lab/alum0/03/84/121/computacion_web/repositorio/WebCom/PROYECTO/apache-tomcat-9.0.44/webapps/proyecto] de la aplicación web
04-May-2021 18:35:23.092 ADVERTENCIA [main] org.apache.tomcat.dbcp.dbcp2.BasicDataSourceFactory.getObjectInstance Name = Twitter Property maxActive is not used in DBCP2, use maxTotal instead. maxTotal default value is 8. You have set value of "8" for "maxActive" property, which is being ignored.
04-May-2021 18:35:23.135 INFORMACIÓN [main] org.apache.jasper.servlet.TldScanner.scanJars Al menos un JAR, que se ha explorado buscando TLDs, aún no contenía TLDs. Activar historial de depuración para este historiador para una completa lista de los JARs que fueron explorados y de los que nos se halló TLDs. Saltarse JARs no necesarios durante la exploración puede dar lugar a una mejora de tiempo significativa en el arranque y compilación de JSP .
04-May-2021 18:35:23.195 INFORMACIÓN [main] org.apache.catalina.startup.HostConfig.deployDirectory Deployment of web application directory [/var/home/lab/alum0/03/84/121/computacion_web/repositorio/WebCom/PROYECTO/apache-tomcat-9.0.44/webapps/proyecto] has finished in [588] ms
04-May-2021 18:35:23.196 INFORMACIÓN [main] org.apache.catalina.startup.HostConfig.deployDirectory Desplegando el directorio [/var/home/lab/alum0/03/84/121/computacion_web/repositorio/WebCom/PROYECTO/apache-tomcat-9.0.44/webapps/bookshop] de la aplicación web
04-May-2021 18:35:23.445 ADVERTENCIA [main] org.apache.tomcat.dbcp.dbcp2.BasicDataSourceFactory.getObjectInstance Name = BookShop Property maxActive is not used in DBCP2, use maxTotal instead. maxTotal default value is 8. You have set value of "8" for "maxActive" property, which is being ignored.
04-May-2021 18:35:23.463 INFORMACIÓN [main] org.apache.jasper.servlet.TldScanner.scanJars Al menos un JAR, que se ha explorado buscando TLDs, aún no contenía TLDs. Activar historial de depuración para este historiador para una completa lista de los JARs que fueron explorados y de los que nos se halló TLDs. Saltarse JARs no necesarios durante la exploración puede dar lugar a una mejora de tiempo significativa en el arranque y compilación de JSP .
04-May-2021 18:35:23.467 INFORMACIÓN [main] org.apache.catalina.startup.HostConfig.deployDirectory Deployment of web application directory [/var/home/lab/alum0/03/84/121/computacion_web/repositorio/WebCom/PROYECTO/apache-tomcat-9.0.44/webapps/bookshop] has finished in [271] ms
04-May-2021 18:35:23.468 INFORMACIÓN [main] org.apache.catalina.startup.HostConfig.deployDirectory Desplegando el directorio [/var/home/lab/alum0/03/84/121/computacion_web/repositorio/WebCom/PROYECTO/apache-tomcat-9.0.44/webapps/docs] de la aplicación web
04-May-2021 18:35:23.486 INFORMACIÓN [main] org.apache.catalina.startup.HostConfig.deployDirectory Deployment of web application directory [/var/home/lab/alum0/03/84/121/computacion_web/repositorio/WebCom/PROYECTO/apache-tomcat-9.0.44/webapps/docs] has finished in [18] ms
04-May-2021 18:35:23.487 INFORMACIÓN [main] org.apache.catalina.startup.HostConfig.deployDirectory Desplegando el directorio [/var/home/lab/alum0/03/84/121/computacion_web/repositorio/WebCom/PROYECTO/apache-tomcat-9.0.44/webapps/examples] de la aplicación web
04-May-2021 18:35:23.975 INFORMACIÓN [main] org.apache.catalina.startup.HostConfig.deployDirectory Deployment of web application directory [/var/home/lab/alum0/03/84/121/computacion_web/repositorio/WebCom/PROYECTO/apache-tomcat-9.0.44/webapps/examples] has finished in [487] ms
04-May-2021 18:35:23.976 INFORMACIÓN [main] org.apache.catalina.startup.HostConfig.deployDirectory Desplegando el directorio [/var/home/lab/alum0/03/84/121/computacion_web/repositorio/WebCom/PROYECTO/apache-tomcat-9.0.44/webapps/holamundo] de la aplicación web
04-May-2021 18:35:24.006 INFORMACIÓN [main] org.apache.catalina.startup.HostConfig.deployDirectory Deployment of web application directory [/var/home/lab/alum0/03/84/121/computacion_web/repositorio/WebCom/PROYECTO/apache-tomcat-9.0.44/webapps/holamundo] has finished in [31] ms
04-May-2021 18:35:24.007 INFORMACIÓN [main] org.apache.catalina.startup.HostConfig.deployDirectory Desplegando el directorio [/var/home/lab/alum0/03/84/121/computacion_web/repositorio/WebCom/PROYECTO/apache-tomcat-9.0.44/webapps/host-manager] de la aplicación web
04-May-2021 18:35:24.040 INFORMACIÓN [main] org.apache.catalina.startup.HostConfig.deployDirectory Deployment of web application directory [/var/home/lab/alum0/03/84/121/computacion_web/repositorio/WebCom/PROYECTO/apache-tomcat-9.0.44/webapps/host-manager] has finished in [32] ms
04-May-2021 18:35:24.040 INFORMACIÓN [main] org.apache.catalina.startup.HostConfig.deployDirectory Desplegando el directorio [/var/home/lab/alum0/03/84/121/computacion_web/repositorio/WebCom/PROYECTO/apache-tomcat-9.0.44/webapps/manager] de la aplicación web
04-May-2021 18:35:24.072 INFORMACIÓN [main] org.apache.catalina.startup.HostConfig.deployDirectory Deployment of web application directory [/var/home/lab/alum0/03/84/121/computacion_web/repositorio/WebCom/PROYECTO/apache-tomcat-9.0.44/webapps/manager] has finished in [31] ms
04-May-2021 18:35:24.073 INFORMACIÓN [main] org.apache.catalina.startup.HostConfig.deployDirectory Desplegando el directorio [/var/home/lab/alum0/03/84/121/computacion_web/repositorio/WebCom/PROYECTO/apache-tomcat-9.0.44/webapps/ROOT] de la aplicación web
04-May-2021 18:35:24.093 INFORMACIÓN [main] org.apache.catalina.startup.HostConfig.deployDirectory Deployment of web application directory [/var/home/lab/alum0/03/84/121/computacion_web/repositorio/WebCom/PROYECTO/apache-tomcat-9.0.44/webapps/ROOT] has finished in [21] ms
04-May-2021 18:35:24.096 INFORMACIÓN [main] org.apache.coyote.AbstractProtocol.start Starting ProtocolHandler ["http-nio-8080"]
04-May-2021 18:35:24.113 INFORMACIÓN [main] org.apache.catalina.startup.Catalina.start Server startup in [1543] milliseconds
04-May-2021 18:45:07.405 INFORMACIÓN [main] org.apache.catalina.core.StandardServer.await Se ha recibido un comando de apagado a través del puerto de apagado. Parando la instancia del Servidor.
04-May-2021 18:45:07.406 INFORMACIÓN [main] org.apache.coyote.AbstractProtocol.pause Pausing ProtocolHandler ["http-nio-8080"]
04-May-2021 18:45:07.413 INFORMACIÓN [main] org.apache.catalina.core.StandardService.stopInternal Parando servicio [Catalina]
04-May-2021 18:45:07.433 ADVERTENCIA [main] org.apache.catalina.loader.WebappClassLoaderBase.clearReferencesThreads The web application [bookshop] appears to have started a thread named [mysql-cj-abandoned-connection-cleanup] but has failed to stop it. This is very likely to create a memory leak. Stack trace of thread:
 org.apache.catalina.loader.WebappClassLoaderBase.trackLastModified(WebappClassLoaderBase.java:962)
 org.apache.catalina.loader.WebappClassLoaderBase.findResource(WebappClassLoaderBase.java:940)
 org.apache.catalina.loader.WebappClassLoaderBase.getResource(WebappClassLoaderBase.java:1056)
 com.mysql.cj.jdbc.AbandonedConnectionCleanupThread.checkThreadContextClassLoader(AbandonedConnectionCleanupThread.java:123)
 com.mysql.cj.jdbc.AbandonedConnectionCleanupThread.run(AbandonedConnectionCleanupThread.java:90)
 java.util.concurrent.ThreadPoolExecutor.runWorker(ThreadPoolExecutor.java:1149)
 java.util.concurrent.ThreadPoolExecutor$Worker.run(ThreadPoolExecutor.java:624)
 java.lang.Thread.run(Thread.java:748)
04-May-2021 18:45:07.455 ADVERTENCIA [main] org.apache.catalina.loader.WebappClassLoaderBase.clearReferencesJdbc La aplicación web [proyecto] registró el conductor JDBC [com.mysql.cj.jdbc.Driver] pero falló al anular el registro mientras la aplicación web estaba parada. Para prevenir un fallo de memoria, se ha anulado el registro del conductor JDBC por la fuerza.
04-May-2021 18:45:07.455 ADVERTENCIA [main] org.apache.catalina.loader.WebappClassLoaderBase.clearReferencesThreads The web application [proyecto] appears to have started a thread named [mysql-cj-abandoned-connection-cleanup] but has failed to stop it. This is very likely to create a memory leak. Stack trace of thread:
 java.lang.Object.wait(Native Method)
 java.lang.ref.ReferenceQueue.remove(ReferenceQueue.java:143)
 com.mysql.cj.jdbc.AbandonedConnectionCleanupThread.run(AbandonedConnectionCleanupThread.java:91)
 java.util.concurrent.ThreadPoolExecutor.runWorker(ThreadPoolExecutor.java:1149)
 java.util.concurrent.ThreadPoolExecutor$Worker.run(ThreadPoolExecutor.java:624)
 java.lang.Thread.run(Thread.java:748)
04-May-2021 18:45:07.463 INFORMACIÓN [main] org.apache.coyote.AbstractProtocol.stop Stopping ProtocolHandler ["http-nio-8080"]
04-May-2021 18:45:07.510 INFORMACIÓN [main] org.apache.coyote.AbstractProtocol.destroy Destroying ProtocolHandler ["http-nio-8080"]
04-May-2021 18:45:19.790 INFORMACIÓN [main] org.apache.catalina.startup.VersionLoggerListener.log Nombre de la versión del servidor: Apache Tomcat/9.0.44
04-May-2021 18:45:19.791 INFORMACIÓN [main] org.apache.catalina.startup.VersionLoggerListener.log Server built:                      Mar 4 2021 21:49:34 UTC
04-May-2021 18:45:19.792 INFORMACIÓN [main] org.apache.catalina.startup.VersionLoggerListener.log Número de versión de servidor:     9.0.44.0
04-May-2021 18:45:19.792 INFORMACIÓN [main] org.apache.catalina.startup.VersionLoggerListener.log OS Name:                           Linux
04-May-2021 18:45:19.792 INFORMACIÓN [main] org.apache.catalina.startup.VersionLoggerListener.log Versión de Systema Operativo:      5.2.0
04-May-2021 18:45:19.792 INFORMACIÓN [main] org.apache.catalina.startup.VersionLoggerListener.log Arquitectura:                      amd64
04-May-2021 18:45:19.792 INFORMACIÓN [main] org.apache.catalina.startup.VersionLoggerListener.log Java Home:                         /usr/lib/jvm/oracle-java8-jdk-amd64/jre
04-May-2021 18:45:19.792 INFORMACIÓN [main] org.apache.catalina.startup.VersionLoggerListener.log JVM Version:                       1.8.0_141-b15
04-May-2021 18:45:19.792 INFORMACIÓN [main] org.apache.catalina.startup.VersionLoggerListener.log Vededor JVM:                       Oracle Corporation
04-May-2021 18:45:19.792 INFORMACIÓN [main] org.apache.catalina.startup.VersionLoggerListener.log CATALINA_BASE:                     /var/home/lab/alum0/03/84/121/computacion_web/repositorio/WebCom/PROYECTO/apache-tomcat-9.0.44
04-May-2021 18:45:19.792 INFORMACIÓN [main] org.apache.catalina.startup.VersionLoggerListener.log CATALINA_HOME:                     /var/home/lab/alum0/03/84/121/computacion_web/repositorio/WebCom/PROYECTO/apache-tomcat-9.0.44
04-May-2021 18:45:19.793 INFORMACIÓN [main] org.apache.catalina.startup.VersionLoggerListener.log Command line argument:             -Djava.util.logging.config.file=/usr/lab/alum/0384121/computacion_web/repositorio/WebCom/PROYECTO/apache-tomcat-9.0.44/conf/logging.properties
04-May-2021 18:45:19.793 INFORMACIÓN [main] org.apache.catalina.startup.VersionLoggerListener.log Command line argument:             -Djava.util.logging.manager=org.apache.juli.ClassLoaderLogManager
04-May-2021 18:45:19.793 INFORMACIÓN [main] org.apache.catalina.startup.VersionLoggerListener.log Command line argument:             -Djdk.tls.ephemeralDHKeySize=2048
04-May-2021 18:45:19.793 INFORMACIÓN [main] org.apache.catalina.startup.VersionLoggerListener.log Command line argument:             -Djava.protocol.handler.pkgs=org.apache.catalina.webresources
04-May-2021 18:45:19.793 INFORMACIÓN [main] org.apache.catalina.startup.VersionLoggerListener.log Command line argument:             -Dorg.apache.catalina.security.SecurityListener.UMASK=0027
04-May-2021 18:45:19.793 INFORMACIÓN [main] org.apache.catalina.startup.VersionLoggerListener.log Command line argument:             -Dignore.endorsed.dirs=
04-May-2021 18:45:19.793 INFORMACIÓN [main] org.apache.catalina.startup.VersionLoggerListener.log Command line argument:             -Dcatalina.base=/usr/lab/alum/0384121/computacion_web/repositorio/WebCom/PROYECTO/apache-tomcat-9.0.44
04-May-2021 18:45:19.793 INFORMACIÓN [main] org.apache.catalina.startup.VersionLoggerListener.log Command line argument:             -Dcatalina.home=/usr/lab/alum/0384121/computacion_web/repositorio/WebCom/PROYECTO/apache-tomcat-9.0.44
04-May-2021 18:45:19.793 INFORMACIÓN [main] org.apache.catalina.startup.VersionLoggerListener.log Command line argument:             -Djava.io.tmpdir=/usr/lab/alum/0384121/computacion_web/repositorio/WebCom/PROYECTO/apache-tomcat-9.0.44/temp
04-May-2021 18:45:19.795 INFORMACIÓN [main] org.apache.catalina.core.AprLifecycleListener.lifecycleEvent La biblioteca nativa de Apache Tomcat basada en ARP que permite un rendimiento óptimo en entornos de desarrollo no ha sido hallada en java.library.path: [/usr/java/packages/lib/amd64:/usr/lib64:/lib64:/lib:/usr/lib]
04-May-2021 18:45:20.176 INFORMACIÓN [main] org.apache.coyote.AbstractProtocol.init Inicializando el manejador de protocolo ["http-nio-8080"]

04-May-2021 18:45:20.207 INFORMACIÓN [main] org.apache.catalina.startup.Catalina.load Server initialization in [601] milliseconds
04-May-2021 18:45:20.230 INFORMACIÓN [main] org.apache.catalina.core.StandardService.startInternal Arrancando servicio [Catalina]
04-May-2021 18:45:20.231 INFORMACIÓN [main] org.apache.catalina.core.StandardEngine.startInternal Starting Servlet engine: [Apache Tomcat/9.0.44]
04-May-2021 18:45:20.243 INFORMACIÓN [main] org.apache.catalina.startup.HostConfig.deployDirectory Desplegando el directorio [/var/home/lab/alum0/03/84/121/computacion_web/repositorio/WebCom/PROYECTO/apache-tomcat-9.0.44/webapps/proyecto] de la aplicación web
04-May-2021 18:45:20.761 ADVERTENCIA [main] org.apache.tomcat.dbcp.dbcp2.BasicDataSourceFactory.getObjectInstance Name = Twitter Property maxActive is not used in DBCP2, use maxTotal instead. maxTotal default value is 8. You have set value of "8" for "maxActive" property, which is being ignored.
04-May-2021 18:45:20.801 INFORMACIÓN [main] org.apache.jasper.servlet.TldScanner.scanJars Al menos un JAR, que se ha explorado buscando TLDs, aún no contenía TLDs. Activar historial de depuración para este historiador para una completa lista de los JARs que fueron explorados y de los que nos se halló TLDs. Saltarse JARs no necesarios durante la exploración puede dar lugar a una mejora de tiempo significativa en el arranque y compilación de JSP .
04-May-2021 18:45:20.862 INFORMACIÓN [main] org.apache.catalina.startup.HostConfig.deployDirectory Deployment of web application directory [/var/home/lab/alum0/03/84/121/computacion_web/repositorio/WebCom/PROYECTO/apache-tomcat-9.0.44/webapps/proyecto] has finished in [619] ms
04-May-2021 18:45:20.863 INFORMACIÓN [main] org.apache.catalina.startup.HostConfig.deployDirectory Desplegando el directorio [/var/home/lab/alum0/03/84/121/computacion_web/repositorio/WebCom/PROYECTO/apache-tomcat-9.0.44/webapps/bookshop] de la aplicación web
04-May-2021 18:45:21.124 ADVERTENCIA [main] org.apache.tomcat.dbcp.dbcp2.BasicDataSourceFactory.getObjectInstance Name = BookShop Property maxActive is not used in DBCP2, use maxTotal instead. maxTotal default value is 8. You have set value of "8" for "maxActive" property, which is being ignored.
04-May-2021 18:45:21.139 INFORMACIÓN [main] org.apache.jasper.servlet.TldScanner.scanJars Al menos un JAR, que se ha explorado buscando TLDs, aún no contenía TLDs. Activar historial de depuración para este historiador para una completa lista de los JARs que fueron explorados y de los que nos se halló TLDs. Saltarse JARs no necesarios durante la exploración puede dar lugar a una mejora de tiempo significativa en el arranque y compilación de JSP .
04-May-2021 18:45:21.142 INFORMACIÓN [main] org.apache.catalina.startup.HostConfig.deployDirectory Deployment of web application directory [/var/home/lab/alum0/03/84/121/computacion_web/repositorio/WebCom/PROYECTO/apache-tomcat-9.0.44/webapps/bookshop] has finished in [279] ms
04-May-2021 18:45:21.142 INFORMACIÓN [main] org.apache.catalina.startup.HostConfig.deployDirectory Desplegando el directorio [/var/home/lab/alum0/03/84/121/computacion_web/repositorio/WebCom/PROYECTO/apache-tomcat-9.0.44/webapps/docs] de la aplicación web
04-May-2021 18:45:21.162 INFORMACIÓN [main] org.apache.catalina.startup.HostConfig.deployDirectory Deployment of web application directory [/var/home/lab/alum0/03/84/121/computacion_web/repositorio/WebCom/PROYECTO/apache-tomcat-9.0.44/webapps/docs] has finished in [20] ms
04-May-2021 18:45:21.162 INFORMACIÓN [main] org.apache.catalina.startup.HostConfig.deployDirectory Desplegando el directorio [/var/home/lab/alum0/03/84/121/computacion_web/repositorio/WebCom/PROYECTO/apache-tomcat-9.0.44/webapps/examples] de la aplicación web
04-May-2021 18:45:21.598 INFORMACIÓN [main] org.apache.catalina.startup.HostConfig.deployDirectory Deployment of web application directory [/var/home/lab/alum0/03/84/121/computacion_web/repositorio/WebCom/PROYECTO/apache-tomcat-9.0.44/webapps/examples] has finished in [436] ms
04-May-2021 18:45:21.598 INFORMACIÓN [main] org.apache.catalina.startup.HostConfig.deployDirectory Desplegando el directorio [/var/home/lab/alum0/03/84/121/computacion_web/repositorio/WebCom/PROYECTO/apache-tomcat-9.0.44/webapps/holamundo] de la aplicación web
04-May-2021 18:45:21.628 INFORMACIÓN [main] org.apache.catalina.startup.HostConfig.deployDirectory Deployment of web application directory [/var/home/lab/alum0/03/84/121/computacion_web/repositorio/WebCom/PROYECTO/apache-tomcat-9.0.44/webapps/holamundo] has finished in [30] ms
04-May-2021 18:45:21.628 INFORMACIÓN [main] org.apache.catalina.startup.HostConfig.deployDirectory Desplegando el directorio [/var/home/lab/alum0/03/84/121/computacion_web/repositorio/WebCom/PROYECTO/apache-tomcat-9.0.44/webapps/host-manager] de la aplicación web
04-May-2021 18:45:21.662 INFORMACIÓN [main] org.apache.catalina.startup.HostConfig.deployDirectory Deployment of web application directory [/var/home/lab/alum0/03/84/121/computacion_web/repositorio/WebCom/PROYECTO/apache-tomcat-9.0.44/webapps/host-manager] has finished in [34] ms
04-May-2021 18:45:21.662 INFORMACIÓN [main] org.apache.catalina.startup.HostConfig.deployDirectory Desplegando el directorio [/var/home/lab/alum0/03/84/121/computacion_web/repositorio/WebCom/PROYECTO/apache-tomcat-9.0.44/webapps/manager] de la aplicación web
04-May-2021 18:45:21.696 INFORMACIÓN [main] org.apache.catalina.startup.HostConfig.deployDirectory Deployment of web application directory [/var/home/lab/alum0/03/84/121/computacion_web/repositorio/WebCom/PROYECTO/apache-tomcat-9.0.44/webapps/manager] has finished in [33] ms
04-May-2021 18:45:21.696 INFORMACIÓN [main] org.apache.catalina.startup.HostConfig.deployDirectory Desplegando el directorio [/var/home/lab/alum0/03/84/121/computacion_web/repositorio/WebCom/PROYECTO/apache-tomcat-9.0.44/webapps/ROOT] de la aplicación web
04-May-2021 18:45:21.718 INFORMACIÓN [main] org.apache.catalina.startup.HostConfig.deployDirectory Deployment of web application directory [/var/home/lab/alum0/03/84/121/computacion_web/repositorio/WebCom/PROYECTO/apache-tomcat-9.0.44/webapps/ROOT] has finished in [21] ms
04-May-2021 18:45:21.722 INFORMACIÓN [main] org.apache.coyote.AbstractProtocol.start Starting ProtocolHandler ["http-nio-8080"]
04-May-2021 18:45:21.750 INFORMACIÓN [main] org.apache.catalina.startup.Catalina.start Server startup in [1543] milliseconds
04-May-2021 19:02:09.396 INFORMACIÓN [main] org.apache.catalina.core.StandardServer.await Se ha recibido un comando de apagado a través del puerto de apagado. Parando la instancia del Servidor.
04-May-2021 19:02:09.397 INFORMACIÓN [main] org.apache.coyote.AbstractProtocol.pause Pausing ProtocolHandler ["http-nio-8080"]
04-May-2021 19:02:09.404 INFORMACIÓN [main] org.apache.catalina.core.StandardService.stopInternal Parando servicio [Catalina]
04-May-2021 19:02:09.423 ADVERTENCIA [main] org.apache.catalina.loader.WebappClassLoaderBase.clearReferencesThreads The web application [bookshop] appears to have started a thread named [mysql-cj-abandoned-connection-cleanup] but has failed to stop it. This is very likely to create a memory leak. Stack trace of thread:
 java.lang.Object.wait(Native Method)
 java.lang.ref.ReferenceQueue.remove(ReferenceQueue.java:143)
 com.mysql.cj.jdbc.AbandonedConnectionCleanupThread.run(AbandonedConnectionCleanupThread.java:91)
 java.util.concurrent.ThreadPoolExecutor.runWorker(ThreadPoolExecutor.java:1149)
 java.util.concurrent.ThreadPoolExecutor$Worker.run(ThreadPoolExecutor.java:624)
 java.lang.Thread.run(Thread.java:748)
04-May-2021 19:02:09.444 ADVERTENCIA [main] org.apache.catalina.loader.WebappClassLoaderBase.clearReferencesJdbc La aplicación web [proyecto] registró el conductor JDBC [com.mysql.cj.jdbc.Driver] pero falló al anular el registro mientras la aplicación web estaba parada. Para prevenir un fallo de memoria, se ha anulado el registro del conductor JDBC por la fuerza.
04-May-2021 19:02:09.445 ADVERTENCIA [main] org.apache.catalina.loader.WebappClassLoaderBase.clearReferencesThreads The web application [proyecto] appears to have started a thread named [mysql-cj-abandoned-connection-cleanup] but has failed to stop it. This is very likely to create a memory leak. Stack trace of thread:
 java.lang.Object.wait(Native Method)
 java.lang.ref.ReferenceQueue.remove(ReferenceQueue.java:143)
 com.mysql.cj.jdbc.AbandonedConnectionCleanupThread.run(AbandonedConnectionCleanupThread.java:91)
 java.util.concurrent.ThreadPoolExecutor.runWorker(ThreadPoolExecutor.java:1149)
 java.util.concurrent.ThreadPoolExecutor$Worker.run(ThreadPoolExecutor.java:624)
 java.lang.Thread.run(Thread.java:748)
04-May-2021 19:02:09.454 INFORMACIÓN [main] org.apache.coyote.AbstractProtocol.stop Stopping ProtocolHandler ["http-nio-8080"]
04-May-2021 19:02:09.502 INFORMACIÓN [main] org.apache.coyote.AbstractProtocol.destroy Destroying ProtocolHandler ["http-nio-8080"]
