15-May-2021 20:48:27.609 INFORMACIÓN [main] org.apache.catalina.startup.VersionLoggerListener.log Nombre de la versión del servidor: Apache Tomcat/9.0.44
15-May-2021 20:48:27.612 INFORMACIÓN [main] org.apache.catalina.startup.VersionLoggerListener.log Server built:                      Mar 4 2021 21:49:34 UTC
15-May-2021 20:48:27.612 INFORMACIÓN [main] org.apache.catalina.startup.VersionLoggerListener.log Número de versión de servidor:     9.0.44.0
15-May-2021 20:48:27.612 INFORMACIÓN [main] org.apache.catalina.startup.VersionLoggerListener.log OS Name:                           Linux
15-May-2021 20:48:27.612 INFORMACIÓN [main] org.apache.catalina.startup.VersionLoggerListener.log Versión de Systema Operativo:      5.2.0
15-May-2021 20:48:27.612 INFORMACIÓN [main] org.apache.catalina.startup.VersionLoggerListener.log Arquitectura:                      amd64
15-May-2021 20:48:27.612 INFORMACIÓN [main] org.apache.catalina.startup.VersionLoggerListener.log Java Home:                         /usr/lib/jvm/oracle-java8-jdk-amd64/jre
15-May-2021 20:48:27.612 INFORMACIÓN [main] org.apache.catalina.startup.VersionLoggerListener.log JVM Version:                       1.8.0_141-b15
15-May-2021 20:48:27.613 INFORMACIÓN [main] org.apache.catalina.startup.VersionLoggerListener.log Vededor JVM:                       Oracle Corporation
15-May-2021 20:48:27.613 INFORMACIÓN [main] org.apache.catalina.startup.VersionLoggerListener.log CATALINA_BASE:                     /var/home/lab/alum0/03/84/121/computacion_web/repositorio/WebCom/PROYECTO/apache-tomcat-9.0.44
15-May-2021 20:48:27.613 INFORMACIÓN [main] org.apache.catalina.startup.VersionLoggerListener.log CATALINA_HOME:                     /var/home/lab/alum0/03/84/121/computacion_web/repositorio/WebCom/PROYECTO/apache-tomcat-9.0.44
15-May-2021 20:48:27.613 INFORMACIÓN [main] org.apache.catalina.startup.VersionLoggerListener.log Command line argument:             -Djava.util.logging.config.file=/usr/lab/alum/0384121/computacion_web/repositorio/WebCom/PROYECTO/apache-tomcat-9.0.44/conf/logging.properties
15-May-2021 20:48:27.613 INFORMACIÓN [main] org.apache.catalina.startup.VersionLoggerListener.log Command line argument:             -Djava.util.logging.manager=org.apache.juli.ClassLoaderLogManager
15-May-2021 20:48:27.614 INFORMACIÓN [main] org.apache.catalina.startup.VersionLoggerListener.log Command line argument:             -Djdk.tls.ephemeralDHKeySize=2048
15-May-2021 20:48:27.614 INFORMACIÓN [main] org.apache.catalina.startup.VersionLoggerListener.log Command line argument:             -Djava.protocol.handler.pkgs=org.apache.catalina.webresources
15-May-2021 20:48:27.614 INFORMACIÓN [main] org.apache.catalina.startup.VersionLoggerListener.log Command line argument:             -Dorg.apache.catalina.security.SecurityListener.UMASK=0027
15-May-2021 20:48:27.614 INFORMACIÓN [main] org.apache.catalina.startup.VersionLoggerListener.log Command line argument:             -Dignore.endorsed.dirs=
15-May-2021 20:48:27.614 INFORMACIÓN [main] org.apache.catalina.startup.VersionLoggerListener.log Command line argument:             -Dcatalina.base=/usr/lab/alum/0384121/computacion_web/repositorio/WebCom/PROYECTO/apache-tomcat-9.0.44
15-May-2021 20:48:27.614 INFORMACIÓN [main] org.apache.catalina.startup.VersionLoggerListener.log Command line argument:             -Dcatalina.home=/usr/lab/alum/0384121/computacion_web/repositorio/WebCom/PROYECTO/apache-tomcat-9.0.44
15-May-2021 20:48:27.614 INFORMACIÓN [main] org.apache.catalina.startup.VersionLoggerListener.log Command line argument:             -Djava.io.tmpdir=/usr/lab/alum/0384121/computacion_web/repositorio/WebCom/PROYECTO/apache-tomcat-9.0.44/temp
15-May-2021 20:48:27.619 INFORMACIÓN [main] org.apache.catalina.core.AprLifecycleListener.lifecycleEvent La biblioteca nativa de Apache Tomcat basada en ARP que permite un rendimiento óptimo en entornos de desarrollo no ha sido hallada en java.library.path: [/usr/java/packages/lib/amd64:/usr/lib64:/lib64:/lib:/usr/lib]
15-May-2021 20:48:27.987 INFORMACIÓN [main] org.apache.coyote.AbstractProtocol.init Inicializando el manejador de protocolo ["http-nio-8080"]

15-May-2021 20:48:28.020 INFORMACIÓN [main] org.apache.catalina.startup.Catalina.load Server initialization in [909] milliseconds
15-May-2021 20:48:28.062 INFORMACIÓN [main] org.apache.catalina.core.StandardService.startInternal Arrancando servicio [Catalina]
15-May-2021 20:48:28.062 INFORMACIÓN [main] org.apache.catalina.core.StandardEngine.startInternal Starting Servlet engine: [Apache Tomcat/9.0.44]
15-May-2021 20:48:28.082 INFORMACIÓN [main] org.apache.catalina.startup.HostConfig.deployDirectory Desplegando el directorio [/var/home/lab/alum0/03/84/121/computacion_web/repositorio/WebCom/PROYECTO/apache-tomcat-9.0.44/webapps/proyecto] de la aplicación web
15-May-2021 20:48:29.017 ADVERTENCIA [main] org.apache.tomcat.dbcp.dbcp2.BasicDataSourceFactory.getObjectInstance Name = Twitter Property maxActive is not used in DBCP2, use maxTotal instead. maxTotal default value is 8. You have set value of "8" for "maxActive" property, which is being ignored.
15-May-2021 20:48:29.094 INFORMACIÓN [main] org.apache.jasper.servlet.TldScanner.scanJars Al menos un JAR, que se ha explorado buscando TLDs, aún no contenía TLDs. Activar historial de depuración para este historiador para una completa lista de los JARs que fueron explorados y de los que nos se halló TLDs. Saltarse JARs no necesarios durante la exploración puede dar lugar a una mejora de tiempo significativa en el arranque y compilación de JSP .
15-May-2021 20:48:29.159 INFORMACIÓN [main] org.apache.catalina.startup.HostConfig.deployDirectory Deployment of web application directory [/var/home/lab/alum0/03/84/121/computacion_web/repositorio/WebCom/PROYECTO/apache-tomcat-9.0.44/webapps/proyecto] has finished in [1.077] ms
15-May-2021 20:48:29.160 INFORMACIÓN [main] org.apache.catalina.startup.HostConfig.deployDirectory Desplegando el directorio [/var/home/lab/alum0/03/84/121/computacion_web/repositorio/WebCom/PROYECTO/apache-tomcat-9.0.44/webapps/bookshop] de la aplicación web
15-May-2021 20:48:29.577 ADVERTENCIA [main] org.apache.tomcat.dbcp.dbcp2.BasicDataSourceFactory.getObjectInstance Name = BookShop Property maxActive is not used in DBCP2, use maxTotal instead. maxTotal default value is 8. You have set value of "8" for "maxActive" property, which is being ignored.
15-May-2021 20:48:29.591 INFORMACIÓN [main] org.apache.jasper.servlet.TldScanner.scanJars Al menos un JAR, que se ha explorado buscando TLDs, aún no contenía TLDs. Activar historial de depuración para este historiador para una completa lista de los JARs que fueron explorados y de los que nos se halló TLDs. Saltarse JARs no necesarios durante la exploración puede dar lugar a una mejora de tiempo significativa en el arranque y compilación de JSP .
15-May-2021 20:48:29.594 INFORMACIÓN [main] org.apache.catalina.startup.HostConfig.deployDirectory Deployment of web application directory [/var/home/lab/alum0/03/84/121/computacion_web/repositorio/WebCom/PROYECTO/apache-tomcat-9.0.44/webapps/bookshop] has finished in [434] ms
15-May-2021 20:48:29.595 INFORMACIÓN [main] org.apache.catalina.startup.HostConfig.deployDirectory Desplegando el directorio [/var/home/lab/alum0/03/84/121/computacion_web/repositorio/WebCom/PROYECTO/apache-tomcat-9.0.44/webapps/docs] de la aplicación web
15-May-2021 20:48:29.636 INFORMACIÓN [main] org.apache.catalina.startup.HostConfig.deployDirectory Deployment of web application directory [/var/home/lab/alum0/03/84/121/computacion_web/repositorio/WebCom/PROYECTO/apache-tomcat-9.0.44/webapps/docs] has finished in [40] ms
15-May-2021 20:48:29.637 INFORMACIÓN [main] org.apache.catalina.startup.HostConfig.deployDirectory Desplegando el directorio [/var/home/lab/alum0/03/84/121/computacion_web/repositorio/WebCom/PROYECTO/apache-tomcat-9.0.44/webapps/examples] de la aplicación web
15-May-2021 20:48:31.347 INFORMACIÓN [main] org.apache.catalina.startup.HostConfig.deployDirectory Deployment of web application directory [/var/home/lab/alum0/03/84/121/computacion_web/repositorio/WebCom/PROYECTO/apache-tomcat-9.0.44/webapps/examples] has finished in [1.711] ms
15-May-2021 20:48:31.348 INFORMACIÓN [main] org.apache.catalina.startup.HostConfig.deployDirectory Desplegando el directorio [/var/home/lab/alum0/03/84/121/computacion_web/repositorio/WebCom/PROYECTO/apache-tomcat-9.0.44/webapps/holamundo] de la aplicación web
15-May-2021 20:48:31.403 INFORMACIÓN [main] org.apache.catalina.startup.HostConfig.deployDirectory Deployment of web application directory [/var/home/lab/alum0/03/84/121/computacion_web/repositorio/WebCom/PROYECTO/apache-tomcat-9.0.44/webapps/holamundo] has finished in [55] ms
15-May-2021 20:48:31.404 INFORMACIÓN [main] org.apache.catalina.startup.HostConfig.deployDirectory Desplegando el directorio [/var/home/lab/alum0/03/84/121/computacion_web/repositorio/WebCom/PROYECTO/apache-tomcat-9.0.44/webapps/host-manager] de la aplicación web
15-May-2021 20:48:31.471 INFORMACIÓN [main] org.apache.catalina.startup.HostConfig.deployDirectory Deployment of web application directory [/var/home/lab/alum0/03/84/121/computacion_web/repositorio/WebCom/PROYECTO/apache-tomcat-9.0.44/webapps/host-manager] has finished in [67] ms
15-May-2021 20:48:31.472 INFORMACIÓN [main] org.apache.catalina.startup.HostConfig.deployDirectory Desplegando el directorio [/var/home/lab/alum0/03/84/121/computacion_web/repositorio/WebCom/PROYECTO/apache-tomcat-9.0.44/webapps/manager] de la aplicación web
15-May-2021 20:48:31.520 INFORMACIÓN [main] org.apache.catalina.startup.HostConfig.deployDirectory Deployment of web application directory [/var/home/lab/alum0/03/84/121/computacion_web/repositorio/WebCom/PROYECTO/apache-tomcat-9.0.44/webapps/manager] has finished in [48] ms
15-May-2021 20:48:31.520 INFORMACIÓN [main] org.apache.catalina.startup.HostConfig.deployDirectory Desplegando el directorio [/var/home/lab/alum0/03/84/121/computacion_web/repositorio/WebCom/PROYECTO/apache-tomcat-9.0.44/webapps/ROOT] de la aplicación web
15-May-2021 20:48:31.561 INFORMACIÓN [main] org.apache.catalina.startup.HostConfig.deployDirectory Deployment of web application directory [/var/home/lab/alum0/03/84/121/computacion_web/repositorio/WebCom/PROYECTO/apache-tomcat-9.0.44/webapps/ROOT] has finished in [41] ms
15-May-2021 20:48:31.568 INFORMACIÓN [main] org.apache.coyote.AbstractProtocol.start Starting ProtocolHandler ["http-nio-8080"]
15-May-2021 20:48:31.575 INFORMACIÓN [main] org.apache.catalina.startup.Catalina.start Server startup in [3553] milliseconds
15-May-2021 20:54:37.681 INFORMACIÓN [main] org.apache.catalina.core.StandardServer.await Se ha recibido un comando de apagado a través del puerto de apagado. Parando la instancia del Servidor.
15-May-2021 20:54:37.682 INFORMACIÓN [main] org.apache.coyote.AbstractProtocol.pause Pausing ProtocolHandler ["http-nio-8080"]
15-May-2021 20:54:37.689 INFORMACIÓN [main] org.apache.catalina.core.StandardService.stopInternal Parando servicio [Catalina]
15-May-2021 20:54:37.708 ADVERTENCIA [main] org.apache.catalina.loader.WebappClassLoaderBase.clearReferencesThreads The web application [bookshop] appears to have started a thread named [mysql-cj-abandoned-connection-cleanup] but has failed to stop it. This is very likely to create a memory leak. Stack trace of thread:
 java.nio.charset.CharsetDecoder.<init>(CharsetDecoder.java:198)
 java.nio.charset.CharsetDecoder.<init>(CharsetDecoder.java:233)
 sun.nio.cs.UTF_8$Decoder.<init>(UTF_8.java:84)
 sun.nio.cs.UTF_8$Decoder.<init>(UTF_8.java:81)
 sun.nio.cs.UTF_8.newDecoder(UTF_8.java:68)
 java.lang.StringCoding$StringDecoder.<init>(StringCoding.java:131)
 java.lang.StringCoding$StringDecoder.<init>(StringCoding.java:122)
 java.lang.StringCoding.decode(StringCoding.java:187)
 java.lang.String.<init>(String.java:426)
 java.lang.String.<init>(String.java:491)
 java.io.UnixFileSystem.canonicalize0(Native Method)
 java.io.UnixFileSystem.canonicalize(UnixFileSystem.java:172)
 java.io.File.getCanonicalPath(File.java:618)
 org.apache.catalina.webresources.AbstractFileResourceSet.file(AbstractFileResourceSet.java:94)
 org.apache.catalina.webresources.DirResourceSet.getResource(DirResourceSet.java:101)
 org.apache.catalina.webresources.StandardRoot.getResourceInternal(StandardRoot.java:281)
 org.apache.catalina.webresources.CachedResource.validateResource(CachedResource.java:105)
 org.apache.catalina.webresources.Cache.getResource(Cache.java:87)
 org.apache.catalina.webresources.StandardRoot.getResource(StandardRoot.java:216)
 org.apache.catalina.webresources.StandardRoot.getClassLoaderResource(StandardRoot.java:225)
 org.apache.catalina.loader.WebappClassLoaderBase.findResource(WebappClassLoaderBase.java:937)
 org.apache.catalina.loader.WebappClassLoaderBase.getResource(WebappClassLoaderBase.java:1056)
 com.mysql.cj.jdbc.AbandonedConnectionCleanupThread.checkThreadContextClassLoader(AbandonedConnectionCleanupThread.java:123)
 com.mysql.cj.jdbc.AbandonedConnectionCleanupThread.run(AbandonedConnectionCleanupThread.java:90)
 java.util.concurrent.ThreadPoolExecutor.runWorker(ThreadPoolExecutor.java:1149)
 java.util.concurrent.ThreadPoolExecutor$Worker.run(ThreadPoolExecutor.java:624)
 java.lang.Thread.run(Thread.java:748)
15-May-2021 20:54:37.732 ADVERTENCIA [main] org.apache.catalina.loader.WebappClassLoaderBase.clearReferencesJdbc La aplicación web [proyecto] registró el conductor JDBC [com.mysql.cj.jdbc.Driver] pero falló al anular el registro mientras la aplicación web estaba parada. Para prevenir un fallo de memoria, se ha anulado el registro del conductor JDBC por la fuerza.
15-May-2021 20:54:37.733 ADVERTENCIA [main] org.apache.catalina.loader.WebappClassLoaderBase.clearReferencesThreads The web application [proyecto] appears to have started a thread named [mysql-cj-abandoned-connection-cleanup] but has failed to stop it. This is very likely to create a memory leak. Stack trace of thread:
 java.lang.Object.wait(Native Method)
 java.lang.ref.ReferenceQueue.remove(ReferenceQueue.java:143)
 com.mysql.cj.jdbc.AbandonedConnectionCleanupThread.run(AbandonedConnectionCleanupThread.java:91)
 java.util.concurrent.ThreadPoolExecutor.runWorker(ThreadPoolExecutor.java:1149)
 java.util.concurrent.ThreadPoolExecutor$Worker.run(ThreadPoolExecutor.java:624)
 java.lang.Thread.run(Thread.java:748)
15-May-2021 20:54:37.740 INFORMACIÓN [main] org.apache.coyote.AbstractProtocol.stop Stopping ProtocolHandler ["http-nio-8080"]
15-May-2021 20:54:37.787 INFORMACIÓN [main] org.apache.coyote.AbstractProtocol.destroy Destroying ProtocolHandler ["http-nio-8080"]
15-May-2021 20:54:40.093 INFORMACIÓN [main] org.apache.catalina.startup.VersionLoggerListener.log Nombre de la versión del servidor: Apache Tomcat/9.0.44
15-May-2021 20:54:40.095 INFORMACIÓN [main] org.apache.catalina.startup.VersionLoggerListener.log Server built:                      Mar 4 2021 21:49:34 UTC
15-May-2021 20:54:40.095 INFORMACIÓN [main] org.apache.catalina.startup.VersionLoggerListener.log Número de versión de servidor:     9.0.44.0
15-May-2021 20:54:40.095 INFORMACIÓN [main] org.apache.catalina.startup.VersionLoggerListener.log OS Name:                           Linux
15-May-2021 20:54:40.095 INFORMACIÓN [main] org.apache.catalina.startup.VersionLoggerListener.log Versión de Systema Operativo:      5.2.0
15-May-2021 20:54:40.095 INFORMACIÓN [main] org.apache.catalina.startup.VersionLoggerListener.log Arquitectura:                      amd64
15-May-2021 20:54:40.095 INFORMACIÓN [main] org.apache.catalina.startup.VersionLoggerListener.log Java Home:                         /usr/lib/jvm/oracle-java8-jdk-amd64/jre
15-May-2021 20:54:40.095 INFORMACIÓN [main] org.apache.catalina.startup.VersionLoggerListener.log JVM Version:                       1.8.0_141-b15
15-May-2021 20:54:40.095 INFORMACIÓN [main] org.apache.catalina.startup.VersionLoggerListener.log Vededor JVM:                       Oracle Corporation
15-May-2021 20:54:40.095 INFORMACIÓN [main] org.apache.catalina.startup.VersionLoggerListener.log CATALINA_BASE:                     /var/home/lab/alum0/03/84/121/computacion_web/repositorio/WebCom/PROYECTO/apache-tomcat-9.0.44
15-May-2021 20:54:40.095 INFORMACIÓN [main] org.apache.catalina.startup.VersionLoggerListener.log CATALINA_HOME:                     /var/home/lab/alum0/03/84/121/computacion_web/repositorio/WebCom/PROYECTO/apache-tomcat-9.0.44
15-May-2021 20:54:40.096 INFORMACIÓN [main] org.apache.catalina.startup.VersionLoggerListener.log Command line argument:             -Djava.util.logging.config.file=/usr/lab/alum/0384121/computacion_web/repositorio/WebCom/PROYECTO/apache-tomcat-9.0.44/conf/logging.properties
15-May-2021 20:54:40.096 INFORMACIÓN [main] org.apache.catalina.startup.VersionLoggerListener.log Command line argument:             -Djava.util.logging.manager=org.apache.juli.ClassLoaderLogManager
15-May-2021 20:54:40.096 INFORMACIÓN [main] org.apache.catalina.startup.VersionLoggerListener.log Command line argument:             -Djdk.tls.ephemeralDHKeySize=2048
15-May-2021 20:54:40.096 INFORMACIÓN [main] org.apache.catalina.startup.VersionLoggerListener.log Command line argument:             -Djava.protocol.handler.pkgs=org.apache.catalina.webresources
15-May-2021 20:54:40.096 INFORMACIÓN [main] org.apache.catalina.startup.VersionLoggerListener.log Command line argument:             -Dorg.apache.catalina.security.SecurityListener.UMASK=0027
15-May-2021 20:54:40.097 INFORMACIÓN [main] org.apache.catalina.startup.VersionLoggerListener.log Command line argument:             -Dignore.endorsed.dirs=
15-May-2021 20:54:40.097 INFORMACIÓN [main] org.apache.catalina.startup.VersionLoggerListener.log Command line argument:             -Dcatalina.base=/usr/lab/alum/0384121/computacion_web/repositorio/WebCom/PROYECTO/apache-tomcat-9.0.44
15-May-2021 20:54:40.097 INFORMACIÓN [main] org.apache.catalina.startup.VersionLoggerListener.log Command line argument:             -Dcatalina.home=/usr/lab/alum/0384121/computacion_web/repositorio/WebCom/PROYECTO/apache-tomcat-9.0.44
15-May-2021 20:54:40.097 INFORMACIÓN [main] org.apache.catalina.startup.VersionLoggerListener.log Command line argument:             -Djava.io.tmpdir=/usr/lab/alum/0384121/computacion_web/repositorio/WebCom/PROYECTO/apache-tomcat-9.0.44/temp
15-May-2021 20:54:40.098 INFORMACIÓN [main] org.apache.catalina.core.AprLifecycleListener.lifecycleEvent La biblioteca nativa de Apache Tomcat basada en ARP que permite un rendimiento óptimo en entornos de desarrollo no ha sido hallada en java.library.path: [/usr/java/packages/lib/amd64:/usr/lib64:/lib64:/lib:/usr/lib]
15-May-2021 20:54:40.464 INFORMACIÓN [main] org.apache.coyote.AbstractProtocol.init Inicializando el manejador de protocolo ["http-nio-8080"]

15-May-2021 20:54:40.497 INFORMACIÓN [main] org.apache.catalina.startup.Catalina.load Server initialization in [588] milliseconds
15-May-2021 20:54:40.527 INFORMACIÓN [main] org.apache.catalina.core.StandardService.startInternal Arrancando servicio [Catalina]
15-May-2021 20:54:40.528 INFORMACIÓN [main] org.apache.catalina.core.StandardEngine.startInternal Starting Servlet engine: [Apache Tomcat/9.0.44]
15-May-2021 20:54:40.539 INFORMACIÓN [main] org.apache.catalina.startup.HostConfig.deployDirectory Desplegando el directorio [/var/home/lab/alum0/03/84/121/computacion_web/repositorio/WebCom/PROYECTO/apache-tomcat-9.0.44/webapps/proyecto] de la aplicación web
15-May-2021 20:54:41.035 ADVERTENCIA [main] org.apache.tomcat.dbcp.dbcp2.BasicDataSourceFactory.getObjectInstance Name = Twitter Property maxActive is not used in DBCP2, use maxTotal instead. maxTotal default value is 8. You have set value of "8" for "maxActive" property, which is being ignored.
15-May-2021 20:54:41.072 INFORMACIÓN [main] org.apache.jasper.servlet.TldScanner.scanJars Al menos un JAR, que se ha explorado buscando TLDs, aún no contenía TLDs. Activar historial de depuración para este historiador para una completa lista de los JARs que fueron explorados y de los que nos se halló TLDs. Saltarse JARs no necesarios durante la exploración puede dar lugar a una mejora de tiempo significativa en el arranque y compilación de JSP .
15-May-2021 20:54:41.126 INFORMACIÓN [main] org.apache.catalina.startup.HostConfig.deployDirectory Deployment of web application directory [/var/home/lab/alum0/03/84/121/computacion_web/repositorio/WebCom/PROYECTO/apache-tomcat-9.0.44/webapps/proyecto] has finished in [586] ms
15-May-2021 20:54:41.126 INFORMACIÓN [main] org.apache.catalina.startup.HostConfig.deployDirectory Desplegando el directorio [/var/home/lab/alum0/03/84/121/computacion_web/repositorio/WebCom/PROYECTO/apache-tomcat-9.0.44/webapps/bookshop] de la aplicación web
15-May-2021 20:54:41.383 ADVERTENCIA [main] org.apache.tomcat.dbcp.dbcp2.BasicDataSourceFactory.getObjectInstance Name = BookShop Property maxActive is not used in DBCP2, use maxTotal instead. maxTotal default value is 8. You have set value of "8" for "maxActive" property, which is being ignored.
15-May-2021 20:54:41.398 INFORMACIÓN [main] org.apache.jasper.servlet.TldScanner.scanJars Al menos un JAR, que se ha explorado buscando TLDs, aún no contenía TLDs. Activar historial de depuración para este historiador para una completa lista de los JARs que fueron explorados y de los que nos se halló TLDs. Saltarse JARs no necesarios durante la exploración puede dar lugar a una mejora de tiempo significativa en el arranque y compilación de JSP .
15-May-2021 20:54:41.402 INFORMACIÓN [main] org.apache.catalina.startup.HostConfig.deployDirectory Deployment of web application directory [/var/home/lab/alum0/03/84/121/computacion_web/repositorio/WebCom/PROYECTO/apache-tomcat-9.0.44/webapps/bookshop] has finished in [275] ms
15-May-2021 20:54:41.402 INFORMACIÓN [main] org.apache.catalina.startup.HostConfig.deployDirectory Desplegando el directorio [/var/home/lab/alum0/03/84/121/computacion_web/repositorio/WebCom/PROYECTO/apache-tomcat-9.0.44/webapps/docs] de la aplicación web
15-May-2021 20:54:41.422 INFORMACIÓN [main] org.apache.catalina.startup.HostConfig.deployDirectory Deployment of web application directory [/var/home/lab/alum0/03/84/121/computacion_web/repositorio/WebCom/PROYECTO/apache-tomcat-9.0.44/webapps/docs] has finished in [20] ms
15-May-2021 20:54:41.422 INFORMACIÓN [main] org.apache.catalina.startup.HostConfig.deployDirectory Desplegando el directorio [/var/home/lab/alum0/03/84/121/computacion_web/repositorio/WebCom/PROYECTO/apache-tomcat-9.0.44/webapps/examples] de la aplicación web
15-May-2021 20:54:41.861 INFORMACIÓN [main] org.apache.catalina.startup.HostConfig.deployDirectory Deployment of web application directory [/var/home/lab/alum0/03/84/121/computacion_web/repositorio/WebCom/PROYECTO/apache-tomcat-9.0.44/webapps/examples] has finished in [439] ms
15-May-2021 20:54:41.862 INFORMACIÓN [main] org.apache.catalina.startup.HostConfig.deployDirectory Desplegando el directorio [/var/home/lab/alum0/03/84/121/computacion_web/repositorio/WebCom/PROYECTO/apache-tomcat-9.0.44/webapps/holamundo] de la aplicación web
15-May-2021 20:54:41.891 INFORMACIÓN [main] org.apache.catalina.startup.HostConfig.deployDirectory Deployment of web application directory [/var/home/lab/alum0/03/84/121/computacion_web/repositorio/WebCom/PROYECTO/apache-tomcat-9.0.44/webapps/holamundo] has finished in [29] ms
15-May-2021 20:54:41.891 INFORMACIÓN [main] org.apache.catalina.startup.HostConfig.deployDirectory Desplegando el directorio [/var/home/lab/alum0/03/84/121/computacion_web/repositorio/WebCom/PROYECTO/apache-tomcat-9.0.44/webapps/host-manager] de la aplicación web
15-May-2021 20:54:41.925 INFORMACIÓN [main] org.apache.catalina.startup.HostConfig.deployDirectory Deployment of web application directory [/var/home/lab/alum0/03/84/121/computacion_web/repositorio/WebCom/PROYECTO/apache-tomcat-9.0.44/webapps/host-manager] has finished in [34] ms
15-May-2021 20:54:41.925 INFORMACIÓN [main] org.apache.catalina.startup.HostConfig.deployDirectory Desplegando el directorio [/var/home/lab/alum0/03/84/121/computacion_web/repositorio/WebCom/PROYECTO/apache-tomcat-9.0.44/webapps/manager] de la aplicación web
15-May-2021 20:54:41.957 INFORMACIÓN [main] org.apache.catalina.startup.HostConfig.deployDirectory Deployment of web application directory [/var/home/lab/alum0/03/84/121/computacion_web/repositorio/WebCom/PROYECTO/apache-tomcat-9.0.44/webapps/manager] has finished in [32] ms
15-May-2021 20:54:41.957 INFORMACIÓN [main] org.apache.catalina.startup.HostConfig.deployDirectory Desplegando el directorio [/var/home/lab/alum0/03/84/121/computacion_web/repositorio/WebCom/PROYECTO/apache-tomcat-9.0.44/webapps/ROOT] de la aplicación web
15-May-2021 20:54:41.976 INFORMACIÓN [main] org.apache.catalina.startup.HostConfig.deployDirectory Deployment of web application directory [/var/home/lab/alum0/03/84/121/computacion_web/repositorio/WebCom/PROYECTO/apache-tomcat-9.0.44/webapps/ROOT] has finished in [19] ms
15-May-2021 20:54:41.981 INFORMACIÓN [main] org.apache.coyote.AbstractProtocol.start Starting ProtocolHandler ["http-nio-8080"]
15-May-2021 20:54:42.000 INFORMACIÓN [main] org.apache.catalina.startup.Catalina.start Server startup in [1503] milliseconds
