18-May-2021 17:37:34.461 INFORMACIÓN [main] org.apache.catalina.startup.VersionLoggerListener.log Nombre de la versión del servidor: Apache Tomcat/9.0.44
18-May-2021 17:37:34.463 INFORMACIÓN [main] org.apache.catalina.startup.VersionLoggerListener.log Server built:                      Mar 4 2021 21:49:34 UTC
18-May-2021 17:37:34.463 INFORMACIÓN [main] org.apache.catalina.startup.VersionLoggerListener.log Número de versión de servidor:     9.0.44.0
18-May-2021 17:37:34.464 INFORMACIÓN [main] org.apache.catalina.startup.VersionLoggerListener.log OS Name:                           Linux
18-May-2021 17:37:34.464 INFORMACIÓN [main] org.apache.catalina.startup.VersionLoggerListener.log Versión de Systema Operativo:      5.2.0
18-May-2021 17:37:34.464 INFORMACIÓN [main] org.apache.catalina.startup.VersionLoggerListener.log Arquitectura:                      amd64
18-May-2021 17:37:34.464 INFORMACIÓN [main] org.apache.catalina.startup.VersionLoggerListener.log Java Home:                         /usr/lib/jvm/oracle-java8-jdk-amd64/jre
18-May-2021 17:37:34.464 INFORMACIÓN [main] org.apache.catalina.startup.VersionLoggerListener.log JVM Version:                       1.8.0_141-b15
18-May-2021 17:37:34.464 INFORMACIÓN [main] org.apache.catalina.startup.VersionLoggerListener.log Vededor JVM:                       Oracle Corporation
18-May-2021 17:37:34.464 INFORMACIÓN [main] org.apache.catalina.startup.VersionLoggerListener.log CATALINA_BASE:                     /var/home/lab/alum0/03/84/036/WebCom/servlet-practica/apache-tomcat-9.0.44
18-May-2021 17:37:34.464 INFORMACIÓN [main] org.apache.catalina.startup.VersionLoggerListener.log CATALINA_HOME:                     /var/home/lab/alum0/03/84/036/WebCom/servlet-practica/apache-tomcat-9.0.44
18-May-2021 17:37:34.465 INFORMACIÓN [main] org.apache.catalina.startup.VersionLoggerListener.log Command line argument:             -Djava.util.logging.config.file=/usr/lab/alum/0384036/WebCom/servlet-practica/apache-tomcat-9.0.44/conf/logging.properties
18-May-2021 17:37:34.465 INFORMACIÓN [main] org.apache.catalina.startup.VersionLoggerListener.log Command line argument:             -Djava.util.logging.manager=org.apache.juli.ClassLoaderLogManager
18-May-2021 17:37:34.465 INFORMACIÓN [main] org.apache.catalina.startup.VersionLoggerListener.log Command line argument:             -Djdk.tls.ephemeralDHKeySize=2048
18-May-2021 17:37:34.465 INFORMACIÓN [main] org.apache.catalina.startup.VersionLoggerListener.log Command line argument:             -Djava.protocol.handler.pkgs=org.apache.catalina.webresources
18-May-2021 17:37:34.465 INFORMACIÓN [main] org.apache.catalina.startup.VersionLoggerListener.log Command line argument:             -Dorg.apache.catalina.security.SecurityListener.UMASK=0027
18-May-2021 17:37:34.465 INFORMACIÓN [main] org.apache.catalina.startup.VersionLoggerListener.log Command line argument:             -Dignore.endorsed.dirs=
18-May-2021 17:37:34.466 INFORMACIÓN [main] org.apache.catalina.startup.VersionLoggerListener.log Command line argument:             -Dcatalina.base=/usr/lab/alum/0384036/WebCom/servlet-practica/apache-tomcat-9.0.44
18-May-2021 17:37:34.466 INFORMACIÓN [main] org.apache.catalina.startup.VersionLoggerListener.log Command line argument:             -Dcatalina.home=/usr/lab/alum/0384036/WebCom/servlet-practica/apache-tomcat-9.0.44
18-May-2021 17:37:34.466 INFORMACIÓN [main] org.apache.catalina.startup.VersionLoggerListener.log Command line argument:             -Djava.io.tmpdir=/usr/lab/alum/0384036/WebCom/servlet-practica/apache-tomcat-9.0.44/temp
18-May-2021 17:37:34.470 INFORMACIÓN [main] org.apache.catalina.core.AprLifecycleListener.lifecycleEvent La biblioteca nativa de Apache Tomcat basada en ARP que permite un rendimiento óptimo en entornos de desarrollo no ha sido hallada en java.library.path: [/usr/java/packages/lib/amd64:/usr/lib64:/lib64:/lib:/usr/lib]
18-May-2021 17:37:34.853 INFORMACIÓN [main] org.apache.coyote.AbstractProtocol.init Inicializando el manejador de protocolo ["http-nio-8080"]

18-May-2021 17:37:34.884 INFORMACIÓN [main] org.apache.catalina.startup.Catalina.load Server initialization in [921] milliseconds
18-May-2021 17:37:34.920 INFORMACIÓN [main] org.apache.catalina.core.StandardService.startInternal Arrancando servicio [Catalina]
18-May-2021 17:37:34.920 INFORMACIÓN [main] org.apache.catalina.core.StandardEngine.startInternal Starting Servlet engine: [Apache Tomcat/9.0.44]
18-May-2021 17:37:34.979 INFORMACIÓN [main] org.apache.catalina.startup.HostConfig.deployWAR Despliegue del archivo [/var/home/lab/alum0/03/84/036/WebCom/servlet-practica/apache-tomcat-9.0.44/webapps/twitter2.war] de la aplicación web
18-May-2021 17:37:36.028 ADVERTENCIA [main] org.apache.tomcat.dbcp.dbcp2.BasicDataSourceFactory.getObjectInstance Name = Twitter Property maxActive is not used in DBCP2, use maxTotal instead. maxTotal default value is 8. You have set value of "8" for "maxActive" property, which is being ignored.
18-May-2021 17:37:36.078 INFORMACIÓN [main] org.apache.jasper.servlet.TldScanner.scanJars Al menos un JAR, que se ha explorado buscando TLDs, aún no contenía TLDs. Activar historial de depuración para este historiador para una completa lista de los JARs que fueron explorados y de los que nos se halló TLDs. Saltarse JARs no necesarios durante la exploración puede dar lugar a una mejora de tiempo significativa en el arranque y compilación de JSP .
18-May-2021 17:37:36.154 INFORMACIÓN [main] org.apache.catalina.startup.HostConfig.deployWAR Deployment of web application archive [/var/home/lab/alum0/03/84/036/WebCom/servlet-practica/apache-tomcat-9.0.44/webapps/twitter2.war] has finished in [1.172] ms
18-May-2021 17:37:36.155 INFORMACIÓN [main] org.apache.catalina.startup.HostConfig.deployDirectory Desplegando el directorio [/var/home/lab/alum0/03/84/036/WebCom/servlet-practica/apache-tomcat-9.0.44/webapps/ROOT] de la aplicación web
18-May-2021 17:37:36.199 INFORMACIÓN [main] org.apache.catalina.startup.HostConfig.deployDirectory Deployment of web application directory [/var/home/lab/alum0/03/84/036/WebCom/servlet-practica/apache-tomcat-9.0.44/webapps/ROOT] has finished in [45] ms
18-May-2021 17:37:36.199 INFORMACIÓN [main] org.apache.catalina.startup.HostConfig.deployDirectory Desplegando el directorio [/var/home/lab/alum0/03/84/036/WebCom/servlet-practica/apache-tomcat-9.0.44/webapps/bookshop] de la aplicación web
18-May-2021 17:37:36.571 ADVERTENCIA [main] org.apache.tomcat.dbcp.dbcp2.BasicDataSourceFactory.getObjectInstance Name = BookShop Property maxActive is not used in DBCP2, use maxTotal instead. maxTotal default value is 8. You have set value of "8" for "maxActive" property, which is being ignored.
18-May-2021 17:37:36.585 INFORMACIÓN [main] org.apache.jasper.servlet.TldScanner.scanJars Al menos un JAR, que se ha explorado buscando TLDs, aún no contenía TLDs. Activar historial de depuración para este historiador para una completa lista de los JARs que fueron explorados y de los que nos se halló TLDs. Saltarse JARs no necesarios durante la exploración puede dar lugar a una mejora de tiempo significativa en el arranque y compilación de JSP .
18-May-2021 17:37:36.588 INFORMACIÓN [main] org.apache.catalina.startup.HostConfig.deployDirectory Deployment of web application directory [/var/home/lab/alum0/03/84/036/WebCom/servlet-practica/apache-tomcat-9.0.44/webapps/bookshop] has finished in [389] ms
18-May-2021 17:37:36.588 INFORMACIÓN [main] org.apache.catalina.startup.HostConfig.deployDirectory Desplegando el directorio [/var/home/lab/alum0/03/84/036/WebCom/servlet-practica/apache-tomcat-9.0.44/webapps/docs] de la aplicación web
18-May-2021 17:37:36.615 INFORMACIÓN [main] org.apache.catalina.startup.HostConfig.deployDirectory Deployment of web application directory [/var/home/lab/alum0/03/84/036/WebCom/servlet-practica/apache-tomcat-9.0.44/webapps/docs] has finished in [27] ms
18-May-2021 17:37:36.616 INFORMACIÓN [main] org.apache.catalina.startup.HostConfig.deployDirectory Desplegando el directorio [/var/home/lab/alum0/03/84/036/WebCom/servlet-practica/apache-tomcat-9.0.44/webapps/examples] de la aplicación web
18-May-2021 17:37:37.775 INFORMACIÓN [main] org.apache.catalina.startup.HostConfig.deployDirectory Deployment of web application directory [/var/home/lab/alum0/03/84/036/WebCom/servlet-practica/apache-tomcat-9.0.44/webapps/examples] has finished in [1.159] ms
18-May-2021 17:37:37.775 INFORMACIÓN [main] org.apache.catalina.startup.HostConfig.deployDirectory Desplegando el directorio [/var/home/lab/alum0/03/84/036/WebCom/servlet-practica/apache-tomcat-9.0.44/webapps/holamundo] de la aplicación web
18-May-2021 17:37:37.816 INFORMACIÓN [main] org.apache.catalina.startup.HostConfig.deployDirectory Deployment of web application directory [/var/home/lab/alum0/03/84/036/WebCom/servlet-practica/apache-tomcat-9.0.44/webapps/holamundo] has finished in [41] ms
18-May-2021 17:37:37.817 INFORMACIÓN [main] org.apache.catalina.startup.HostConfig.deployDirectory Desplegando el directorio [/var/home/lab/alum0/03/84/036/WebCom/servlet-practica/apache-tomcat-9.0.44/webapps/host-manager] de la aplicación web
18-May-2021 17:37:37.889 INFORMACIÓN [main] org.apache.catalina.startup.HostConfig.deployDirectory Deployment of web application directory [/var/home/lab/alum0/03/84/036/WebCom/servlet-practica/apache-tomcat-9.0.44/webapps/host-manager] has finished in [72] ms
18-May-2021 17:37:37.889 INFORMACIÓN [main] org.apache.catalina.startup.HostConfig.deployDirectory Desplegando el directorio [/var/home/lab/alum0/03/84/036/WebCom/servlet-practica/apache-tomcat-9.0.44/webapps/manager] de la aplicación web
18-May-2021 17:37:37.943 INFORMACIÓN [main] org.apache.catalina.startup.HostConfig.deployDirectory Deployment of web application directory [/var/home/lab/alum0/03/84/036/WebCom/servlet-practica/apache-tomcat-9.0.44/webapps/manager] has finished in [53] ms
18-May-2021 17:37:37.947 INFORMACIÓN [main] org.apache.coyote.AbstractProtocol.start Starting ProtocolHandler ["http-nio-8080"]
18-May-2021 17:37:37.954 INFORMACIÓN [main] org.apache.catalina.startup.Catalina.start Server startup in [3069] milliseconds
18-May-2021 18:18:52.345 INFORMACIÓN [Catalina-utility-1] org.apache.catalina.startup.HostConfig.undeploy Repliegue (undeploy) de la aplicación web que tiene como trayectoria de contexto [/twitter2]
18-May-2021 18:18:52.368 ADVERTENCIA [Catalina-utility-1] org.apache.catalina.loader.WebappClassLoaderBase.clearReferencesJdbc La aplicación web [twitter2] registró el conductor JDBC [com.mysql.cj.jdbc.Driver] pero falló al anular el registro mientras la aplicación web estaba parada. Para prevenir un fallo de memoria, se ha anulado el registro del conductor JDBC por la fuerza.
18-May-2021 18:18:52.369 ADVERTENCIA [Catalina-utility-1] org.apache.catalina.loader.WebappClassLoaderBase.clearReferencesThreads The web application [twitter2] appears to have started a thread named [mysql-cj-abandoned-connection-cleanup] but has failed to stop it. This is very likely to create a memory leak. Stack trace of thread:
 java.lang.Object.wait(Native Method)
 java.lang.ref.ReferenceQueue.remove(ReferenceQueue.java:143)
 com.mysql.cj.jdbc.AbandonedConnectionCleanupThread.run(AbandonedConnectionCleanupThread.java:91)
 java.util.concurrent.ThreadPoolExecutor.runWorker(ThreadPoolExecutor.java:1149)
 java.util.concurrent.ThreadPoolExecutor$Worker.run(ThreadPoolExecutor.java:624)
 java.lang.Thread.run(Thread.java:748)
18-May-2021 18:18:52.859 INFORMACIÓN [mysql-cj-abandoned-connection-cleanup] org.apache.catalina.loader.WebappClassLoaderBase.checkStateForResourceLoading Acceso ilegal: esta instancia de aplicación web ya ha sido parada.  Could not load [].  La eventual traza de pila que sigue ha sido motivada por un error lanzado con motivos de depuración así como para intentar terminar el hilo que motivó el acceso ilegal y no tiene impacto funcional.
	java.lang.IllegalStateException: Acceso ilegal: esta instancia de aplicación web ya ha sido parada.  Could not load [].  La eventual traza de pila que sigue ha sido motivada por un error lanzado con motivos de depuración así como para intentar terminar el hilo que motivó el acceso ilegal y no tiene impacto funcional.
		at org.apache.catalina.loader.WebappClassLoaderBase.checkStateForResourceLoading(WebappClassLoaderBase.java:1384)
		at org.apache.catalina.loader.WebappClassLoaderBase.getResource(WebappClassLoaderBase.java:1037)
		at com.mysql.cj.jdbc.AbandonedConnectionCleanupThread.checkThreadContextClassLoader(AbandonedConnectionCleanupThread.java:123)
		at com.mysql.cj.jdbc.AbandonedConnectionCleanupThread.run(AbandonedConnectionCleanupThread.java:90)
		at java.util.concurrent.ThreadPoolExecutor.runWorker(ThreadPoolExecutor.java:1149)
		at java.util.concurrent.ThreadPoolExecutor$Worker.run(ThreadPoolExecutor.java:624)
		at java.lang.Thread.run(Thread.java:748)
18-May-2021 18:19:02.465 INFORMACIÓN [Catalina-utility-2] org.apache.catalina.startup.HostConfig.deployWAR Despliegue del archivo [/var/home/lab/alum0/03/84/036/WebCom/servlet-practica/apache-tomcat-9.0.44/webapps/Twitter_G1.war] de la aplicación web
18-May-2021 18:19:02.867 GRAVE [Catalina-utility-2] org.apache.catalina.startup.ContextConfig.beforeStart Excepción arreglando docBase: [/Twitter_G1]
	java.io.IOException: Unable to create the file [/var/home/lab/alum0/03/84/036/WebCom/servlet-practica/apache-tomcat-9.0.44/webapps/Twitter_G1/META-INF/war-tracker]
		at org.apache.catalina.startup.ExpandWar.expand(ExpandWar.java:177)
		at org.apache.catalina.startup.ContextConfig.fixDocBase(ContextConfig.java:820)
		at org.apache.catalina.startup.ContextConfig.beforeStart(ContextConfig.java:959)
		at org.apache.catalina.startup.ContextConfig.lifecycleEvent(ContextConfig.java:305)
		at org.apache.catalina.util.LifecycleBase.fireLifecycleEvent(LifecycleBase.java:123)
		at org.apache.catalina.util.LifecycleBase.setStateInternal(LifecycleBase.java:423)
		at org.apache.catalina.util.LifecycleBase.start(LifecycleBase.java:182)
		at org.apache.catalina.core.ContainerBase.addChildInternal(ContainerBase.java:717)
		at org.apache.catalina.core.ContainerBase.addChild(ContainerBase.java:690)
		at org.apache.catalina.core.StandardHost.addChild(StandardHost.java:706)
		at org.apache.catalina.startup.HostConfig.deployWAR(HostConfig.java:1023)
		at org.apache.catalina.startup.HostConfig$DeployWar.run(HostConfig.java:1903)
		at java.util.concurrent.Executors$RunnableAdapter.call(Executors.java:511)
		at java.util.concurrent.FutureTask.run(FutureTask.java:266)
		at org.apache.tomcat.util.threads.InlineExecutorService.execute(InlineExecutorService.java:75)
		at java.util.concurrent.AbstractExecutorService.submit(AbstractExecutorService.java:112)
		at org.apache.catalina.startup.HostConfig.deployWARs(HostConfig.java:824)
		at org.apache.catalina.startup.HostConfig.deployApps(HostConfig.java:474)
		at org.apache.catalina.startup.HostConfig.check(HostConfig.java:1660)
		at org.apache.catalina.startup.HostConfig.lifecycleEvent(HostConfig.java:315)
		at org.apache.catalina.util.LifecycleBase.fireLifecycleEvent(LifecycleBase.java:123)
		at org.apache.catalina.core.ContainerBase.backgroundProcess(ContainerBase.java:1151)
		at org.apache.catalina.core.ContainerBase$ContainerBackgroundProcessor.processChildren(ContainerBase.java:1353)
		at org.apache.catalina.core.ContainerBase$ContainerBackgroundProcessor.processChildren(ContainerBase.java:1357)
		at org.apache.catalina.core.ContainerBase$ContainerBackgroundProcessor.run(ContainerBase.java:1335)
		at java.util.concurrent.Executors$RunnableAdapter.call(Executors.java:511)
		at java.util.concurrent.FutureTask.runAndReset(FutureTask.java:308)
		at java.util.concurrent.ScheduledThreadPoolExecutor$ScheduledFutureTask.access$301(ScheduledThreadPoolExecutor.java:180)
		at java.util.concurrent.ScheduledThreadPoolExecutor$ScheduledFutureTask.run(ScheduledThreadPoolExecutor.java:294)
		at java.util.concurrent.ThreadPoolExecutor.runWorker(ThreadPoolExecutor.java:1149)
		at java.util.concurrent.ThreadPoolExecutor$Worker.run(ThreadPoolExecutor.java:624)
		at org.apache.tomcat.util.threads.TaskThread$WrappingRunnable.run(TaskThread.java:61)
		at java.lang.Thread.run(Thread.java:748)
18-May-2021 18:19:08.128 INFORMACIÓN [Catalina-utility-2] org.apache.jasper.servlet.TldScanner.scanJars Al menos un JAR, que se ha explorado buscando TLDs, aún no contenía TLDs. Activar historial de depuración para este historiador para una completa lista de los JARs que fueron explorados y de los que nos se halló TLDs. Saltarse JARs no necesarios durante la exploración puede dar lugar a una mejora de tiempo significativa en el arranque y compilación de JSP .
18-May-2021 18:19:08.132 INFORMACIÓN [Catalina-utility-2] org.apache.catalina.startup.HostConfig.deployWAR Deployment of web application archive [/var/home/lab/alum0/03/84/036/WebCom/servlet-practica/apache-tomcat-9.0.44/webapps/Twitter_G1.war] has finished in [5.666] ms
18-May-2021 18:19:55.334 INFORMACIÓN [main] org.apache.catalina.core.StandardServer.await Se ha recibido un comando de apagado a través del puerto de apagado. Parando la instancia del Servidor.
18-May-2021 18:19:55.334 INFORMACIÓN [main] org.apache.coyote.AbstractProtocol.pause Pausing ProtocolHandler ["http-nio-8080"]
18-May-2021 18:19:55.341 INFORMACIÓN [main] org.apache.catalina.core.StandardService.stopInternal Parando servicio [Catalina]
18-May-2021 18:19:55.366 INFORMACIÓN [main] org.apache.coyote.AbstractProtocol.stop Stopping ProtocolHandler ["http-nio-8080"]
18-May-2021 18:19:55.388 INFORMACIÓN [main] org.apache.coyote.AbstractProtocol.destroy Destroying ProtocolHandler ["http-nio-8080"]
18-May-2021 18:20:00.479 INFORMACIÓN [main] org.apache.catalina.startup.VersionLoggerListener.log Nombre de la versión del servidor: Apache Tomcat/9.0.44
18-May-2021 18:20:00.481 INFORMACIÓN [main] org.apache.catalina.startup.VersionLoggerListener.log Server built:                      Mar 4 2021 21:49:34 UTC
18-May-2021 18:20:00.481 INFORMACIÓN [main] org.apache.catalina.startup.VersionLoggerListener.log Número de versión de servidor:     9.0.44.0
18-May-2021 18:20:00.481 INFORMACIÓN [main] org.apache.catalina.startup.VersionLoggerListener.log OS Name:                           Linux
18-May-2021 18:20:00.481 INFORMACIÓN [main] org.apache.catalina.startup.VersionLoggerListener.log Versión de Systema Operativo:      5.2.0
18-May-2021 18:20:00.481 INFORMACIÓN [main] org.apache.catalina.startup.VersionLoggerListener.log Arquitectura:                      amd64
18-May-2021 18:20:00.481 INFORMACIÓN [main] org.apache.catalina.startup.VersionLoggerListener.log Java Home:                         /usr/lib/jvm/oracle-java8-jdk-amd64/jre
18-May-2021 18:20:00.481 INFORMACIÓN [main] org.apache.catalina.startup.VersionLoggerListener.log JVM Version:                       1.8.0_141-b15
18-May-2021 18:20:00.481 INFORMACIÓN [main] org.apache.catalina.startup.VersionLoggerListener.log Vededor JVM:                       Oracle Corporation
18-May-2021 18:20:00.481 INFORMACIÓN [main] org.apache.catalina.startup.VersionLoggerListener.log CATALINA_BASE:                     /var/home/lab/alum0/03/84/036/WebCom/servlet-practica/apache-tomcat-9.0.44
18-May-2021 18:20:00.481 INFORMACIÓN [main] org.apache.catalina.startup.VersionLoggerListener.log CATALINA_HOME:                     /var/home/lab/alum0/03/84/036/WebCom/servlet-practica/apache-tomcat-9.0.44
18-May-2021 18:20:00.482 INFORMACIÓN [main] org.apache.catalina.startup.VersionLoggerListener.log Command line argument:             -Djava.util.logging.config.file=/usr/lab/alum/0384036/WebCom/servlet-practica/apache-tomcat-9.0.44/conf/logging.properties
18-May-2021 18:20:00.482 INFORMACIÓN [main] org.apache.catalina.startup.VersionLoggerListener.log Command line argument:             -Djava.util.logging.manager=org.apache.juli.ClassLoaderLogManager
18-May-2021 18:20:00.482 INFORMACIÓN [main] org.apache.catalina.startup.VersionLoggerListener.log Command line argument:             -Djdk.tls.ephemeralDHKeySize=2048
18-May-2021 18:20:00.482 INFORMACIÓN [main] org.apache.catalina.startup.VersionLoggerListener.log Command line argument:             -Djava.protocol.handler.pkgs=org.apache.catalina.webresources
18-May-2021 18:20:00.482 INFORMACIÓN [main] org.apache.catalina.startup.VersionLoggerListener.log Command line argument:             -Dorg.apache.catalina.security.SecurityListener.UMASK=0027
18-May-2021 18:20:00.482 INFORMACIÓN [main] org.apache.catalina.startup.VersionLoggerListener.log Command line argument:             -Dignore.endorsed.dirs=
18-May-2021 18:20:00.482 INFORMACIÓN [main] org.apache.catalina.startup.VersionLoggerListener.log Command line argument:             -Dcatalina.base=/usr/lab/alum/0384036/WebCom/servlet-practica/apache-tomcat-9.0.44
18-May-2021 18:20:00.483 INFORMACIÓN [main] org.apache.catalina.startup.VersionLoggerListener.log Command line argument:             -Dcatalina.home=/usr/lab/alum/0384036/WebCom/servlet-practica/apache-tomcat-9.0.44
18-May-2021 18:20:00.483 INFORMACIÓN [main] org.apache.catalina.startup.VersionLoggerListener.log Command line argument:             -Djava.io.tmpdir=/usr/lab/alum/0384036/WebCom/servlet-practica/apache-tomcat-9.0.44/temp
18-May-2021 18:20:00.484 INFORMACIÓN [main] org.apache.catalina.core.AprLifecycleListener.lifecycleEvent La biblioteca nativa de Apache Tomcat basada en ARP que permite un rendimiento óptimo en entornos de desarrollo no ha sido hallada en java.library.path: [/usr/java/packages/lib/amd64:/usr/lib64:/lib64:/lib:/usr/lib]
18-May-2021 18:20:00.852 INFORMACIÓN [main] org.apache.coyote.AbstractProtocol.init Inicializando el manejador de protocolo ["http-nio-8080"]

18-May-2021 18:20:00.885 INFORMACIÓN [main] org.apache.catalina.startup.Catalina.load Server initialization in [598] milliseconds
18-May-2021 18:20:00.915 INFORMACIÓN [main] org.apache.catalina.core.StandardService.startInternal Arrancando servicio [Catalina]
18-May-2021 18:20:00.915 INFORMACIÓN [main] org.apache.catalina.core.StandardEngine.startInternal Starting Servlet engine: [Apache Tomcat/9.0.44]
18-May-2021 18:20:00.949 INFORMACIÓN [main] org.apache.catalina.startup.HostConfig.deployWAR Despliegue del archivo [/var/home/lab/alum0/03/84/036/WebCom/servlet-practica/apache-tomcat-9.0.44/webapps/Twitter_G1.war] de la aplicación web
18-May-2021 18:20:01.370 GRAVE [main] org.apache.catalina.startup.ContextConfig.beforeStart Excepción arreglando docBase: [/Twitter_G1]
	java.io.IOException: Unable to create the file [/var/home/lab/alum0/03/84/036/WebCom/servlet-practica/apache-tomcat-9.0.44/webapps/Twitter_G1/META-INF/war-tracker]
		at org.apache.catalina.startup.ExpandWar.expand(ExpandWar.java:177)
		at org.apache.catalina.startup.ContextConfig.fixDocBase(ContextConfig.java:820)
		at org.apache.catalina.startup.ContextConfig.beforeStart(ContextConfig.java:959)
		at org.apache.catalina.startup.ContextConfig.lifecycleEvent(ContextConfig.java:305)
		at org.apache.catalina.util.LifecycleBase.fireLifecycleEvent(LifecycleBase.java:123)
		at org.apache.catalina.util.LifecycleBase.setStateInternal(LifecycleBase.java:423)
		at org.apache.catalina.util.LifecycleBase.start(LifecycleBase.java:182)
		at org.apache.catalina.core.ContainerBase.addChildInternal(ContainerBase.java:717)
		at org.apache.catalina.core.ContainerBase.addChild(ContainerBase.java:690)
		at org.apache.catalina.core.StandardHost.addChild(StandardHost.java:706)
		at org.apache.catalina.startup.HostConfig.deployWAR(HostConfig.java:1023)
		at org.apache.catalina.startup.HostConfig$DeployWar.run(HostConfig.java:1903)
		at java.util.concurrent.Executors$RunnableAdapter.call(Executors.java:511)
		at java.util.concurrent.FutureTask.run(FutureTask.java:266)
		at org.apache.tomcat.util.threads.InlineExecutorService.execute(InlineExecutorService.java:75)
		at java.util.concurrent.AbstractExecutorService.submit(AbstractExecutorService.java:112)
		at org.apache.catalina.startup.HostConfig.deployWARs(HostConfig.java:824)
		at org.apache.catalina.startup.HostConfig.deployApps(HostConfig.java:474)
		at org.apache.catalina.startup.HostConfig.start(HostConfig.java:1611)
		at org.apache.catalina.startup.HostConfig.lifecycleEvent(HostConfig.java:319)
		at org.apache.catalina.util.LifecycleBase.fireLifecycleEvent(LifecycleBase.java:123)
		at org.apache.catalina.util.LifecycleBase.setStateInternal(LifecycleBase.java:423)
		at org.apache.catalina.util.LifecycleBase.setState(LifecycleBase.java:366)
		at org.apache.catalina.core.ContainerBase.startInternal(ContainerBase.java:936)
		at org.apache.catalina.core.StandardHost.startInternal(StandardHost.java:843)
		at org.apache.catalina.util.LifecycleBase.start(LifecycleBase.java:183)
		at org.apache.catalina.core.ContainerBase$StartChild.call(ContainerBase.java:1384)
		at org.apache.catalina.core.ContainerBase$StartChild.call(ContainerBase.java:1374)
		at java.util.concurrent.FutureTask.run(FutureTask.java:266)
		at org.apache.tomcat.util.threads.InlineExecutorService.execute(InlineExecutorService.java:75)
		at java.util.concurrent.AbstractExecutorService.submit(AbstractExecutorService.java:134)
		at org.apache.catalina.core.ContainerBase.startInternal(ContainerBase.java:909)
		at org.apache.catalina.core.StandardEngine.startInternal(StandardEngine.java:262)
		at org.apache.catalina.util.LifecycleBase.start(LifecycleBase.java:183)
		at org.apache.catalina.core.StandardService.startInternal(StandardService.java:434)
		at org.apache.catalina.util.LifecycleBase.start(LifecycleBase.java:183)
		at org.apache.catalina.core.StandardServer.startInternal(StandardServer.java:930)
		at org.apache.catalina.util.LifecycleBase.start(LifecycleBase.java:183)
		at org.apache.catalina.startup.Catalina.start(Catalina.java:772)
		at sun.reflect.NativeMethodAccessorImpl.invoke0(Native Method)
		at sun.reflect.NativeMethodAccessorImpl.invoke(NativeMethodAccessorImpl.java:62)
		at sun.reflect.DelegatingMethodAccessorImpl.invoke(DelegatingMethodAccessorImpl.java:43)
		at java.lang.reflect.Method.invoke(Method.java:498)
		at org.apache.catalina.startup.Bootstrap.start(Bootstrap.java:342)
		at org.apache.catalina.startup.Bootstrap.main(Bootstrap.java:473)
18-May-2021 18:20:06.977 ADVERTENCIA [main] org.apache.tomcat.dbcp.dbcp2.BasicDataSourceFactory.getObjectInstance Name = Twitter Property maxActive is not used in DBCP2, use maxTotal instead. maxTotal default value is 8. You have set value of "8" for "maxActive" property, which is being ignored.
18-May-2021 18:20:07.064 INFORMACIÓN [main] org.apache.jasper.servlet.TldScanner.scanJars Al menos un JAR, que se ha explorado buscando TLDs, aún no contenía TLDs. Activar historial de depuración para este historiador para una completa lista de los JARs que fueron explorados y de los que nos se halló TLDs. Saltarse JARs no necesarios durante la exploración puede dar lugar a una mejora de tiempo significativa en el arranque y compilación de JSP .
18-May-2021 18:20:07.104 INFORMACIÓN [main] org.apache.catalina.startup.HostConfig.deployWAR Deployment of web application archive [/var/home/lab/alum0/03/84/036/WebCom/servlet-practica/apache-tomcat-9.0.44/webapps/Twitter_G1.war] has finished in [6.153] ms
18-May-2021 18:20:07.105 INFORMACIÓN [main] org.apache.catalina.startup.HostConfig.deployDirectory Desplegando el directorio [/var/home/lab/alum0/03/84/036/WebCom/servlet-practica/apache-tomcat-9.0.44/webapps/ROOT] de la aplicación web
18-May-2021 18:20:07.128 INFORMACIÓN [main] org.apache.catalina.startup.HostConfig.deployDirectory Deployment of web application directory [/var/home/lab/alum0/03/84/036/WebCom/servlet-practica/apache-tomcat-9.0.44/webapps/ROOT] has finished in [23] ms
18-May-2021 18:20:07.128 INFORMACIÓN [main] org.apache.catalina.startup.HostConfig.deployDirectory Desplegando el directorio [/var/home/lab/alum0/03/84/036/WebCom/servlet-practica/apache-tomcat-9.0.44/webapps/bookshop] de la aplicación web
18-May-2021 18:20:07.354 ADVERTENCIA [main] org.apache.tomcat.dbcp.dbcp2.BasicDataSourceFactory.getObjectInstance Name = BookShop Property maxActive is not used in DBCP2, use maxTotal instead. maxTotal default value is 8. You have set value of "8" for "maxActive" property, which is being ignored.
18-May-2021 18:20:07.368 INFORMACIÓN [main] org.apache.jasper.servlet.TldScanner.scanJars Al menos un JAR, que se ha explorado buscando TLDs, aún no contenía TLDs. Activar historial de depuración para este historiador para una completa lista de los JARs que fueron explorados y de los que nos se halló TLDs. Saltarse JARs no necesarios durante la exploración puede dar lugar a una mejora de tiempo significativa en el arranque y compilación de JSP .
18-May-2021 18:20:07.371 INFORMACIÓN [main] org.apache.catalina.startup.HostConfig.deployDirectory Deployment of web application directory [/var/home/lab/alum0/03/84/036/WebCom/servlet-practica/apache-tomcat-9.0.44/webapps/bookshop] has finished in [243] ms
18-May-2021 18:20:07.371 INFORMACIÓN [main] org.apache.catalina.startup.HostConfig.deployDirectory Desplegando el directorio [/var/home/lab/alum0/03/84/036/WebCom/servlet-practica/apache-tomcat-9.0.44/webapps/docs] de la aplicación web
18-May-2021 18:20:07.404 INFORMACIÓN [main] org.apache.catalina.startup.HostConfig.deployDirectory Deployment of web application directory [/var/home/lab/alum0/03/84/036/WebCom/servlet-practica/apache-tomcat-9.0.44/webapps/docs] has finished in [32] ms
18-May-2021 18:20:07.404 INFORMACIÓN [main] org.apache.catalina.startup.HostConfig.deployDirectory Desplegando el directorio [/var/home/lab/alum0/03/84/036/WebCom/servlet-practica/apache-tomcat-9.0.44/webapps/examples] de la aplicación web
18-May-2021 18:20:07.871 INFORMACIÓN [main] org.apache.catalina.startup.HostConfig.deployDirectory Deployment of web application directory [/var/home/lab/alum0/03/84/036/WebCom/servlet-practica/apache-tomcat-9.0.44/webapps/examples] has finished in [467] ms
18-May-2021 18:20:07.871 INFORMACIÓN [main] org.apache.catalina.startup.HostConfig.deployDirectory Desplegando el directorio [/var/home/lab/alum0/03/84/036/WebCom/servlet-practica/apache-tomcat-9.0.44/webapps/holamundo] de la aplicación web
18-May-2021 18:20:07.902 INFORMACIÓN [main] org.apache.catalina.startup.HostConfig.deployDirectory Deployment of web application directory [/var/home/lab/alum0/03/84/036/WebCom/servlet-practica/apache-tomcat-9.0.44/webapps/holamundo] has finished in [31] ms
18-May-2021 18:20:07.903 INFORMACIÓN [main] org.apache.catalina.startup.HostConfig.deployDirectory Desplegando el directorio [/var/home/lab/alum0/03/84/036/WebCom/servlet-practica/apache-tomcat-9.0.44/webapps/host-manager] de la aplicación web
18-May-2021 18:20:07.937 INFORMACIÓN [main] org.apache.catalina.startup.HostConfig.deployDirectory Deployment of web application directory [/var/home/lab/alum0/03/84/036/WebCom/servlet-practica/apache-tomcat-9.0.44/webapps/host-manager] has finished in [34] ms
18-May-2021 18:20:07.938 INFORMACIÓN [main] org.apache.catalina.startup.HostConfig.deployDirectory Desplegando el directorio [/var/home/lab/alum0/03/84/036/WebCom/servlet-practica/apache-tomcat-9.0.44/webapps/manager] de la aplicación web
18-May-2021 18:20:07.973 INFORMACIÓN [main] org.apache.catalina.startup.HostConfig.deployDirectory Deployment of web application directory [/var/home/lab/alum0/03/84/036/WebCom/servlet-practica/apache-tomcat-9.0.44/webapps/manager] has finished in [35] ms
18-May-2021 18:20:07.977 INFORMACIÓN [main] org.apache.coyote.AbstractProtocol.start Starting ProtocolHandler ["http-nio-8080"]
18-May-2021 18:20:07.995 INFORMACIÓN [main] org.apache.catalina.startup.Catalina.start Server startup in [7109] milliseconds
18-May-2021 18:21:07.095 INFORMACIÓN [main] org.apache.catalina.core.StandardServer.await Se ha recibido un comando de apagado a través del puerto de apagado. Parando la instancia del Servidor.
18-May-2021 18:21:07.096 INFORMACIÓN [main] org.apache.coyote.AbstractProtocol.pause Pausing ProtocolHandler ["http-nio-8080"]
18-May-2021 18:21:07.104 INFORMACIÓN [main] org.apache.catalina.core.StandardService.stopInternal Parando servicio [Catalina]
18-May-2021 18:21:07.130 INFORMACIÓN [main] org.apache.coyote.AbstractProtocol.stop Stopping ProtocolHandler ["http-nio-8080"]
18-May-2021 18:21:07.152 INFORMACIÓN [main] org.apache.coyote.AbstractProtocol.destroy Destroying ProtocolHandler ["http-nio-8080"]
18-May-2021 18:21:09.232 INFORMACIÓN [main] org.apache.catalina.startup.VersionLoggerListener.log Nombre de la versión del servidor: Apache Tomcat/9.0.44
18-May-2021 18:21:09.234 INFORMACIÓN [main] org.apache.catalina.startup.VersionLoggerListener.log Server built:                      Mar 4 2021 21:49:34 UTC
18-May-2021 18:21:09.234 INFORMACIÓN [main] org.apache.catalina.startup.VersionLoggerListener.log Número de versión de servidor:     9.0.44.0
18-May-2021 18:21:09.234 INFORMACIÓN [main] org.apache.catalina.startup.VersionLoggerListener.log OS Name:                           Linux
18-May-2021 18:21:09.234 INFORMACIÓN [main] org.apache.catalina.startup.VersionLoggerListener.log Versión de Systema Operativo:      5.2.0
18-May-2021 18:21:09.234 INFORMACIÓN [main] org.apache.catalina.startup.VersionLoggerListener.log Arquitectura:                      amd64
18-May-2021 18:21:09.234 INFORMACIÓN [main] org.apache.catalina.startup.VersionLoggerListener.log Java Home:                         /usr/lib/jvm/oracle-java8-jdk-amd64/jre
18-May-2021 18:21:09.234 INFORMACIÓN [main] org.apache.catalina.startup.VersionLoggerListener.log JVM Version:                       1.8.0_141-b15
18-May-2021 18:21:09.234 INFORMACIÓN [main] org.apache.catalina.startup.VersionLoggerListener.log Vededor JVM:                       Oracle Corporation
18-May-2021 18:21:09.234 INFORMACIÓN [main] org.apache.catalina.startup.VersionLoggerListener.log CATALINA_BASE:                     /var/home/lab/alum0/03/84/036/WebCom/servlet-practica/apache-tomcat-9.0.44
18-May-2021 18:21:09.234 INFORMACIÓN [main] org.apache.catalina.startup.VersionLoggerListener.log CATALINA_HOME:                     /var/home/lab/alum0/03/84/036/WebCom/servlet-practica/apache-tomcat-9.0.44
18-May-2021 18:21:09.235 INFORMACIÓN [main] org.apache.catalina.startup.VersionLoggerListener.log Command line argument:             -Djava.util.logging.config.file=/usr/lab/alum/0384036/WebCom/servlet-practica/apache-tomcat-9.0.44/conf/logging.properties
18-May-2021 18:21:09.235 INFORMACIÓN [main] org.apache.catalina.startup.VersionLoggerListener.log Command line argument:             -Djava.util.logging.manager=org.apache.juli.ClassLoaderLogManager
18-May-2021 18:21:09.235 INFORMACIÓN [main] org.apache.catalina.startup.VersionLoggerListener.log Command line argument:             -Djdk.tls.ephemeralDHKeySize=2048
18-May-2021 18:21:09.235 INFORMACIÓN [main] org.apache.catalina.startup.VersionLoggerListener.log Command line argument:             -Djava.protocol.handler.pkgs=org.apache.catalina.webresources
18-May-2021 18:21:09.235 INFORMACIÓN [main] org.apache.catalina.startup.VersionLoggerListener.log Command line argument:             -Dorg.apache.catalina.security.SecurityListener.UMASK=0027
18-May-2021 18:21:09.235 INFORMACIÓN [main] org.apache.catalina.startup.VersionLoggerListener.log Command line argument:             -Dignore.endorsed.dirs=
18-May-2021 18:21:09.235 INFORMACIÓN [main] org.apache.catalina.startup.VersionLoggerListener.log Command line argument:             -Dcatalina.base=/usr/lab/alum/0384036/WebCom/servlet-practica/apache-tomcat-9.0.44
18-May-2021 18:21:09.235 INFORMACIÓN [main] org.apache.catalina.startup.VersionLoggerListener.log Command line argument:             -Dcatalina.home=/usr/lab/alum/0384036/WebCom/servlet-practica/apache-tomcat-9.0.44
18-May-2021 18:21:09.235 INFORMACIÓN [main] org.apache.catalina.startup.VersionLoggerListener.log Command line argument:             -Djava.io.tmpdir=/usr/lab/alum/0384036/WebCom/servlet-practica/apache-tomcat-9.0.44/temp
18-May-2021 18:21:09.237 INFORMACIÓN [main] org.apache.catalina.core.AprLifecycleListener.lifecycleEvent La biblioteca nativa de Apache Tomcat basada en ARP que permite un rendimiento óptimo en entornos de desarrollo no ha sido hallada en java.library.path: [/usr/java/packages/lib/amd64:/usr/lib64:/lib64:/lib:/usr/lib]
18-May-2021 18:21:09.606 INFORMACIÓN [main] org.apache.coyote.AbstractProtocol.init Inicializando el manejador de protocolo ["http-nio-8080"]

18-May-2021 18:21:09.631 INFORMACIÓN [main] org.apache.catalina.startup.Catalina.load Server initialization in [586] milliseconds
18-May-2021 18:21:09.655 INFORMACIÓN [main] org.apache.catalina.core.StandardService.startInternal Arrancando servicio [Catalina]
18-May-2021 18:21:09.655 INFORMACIÓN [main] org.apache.catalina.core.StandardEngine.startInternal Starting Servlet engine: [Apache Tomcat/9.0.44]
18-May-2021 18:21:09.792 INFORMACIÓN [main] org.apache.catalina.startup.HostConfig.deployWAR Despliegue del archivo [/var/home/lab/alum0/03/84/036/WebCom/servlet-practica/apache-tomcat-9.0.44/webapps/Twitter2.war] de la aplicación web
18-May-2021 18:21:10.243 GRAVE [main] org.apache.catalina.startup.ContextConfig.beforeStart Excepción arreglando docBase: [/Twitter2]
	java.io.IOException: Unable to create the file [/var/home/lab/alum0/03/84/036/WebCom/servlet-practica/apache-tomcat-9.0.44/webapps/Twitter2/META-INF/war-tracker]
		at org.apache.catalina.startup.ExpandWar.expand(ExpandWar.java:177)
		at org.apache.catalina.startup.ContextConfig.fixDocBase(ContextConfig.java:820)
		at org.apache.catalina.startup.ContextConfig.beforeStart(ContextConfig.java:959)
		at org.apache.catalina.startup.ContextConfig.lifecycleEvent(ContextConfig.java:305)
		at org.apache.catalina.util.LifecycleBase.fireLifecycleEvent(LifecycleBase.java:123)
		at org.apache.catalina.util.LifecycleBase.setStateInternal(LifecycleBase.java:423)
		at org.apache.catalina.util.LifecycleBase.start(LifecycleBase.java:182)
		at org.apache.catalina.core.ContainerBase.addChildInternal(ContainerBase.java:717)
		at org.apache.catalina.core.ContainerBase.addChild(ContainerBase.java:690)
		at org.apache.catalina.core.StandardHost.addChild(StandardHost.java:706)
		at org.apache.catalina.startup.HostConfig.deployWAR(HostConfig.java:1023)
		at org.apache.catalina.startup.HostConfig$DeployWar.run(HostConfig.java:1903)
		at java.util.concurrent.Executors$RunnableAdapter.call(Executors.java:511)
		at java.util.concurrent.FutureTask.run(FutureTask.java:266)
		at org.apache.tomcat.util.threads.InlineExecutorService.execute(InlineExecutorService.java:75)
		at java.util.concurrent.AbstractExecutorService.submit(AbstractExecutorService.java:112)
		at org.apache.catalina.startup.HostConfig.deployWARs(HostConfig.java:824)
		at org.apache.catalina.startup.HostConfig.deployApps(HostConfig.java:474)
		at org.apache.catalina.startup.HostConfig.start(HostConfig.java:1611)
		at org.apache.catalina.startup.HostConfig.lifecycleEvent(HostConfig.java:319)
		at org.apache.catalina.util.LifecycleBase.fireLifecycleEvent(LifecycleBase.java:123)
		at org.apache.catalina.util.LifecycleBase.setStateInternal(LifecycleBase.java:423)
		at org.apache.catalina.util.LifecycleBase.setState(LifecycleBase.java:366)
		at org.apache.catalina.core.ContainerBase.startInternal(ContainerBase.java:936)
		at org.apache.catalina.core.StandardHost.startInternal(StandardHost.java:843)
		at org.apache.catalina.util.LifecycleBase.start(LifecycleBase.java:183)
		at org.apache.catalina.core.ContainerBase$StartChild.call(ContainerBase.java:1384)
		at org.apache.catalina.core.ContainerBase$StartChild.call(ContainerBase.java:1374)
		at java.util.concurrent.FutureTask.run(FutureTask.java:266)
		at org.apache.tomcat.util.threads.InlineExecutorService.execute(InlineExecutorService.java:75)
		at java.util.concurrent.AbstractExecutorService.submit(AbstractExecutorService.java:134)
		at org.apache.catalina.core.ContainerBase.startInternal(ContainerBase.java:909)
		at org.apache.catalina.core.StandardEngine.startInternal(StandardEngine.java:262)
		at org.apache.catalina.util.LifecycleBase.start(LifecycleBase.java:183)
		at org.apache.catalina.core.StandardService.startInternal(StandardService.java:434)
		at org.apache.catalina.util.LifecycleBase.start(LifecycleBase.java:183)
		at org.apache.catalina.core.StandardServer.startInternal(StandardServer.java:930)
		at org.apache.catalina.util.LifecycleBase.start(LifecycleBase.java:183)
		at org.apache.catalina.startup.Catalina.start(Catalina.java:772)
		at sun.reflect.NativeMethodAccessorImpl.invoke0(Native Method)
		at sun.reflect.NativeMethodAccessorImpl.invoke(NativeMethodAccessorImpl.java:62)
		at sun.reflect.DelegatingMethodAccessorImpl.invoke(DelegatingMethodAccessorImpl.java:43)
		at java.lang.reflect.Method.invoke(Method.java:498)
		at org.apache.catalina.startup.Bootstrap.start(Bootstrap.java:342)
		at org.apache.catalina.startup.Bootstrap.main(Bootstrap.java:473)
18-May-2021 18:21:15.758 ADVERTENCIA [main] org.apache.tomcat.dbcp.dbcp2.BasicDataSourceFactory.getObjectInstance Name = Twitter Property maxActive is not used in DBCP2, use maxTotal instead. maxTotal default value is 8. You have set value of "8" for "maxActive" property, which is being ignored.
18-May-2021 18:21:15.847 INFORMACIÓN [main] org.apache.jasper.servlet.TldScanner.scanJars Al menos un JAR, que se ha explorado buscando TLDs, aún no contenía TLDs. Activar historial de depuración para este historiador para una completa lista de los JARs que fueron explorados y de los que nos se halló TLDs. Saltarse JARs no necesarios durante la exploración puede dar lugar a una mejora de tiempo significativa en el arranque y compilación de JSP .
18-May-2021 18:21:15.899 INFORMACIÓN [main] org.apache.catalina.startup.HostConfig.deployWAR Deployment of web application archive [/var/home/lab/alum0/03/84/036/WebCom/servlet-practica/apache-tomcat-9.0.44/webapps/Twitter2.war] has finished in [6.105] ms
18-May-2021 18:21:15.899 INFORMACIÓN [main] org.apache.catalina.startup.HostConfig.deployDirectory Desplegando el directorio [/var/home/lab/alum0/03/84/036/WebCom/servlet-practica/apache-tomcat-9.0.44/webapps/ROOT] de la aplicación web
18-May-2021 18:21:15.922 INFORMACIÓN [main] org.apache.catalina.startup.HostConfig.deployDirectory Deployment of web application directory [/var/home/lab/alum0/03/84/036/WebCom/servlet-practica/apache-tomcat-9.0.44/webapps/ROOT] has finished in [23] ms
18-May-2021 18:21:15.923 INFORMACIÓN [main] org.apache.catalina.startup.HostConfig.deployDirectory Desplegando el directorio [/var/home/lab/alum0/03/84/036/WebCom/servlet-practica/apache-tomcat-9.0.44/webapps/bookshop] de la aplicación web
18-May-2021 18:21:16.155 ADVERTENCIA [main] org.apache.tomcat.dbcp.dbcp2.BasicDataSourceFactory.getObjectInstance Name = BookShop Property maxActive is not used in DBCP2, use maxTotal instead. maxTotal default value is 8. You have set value of "8" for "maxActive" property, which is being ignored.
18-May-2021 18:21:16.169 INFORMACIÓN [main] org.apache.jasper.servlet.TldScanner.scanJars Al menos un JAR, que se ha explorado buscando TLDs, aún no contenía TLDs. Activar historial de depuración para este historiador para una completa lista de los JARs que fueron explorados y de los que nos se halló TLDs. Saltarse JARs no necesarios durante la exploración puede dar lugar a una mejora de tiempo significativa en el arranque y compilación de JSP .
18-May-2021 18:21:16.172 INFORMACIÓN [main] org.apache.catalina.startup.HostConfig.deployDirectory Deployment of web application directory [/var/home/lab/alum0/03/84/036/WebCom/servlet-practica/apache-tomcat-9.0.44/webapps/bookshop] has finished in [249] ms
18-May-2021 18:21:16.172 INFORMACIÓN [main] org.apache.catalina.startup.HostConfig.deployDirectory Desplegando el directorio [/var/home/lab/alum0/03/84/036/WebCom/servlet-practica/apache-tomcat-9.0.44/webapps/docs] de la aplicación web
18-May-2021 18:21:16.202 INFORMACIÓN [main] org.apache.catalina.startup.HostConfig.deployDirectory Deployment of web application directory [/var/home/lab/alum0/03/84/036/WebCom/servlet-practica/apache-tomcat-9.0.44/webapps/docs] has finished in [30] ms
18-May-2021 18:21:16.203 INFORMACIÓN [main] org.apache.catalina.startup.HostConfig.deployDirectory Desplegando el directorio [/var/home/lab/alum0/03/84/036/WebCom/servlet-practica/apache-tomcat-9.0.44/webapps/examples] de la aplicación web
18-May-2021 18:21:16.638 INFORMACIÓN [main] org.apache.catalina.startup.HostConfig.deployDirectory Deployment of web application directory [/var/home/lab/alum0/03/84/036/WebCom/servlet-practica/apache-tomcat-9.0.44/webapps/examples] has finished in [435] ms
18-May-2021 18:21:16.638 INFORMACIÓN [main] org.apache.catalina.startup.HostConfig.deployDirectory Desplegando el directorio [/var/home/lab/alum0/03/84/036/WebCom/servlet-practica/apache-tomcat-9.0.44/webapps/holamundo] de la aplicación web
18-May-2021 18:21:16.668 INFORMACIÓN [main] org.apache.catalina.startup.HostConfig.deployDirectory Deployment of web application directory [/var/home/lab/alum0/03/84/036/WebCom/servlet-practica/apache-tomcat-9.0.44/webapps/holamundo] has finished in [30] ms
18-May-2021 18:21:16.668 INFORMACIÓN [main] org.apache.catalina.startup.HostConfig.deployDirectory Desplegando el directorio [/var/home/lab/alum0/03/84/036/WebCom/servlet-practica/apache-tomcat-9.0.44/webapps/host-manager] de la aplicación web
18-May-2021 18:21:16.701 INFORMACIÓN [main] org.apache.catalina.startup.HostConfig.deployDirectory Deployment of web application directory [/var/home/lab/alum0/03/84/036/WebCom/servlet-practica/apache-tomcat-9.0.44/webapps/host-manager] has finished in [33] ms
18-May-2021 18:21:16.702 INFORMACIÓN [main] org.apache.catalina.startup.HostConfig.deployDirectory Desplegando el directorio [/var/home/lab/alum0/03/84/036/WebCom/servlet-practica/apache-tomcat-9.0.44/webapps/manager] de la aplicación web
18-May-2021 18:21:16.735 INFORMACIÓN [main] org.apache.catalina.startup.HostConfig.deployDirectory Deployment of web application directory [/var/home/lab/alum0/03/84/036/WebCom/servlet-practica/apache-tomcat-9.0.44/webapps/manager] has finished in [33] ms
18-May-2021 18:21:16.740 INFORMACIÓN [main] org.apache.coyote.AbstractProtocol.start Starting ProtocolHandler ["http-nio-8080"]
18-May-2021 18:21:16.750 INFORMACIÓN [main] org.apache.catalina.startup.Catalina.start Server startup in [7118] milliseconds
18-May-2021 18:24:52.919 INFORMACIÓN [main] org.apache.catalina.core.StandardServer.await Se ha recibido un comando de apagado a través del puerto de apagado. Parando la instancia del Servidor.
18-May-2021 18:24:52.921 INFORMACIÓN [main] org.apache.coyote.AbstractProtocol.pause Pausing ProtocolHandler ["http-nio-8080"]
18-May-2021 18:24:52.929 INFORMACIÓN [main] org.apache.catalina.core.StandardService.stopInternal Parando servicio [Catalina]
18-May-2021 18:24:52.945 ADVERTENCIA [main] org.apache.catalina.loader.WebappClassLoaderBase.clearReferencesJdbc La aplicación web [Twitter2] registró el conductor JDBC [com.mysql.cj.jdbc.Driver] pero falló al anular el registro mientras la aplicación web estaba parada. Para prevenir un fallo de memoria, se ha anulado el registro del conductor JDBC por la fuerza.
18-May-2021 18:24:52.946 ADVERTENCIA [main] org.apache.catalina.loader.WebappClassLoaderBase.clearReferencesThreads The web application [Twitter2] appears to have started a thread named [mysql-cj-abandoned-connection-cleanup] but has failed to stop it. This is very likely to create a memory leak. Stack trace of thread:
 java.lang.Object.wait(Native Method)
 java.lang.ref.ReferenceQueue.remove(ReferenceQueue.java:143)
 com.mysql.cj.jdbc.AbandonedConnectionCleanupThread.run(AbandonedConnectionCleanupThread.java:91)
 java.util.concurrent.ThreadPoolExecutor.runWorker(ThreadPoolExecutor.java:1149)
 java.util.concurrent.ThreadPoolExecutor$Worker.run(ThreadPoolExecutor.java:624)
 java.lang.Thread.run(Thread.java:748)
18-May-2021 18:24:52.967 INFORMACIÓN [main] org.apache.coyote.AbstractProtocol.stop Stopping ProtocolHandler ["http-nio-8080"]
18-May-2021 18:24:52.977 INFORMACIÓN [main] org.apache.coyote.AbstractProtocol.destroy Destroying ProtocolHandler ["http-nio-8080"]
18-May-2021 18:25:19.594 INFORMACIÓN [main] org.apache.catalina.startup.VersionLoggerListener.log Nombre de la versión del servidor: Apache Tomcat/9.0.44
18-May-2021 18:25:19.595 INFORMACIÓN [main] org.apache.catalina.startup.VersionLoggerListener.log Server built:                      Mar 4 2021 21:49:34 UTC
18-May-2021 18:25:19.595 INFORMACIÓN [main] org.apache.catalina.startup.VersionLoggerListener.log Número de versión de servidor:     9.0.44.0
18-May-2021 18:25:19.596 INFORMACIÓN [main] org.apache.catalina.startup.VersionLoggerListener.log OS Name:                           Linux
18-May-2021 18:25:19.596 INFORMACIÓN [main] org.apache.catalina.startup.VersionLoggerListener.log Versión de Systema Operativo:      5.2.0
18-May-2021 18:25:19.596 INFORMACIÓN [main] org.apache.catalina.startup.VersionLoggerListener.log Arquitectura:                      amd64
18-May-2021 18:25:19.596 INFORMACIÓN [main] org.apache.catalina.startup.VersionLoggerListener.log Java Home:                         /usr/lib/jvm/oracle-java8-jdk-amd64/jre
18-May-2021 18:25:19.596 INFORMACIÓN [main] org.apache.catalina.startup.VersionLoggerListener.log JVM Version:                       1.8.0_141-b15
18-May-2021 18:25:19.596 INFORMACIÓN [main] org.apache.catalina.startup.VersionLoggerListener.log Vededor JVM:                       Oracle Corporation
18-May-2021 18:25:19.596 INFORMACIÓN [main] org.apache.catalina.startup.VersionLoggerListener.log CATALINA_BASE:                     /var/home/lab/alum0/03/84/036/WebCom/servlet-practica/apache-tomcat-9.0.44
18-May-2021 18:25:19.596 INFORMACIÓN [main] org.apache.catalina.startup.VersionLoggerListener.log CATALINA_HOME:                     /var/home/lab/alum0/03/84/036/WebCom/servlet-practica/apache-tomcat-9.0.44
18-May-2021 18:25:19.597 INFORMACIÓN [main] org.apache.catalina.startup.VersionLoggerListener.log Command line argument:             -Djava.util.logging.config.file=/usr/lab/alum/0384036/WebCom/servlet-practica/apache-tomcat-9.0.44/conf/logging.properties
18-May-2021 18:25:19.597 INFORMACIÓN [main] org.apache.catalina.startup.VersionLoggerListener.log Command line argument:             -Djava.util.logging.manager=org.apache.juli.ClassLoaderLogManager
18-May-2021 18:25:19.597 INFORMACIÓN [main] org.apache.catalina.startup.VersionLoggerListener.log Command line argument:             -Djdk.tls.ephemeralDHKeySize=2048
18-May-2021 18:25:19.597 INFORMACIÓN [main] org.apache.catalina.startup.VersionLoggerListener.log Command line argument:             -Djava.protocol.handler.pkgs=org.apache.catalina.webresources
18-May-2021 18:25:19.597 INFORMACIÓN [main] org.apache.catalina.startup.VersionLoggerListener.log Command line argument:             -Dorg.apache.catalina.security.SecurityListener.UMASK=0027
18-May-2021 18:25:19.597 INFORMACIÓN [main] org.apache.catalina.startup.VersionLoggerListener.log Command line argument:             -Dignore.endorsed.dirs=
18-May-2021 18:25:19.597 INFORMACIÓN [main] org.apache.catalina.startup.VersionLoggerListener.log Command line argument:             -Dcatalina.base=/usr/lab/alum/0384036/WebCom/servlet-practica/apache-tomcat-9.0.44
18-May-2021 18:25:19.597 INFORMACIÓN [main] org.apache.catalina.startup.VersionLoggerListener.log Command line argument:             -Dcatalina.home=/usr/lab/alum/0384036/WebCom/servlet-practica/apache-tomcat-9.0.44
18-May-2021 18:25:19.597 INFORMACIÓN [main] org.apache.catalina.startup.VersionLoggerListener.log Command line argument:             -Djava.io.tmpdir=/usr/lab/alum/0384036/WebCom/servlet-practica/apache-tomcat-9.0.44/temp
18-May-2021 18:25:19.599 INFORMACIÓN [main] org.apache.catalina.core.AprLifecycleListener.lifecycleEvent La biblioteca nativa de Apache Tomcat basada en ARP que permite un rendimiento óptimo en entornos de desarrollo no ha sido hallada en java.library.path: [/usr/java/packages/lib/amd64:/usr/lib64:/lib64:/lib:/usr/lib]
18-May-2021 18:25:19.958 INFORMACIÓN [main] org.apache.coyote.AbstractProtocol.init Inicializando el manejador de protocolo ["http-nio-8080"]

18-May-2021 18:25:19.988 INFORMACIÓN [main] org.apache.catalina.startup.Catalina.load Server initialization in [582] milliseconds
18-May-2021 18:25:20.016 INFORMACIÓN [main] org.apache.catalina.core.StandardService.startInternal Arrancando servicio [Catalina]
18-May-2021 18:25:20.017 INFORMACIÓN [main] org.apache.catalina.core.StandardEngine.startInternal Starting Servlet engine: [Apache Tomcat/9.0.44]
18-May-2021 18:25:20.057 INFORMACIÓN [main] org.apache.catalina.startup.HostConfig.deployWAR Despliegue del archivo [/var/home/lab/alum0/03/84/036/WebCom/servlet-practica/apache-tomcat-9.0.44/webapps/patata.war] de la aplicación web
18-May-2021 18:25:20.541 GRAVE [main] org.apache.catalina.startup.ContextConfig.beforeStart Excepción arreglando docBase: [/patata]
	java.io.IOException: Unable to create the file [/var/home/lab/alum0/03/84/036/WebCom/servlet-practica/apache-tomcat-9.0.44/webapps/patata/META-INF/war-tracker]
		at org.apache.catalina.startup.ExpandWar.expand(ExpandWar.java:177)
		at org.apache.catalina.startup.ContextConfig.fixDocBase(ContextConfig.java:820)
		at org.apache.catalina.startup.ContextConfig.beforeStart(ContextConfig.java:959)
		at org.apache.catalina.startup.ContextConfig.lifecycleEvent(ContextConfig.java:305)
		at org.apache.catalina.util.LifecycleBase.fireLifecycleEvent(LifecycleBase.java:123)
		at org.apache.catalina.util.LifecycleBase.setStateInternal(LifecycleBase.java:423)
		at org.apache.catalina.util.LifecycleBase.start(LifecycleBase.java:182)
		at org.apache.catalina.core.ContainerBase.addChildInternal(ContainerBase.java:717)
		at org.apache.catalina.core.ContainerBase.addChild(ContainerBase.java:690)
		at org.apache.catalina.core.StandardHost.addChild(StandardHost.java:706)
		at org.apache.catalina.startup.HostConfig.deployWAR(HostConfig.java:1023)
		at org.apache.catalina.startup.HostConfig$DeployWar.run(HostConfig.java:1903)
		at java.util.concurrent.Executors$RunnableAdapter.call(Executors.java:511)
		at java.util.concurrent.FutureTask.run(FutureTask.java:266)
		at org.apache.tomcat.util.threads.InlineExecutorService.execute(InlineExecutorService.java:75)
		at java.util.concurrent.AbstractExecutorService.submit(AbstractExecutorService.java:112)
		at org.apache.catalina.startup.HostConfig.deployWARs(HostConfig.java:824)
		at org.apache.catalina.startup.HostConfig.deployApps(HostConfig.java:474)
		at org.apache.catalina.startup.HostConfig.start(HostConfig.java:1611)
		at org.apache.catalina.startup.HostConfig.lifecycleEvent(HostConfig.java:319)
		at org.apache.catalina.util.LifecycleBase.fireLifecycleEvent(LifecycleBase.java:123)
		at org.apache.catalina.util.LifecycleBase.setStateInternal(LifecycleBase.java:423)
		at org.apache.catalina.util.LifecycleBase.setState(LifecycleBase.java:366)
		at org.apache.catalina.core.ContainerBase.startInternal(ContainerBase.java:936)
		at org.apache.catalina.core.StandardHost.startInternal(StandardHost.java:843)
		at org.apache.catalina.util.LifecycleBase.start(LifecycleBase.java:183)
		at org.apache.catalina.core.ContainerBase$StartChild.call(ContainerBase.java:1384)
		at org.apache.catalina.core.ContainerBase$StartChild.call(ContainerBase.java:1374)
		at java.util.concurrent.FutureTask.run(FutureTask.java:266)
		at org.apache.tomcat.util.threads.InlineExecutorService.execute(InlineExecutorService.java:75)
		at java.util.concurrent.AbstractExecutorService.submit(AbstractExecutorService.java:134)
		at org.apache.catalina.core.ContainerBase.startInternal(ContainerBase.java:909)
		at org.apache.catalina.core.StandardEngine.startInternal(StandardEngine.java:262)
		at org.apache.catalina.util.LifecycleBase.start(LifecycleBase.java:183)
		at org.apache.catalina.core.StandardService.startInternal(StandardService.java:434)
		at org.apache.catalina.util.LifecycleBase.start(LifecycleBase.java:183)
		at org.apache.catalina.core.StandardServer.startInternal(StandardServer.java:930)
		at org.apache.catalina.util.LifecycleBase.start(LifecycleBase.java:183)
		at org.apache.catalina.startup.Catalina.start(Catalina.java:772)
		at sun.reflect.NativeMethodAccessorImpl.invoke0(Native Method)
		at sun.reflect.NativeMethodAccessorImpl.invoke(NativeMethodAccessorImpl.java:62)
		at sun.reflect.DelegatingMethodAccessorImpl.invoke(DelegatingMethodAccessorImpl.java:43)
		at java.lang.reflect.Method.invoke(Method.java:498)
		at org.apache.catalina.startup.Bootstrap.start(Bootstrap.java:342)
		at org.apache.catalina.startup.Bootstrap.main(Bootstrap.java:473)
18-May-2021 18:25:25.958 ADVERTENCIA [main] org.apache.tomcat.dbcp.dbcp2.BasicDataSourceFactory.getObjectInstance Name = Twitter Property maxActive is not used in DBCP2, use maxTotal instead. maxTotal default value is 8. You have set value of "8" for "maxActive" property, which is being ignored.
18-May-2021 18:25:26.049 INFORMACIÓN [main] org.apache.jasper.servlet.TldScanner.scanJars Al menos un JAR, que se ha explorado buscando TLDs, aún no contenía TLDs. Activar historial de depuración para este historiador para una completa lista de los JARs que fueron explorados y de los que nos se halló TLDs. Saltarse JARs no necesarios durante la exploración puede dar lugar a una mejora de tiempo significativa en el arranque y compilación de JSP .
18-May-2021 18:25:26.102 INFORMACIÓN [main] org.apache.catalina.startup.HostConfig.deployWAR Deployment of web application archive [/var/home/lab/alum0/03/84/036/WebCom/servlet-practica/apache-tomcat-9.0.44/webapps/patata.war] has finished in [6.043] ms
18-May-2021 18:25:26.103 INFORMACIÓN [main] org.apache.catalina.startup.HostConfig.deployDirectory Desplegando el directorio [/var/home/lab/alum0/03/84/036/WebCom/servlet-practica/apache-tomcat-9.0.44/webapps/ROOT] de la aplicación web
18-May-2021 18:25:26.127 INFORMACIÓN [main] org.apache.catalina.startup.HostConfig.deployDirectory Deployment of web application directory [/var/home/lab/alum0/03/84/036/WebCom/servlet-practica/apache-tomcat-9.0.44/webapps/ROOT] has finished in [25] ms
18-May-2021 18:25:26.127 INFORMACIÓN [main] org.apache.catalina.startup.HostConfig.deployDirectory Desplegando el directorio [/var/home/lab/alum0/03/84/036/WebCom/servlet-practica/apache-tomcat-9.0.44/webapps/bookshop] de la aplicación web
18-May-2021 18:25:26.351 ADVERTENCIA [main] org.apache.tomcat.dbcp.dbcp2.BasicDataSourceFactory.getObjectInstance Name = BookShop Property maxActive is not used in DBCP2, use maxTotal instead. maxTotal default value is 8. You have set value of "8" for "maxActive" property, which is being ignored.
18-May-2021 18:25:26.365 INFORMACIÓN [main] org.apache.jasper.servlet.TldScanner.scanJars Al menos un JAR, que se ha explorado buscando TLDs, aún no contenía TLDs. Activar historial de depuración para este historiador para una completa lista de los JARs que fueron explorados y de los que nos se halló TLDs. Saltarse JARs no necesarios durante la exploración puede dar lugar a una mejora de tiempo significativa en el arranque y compilación de JSP .
18-May-2021 18:25:26.368 INFORMACIÓN [main] org.apache.catalina.startup.HostConfig.deployDirectory Deployment of web application directory [/var/home/lab/alum0/03/84/036/WebCom/servlet-practica/apache-tomcat-9.0.44/webapps/bookshop] has finished in [241] ms
18-May-2021 18:25:26.368 INFORMACIÓN [main] org.apache.catalina.startup.HostConfig.deployDirectory Desplegando el directorio [/var/home/lab/alum0/03/84/036/WebCom/servlet-practica/apache-tomcat-9.0.44/webapps/docs] de la aplicación web
18-May-2021 18:25:26.404 INFORMACIÓN [main] org.apache.catalina.startup.HostConfig.deployDirectory Deployment of web application directory [/var/home/lab/alum0/03/84/036/WebCom/servlet-practica/apache-tomcat-9.0.44/webapps/docs] has finished in [35] ms
18-May-2021 18:25:26.404 INFORMACIÓN [main] org.apache.catalina.startup.HostConfig.deployDirectory Desplegando el directorio [/var/home/lab/alum0/03/84/036/WebCom/servlet-practica/apache-tomcat-9.0.44/webapps/examples] de la aplicación web
18-May-2021 18:25:26.890 INFORMACIÓN [main] org.apache.catalina.startup.HostConfig.deployDirectory Deployment of web application directory [/var/home/lab/alum0/03/84/036/WebCom/servlet-practica/apache-tomcat-9.0.44/webapps/examples] has finished in [486] ms
18-May-2021 18:25:26.890 INFORMACIÓN [main] org.apache.catalina.startup.HostConfig.deployDirectory Desplegando el directorio [/var/home/lab/alum0/03/84/036/WebCom/servlet-practica/apache-tomcat-9.0.44/webapps/holamundo] de la aplicación web
18-May-2021 18:25:26.920 INFORMACIÓN [main] org.apache.catalina.startup.HostConfig.deployDirectory Deployment of web application directory [/var/home/lab/alum0/03/84/036/WebCom/servlet-practica/apache-tomcat-9.0.44/webapps/holamundo] has finished in [30] ms
18-May-2021 18:25:26.920 INFORMACIÓN [main] org.apache.catalina.startup.HostConfig.deployDirectory Desplegando el directorio [/var/home/lab/alum0/03/84/036/WebCom/servlet-practica/apache-tomcat-9.0.44/webapps/host-manager] de la aplicación web
18-May-2021 18:25:26.955 INFORMACIÓN [main] org.apache.catalina.startup.HostConfig.deployDirectory Deployment of web application directory [/var/home/lab/alum0/03/84/036/WebCom/servlet-practica/apache-tomcat-9.0.44/webapps/host-manager] has finished in [35] ms
18-May-2021 18:25:26.955 INFORMACIÓN [main] org.apache.catalina.startup.HostConfig.deployDirectory Desplegando el directorio [/var/home/lab/alum0/03/84/036/WebCom/servlet-practica/apache-tomcat-9.0.44/webapps/manager] de la aplicación web
18-May-2021 18:25:26.986 INFORMACIÓN [main] org.apache.catalina.startup.HostConfig.deployDirectory Deployment of web application directory [/var/home/lab/alum0/03/84/036/WebCom/servlet-practica/apache-tomcat-9.0.44/webapps/manager] has finished in [31] ms
18-May-2021 18:25:26.990 INFORMACIÓN [main] org.apache.coyote.AbstractProtocol.start Starting ProtocolHandler ["http-nio-8080"]
18-May-2021 18:25:26.996 INFORMACIÓN [main] org.apache.catalina.startup.Catalina.start Server startup in [7007] milliseconds
18-May-2021 18:35:39.271 INFORMACIÓN [main] org.apache.catalina.core.StandardServer.await Se ha recibido un comando de apagado a través del puerto de apagado. Parando la instancia del Servidor.
18-May-2021 18:35:39.272 INFORMACIÓN [main] org.apache.coyote.AbstractProtocol.pause Pausing ProtocolHandler ["http-nio-8080"]
18-May-2021 18:35:39.279 INFORMACIÓN [main] org.apache.catalina.core.StandardService.stopInternal Parando servicio [Catalina]
18-May-2021 18:35:39.297 ADVERTENCIA [main] org.apache.catalina.loader.WebappClassLoaderBase.clearReferencesThreads The web application [bookshop] appears to have started a thread named [mysql-cj-abandoned-connection-cleanup] but has failed to stop it. This is very likely to create a memory leak. Stack trace of thread:
 org.apache.catalina.webresources.FileResource.<init>(FileResource.java:74)
 org.apache.catalina.webresources.DirResourceSet.getResource(DirResourceSet.java:111)
 org.apache.catalina.webresources.StandardRoot.getResourceInternal(StandardRoot.java:281)
 org.apache.catalina.webresources.CachedResource.validateResource(CachedResource.java:105)
 org.apache.catalina.webresources.Cache.getResource(Cache.java:87)
 org.apache.catalina.webresources.StandardRoot.getResource(StandardRoot.java:216)
 org.apache.catalina.webresources.StandardRoot.getClassLoaderResource(StandardRoot.java:225)
 org.apache.catalina.loader.WebappClassLoaderBase.findResource(WebappClassLoaderBase.java:937)
 org.apache.catalina.loader.WebappClassLoaderBase.getResource(WebappClassLoaderBase.java:1056)
 com.mysql.cj.jdbc.AbandonedConnectionCleanupThread.checkThreadContextClassLoader(AbandonedConnectionCleanupThread.java:123)
 com.mysql.cj.jdbc.AbandonedConnectionCleanupThread.run(AbandonedConnectionCleanupThread.java:90)
 java.util.concurrent.ThreadPoolExecutor.runWorker(ThreadPoolExecutor.java:1149)
 java.util.concurrent.ThreadPoolExecutor$Worker.run(ThreadPoolExecutor.java:624)
 java.lang.Thread.run(Thread.java:748)
18-May-2021 18:35:39.331 ADVERTENCIA [main] org.apache.catalina.loader.WebappClassLoaderBase.clearReferencesJdbc La aplicación web [patata] registró el conductor JDBC [com.mysql.cj.jdbc.Driver] pero falló al anular el registro mientras la aplicación web estaba parada. Para prevenir un fallo de memoria, se ha anulado el registro del conductor JDBC por la fuerza.
18-May-2021 18:35:39.331 ADVERTENCIA [main] org.apache.catalina.loader.WebappClassLoaderBase.clearReferencesThreads The web application [patata] appears to have started a thread named [mysql-cj-abandoned-connection-cleanup] but has failed to stop it. This is very likely to create a memory leak. Stack trace of thread:
 java.lang.Object.wait(Native Method)
 java.lang.ref.ReferenceQueue.remove(ReferenceQueue.java:143)
 com.mysql.cj.jdbc.AbandonedConnectionCleanupThread.run(AbandonedConnectionCleanupThread.java:91)
 java.util.concurrent.ThreadPoolExecutor.runWorker(ThreadPoolExecutor.java:1149)
 java.util.concurrent.ThreadPoolExecutor$Worker.run(ThreadPoolExecutor.java:624)
 java.lang.Thread.run(Thread.java:748)
18-May-2021 18:35:39.337 INFORMACIÓN [main] org.apache.coyote.AbstractProtocol.stop Stopping ProtocolHandler ["http-nio-8080"]
18-May-2021 18:35:39.377 INFORMACIÓN [main] org.apache.coyote.AbstractProtocol.destroy Destroying ProtocolHandler ["http-nio-8080"]
18-May-2021 18:35:54.037 INFORMACIÓN [main] org.apache.catalina.startup.VersionLoggerListener.log Nombre de la versión del servidor: Apache Tomcat/9.0.44
18-May-2021 18:35:54.038 INFORMACIÓN [main] org.apache.catalina.startup.VersionLoggerListener.log Server built:                      Mar 4 2021 21:49:34 UTC
18-May-2021 18:35:54.038 INFORMACIÓN [main] org.apache.catalina.startup.VersionLoggerListener.log Número de versión de servidor:     9.0.44.0
18-May-2021 18:35:54.038 INFORMACIÓN [main] org.apache.catalina.startup.VersionLoggerListener.log OS Name:                           Linux
18-May-2021 18:35:54.038 INFORMACIÓN [main] org.apache.catalina.startup.VersionLoggerListener.log Versión de Systema Operativo:      5.2.0
18-May-2021 18:35:54.039 INFORMACIÓN [main] org.apache.catalina.startup.VersionLoggerListener.log Arquitectura:                      amd64
18-May-2021 18:35:54.039 INFORMACIÓN [main] org.apache.catalina.startup.VersionLoggerListener.log Java Home:                         /usr/lib/jvm/oracle-java8-jdk-amd64/jre
18-May-2021 18:35:54.039 INFORMACIÓN [main] org.apache.catalina.startup.VersionLoggerListener.log JVM Version:                       1.8.0_141-b15
18-May-2021 18:35:54.039 INFORMACIÓN [main] org.apache.catalina.startup.VersionLoggerListener.log Vededor JVM:                       Oracle Corporation
18-May-2021 18:35:54.039 INFORMACIÓN [main] org.apache.catalina.startup.VersionLoggerListener.log CATALINA_BASE:                     /var/home/lab/alum0/03/84/036/WebCom/servlet-practica/apache-tomcat-9.0.44
18-May-2021 18:35:54.039 INFORMACIÓN [main] org.apache.catalina.startup.VersionLoggerListener.log CATALINA_HOME:                     /var/home/lab/alum0/03/84/036/WebCom/servlet-practica/apache-tomcat-9.0.44
18-May-2021 18:35:54.040 INFORMACIÓN [main] org.apache.catalina.startup.VersionLoggerListener.log Command line argument:             -Djava.util.logging.config.file=/usr/lab/alum/0384036/WebCom/servlet-practica/apache-tomcat-9.0.44/conf/logging.properties
18-May-2021 18:35:54.040 INFORMACIÓN [main] org.apache.catalina.startup.VersionLoggerListener.log Command line argument:             -Djava.util.logging.manager=org.apache.juli.ClassLoaderLogManager
18-May-2021 18:35:54.040 INFORMACIÓN [main] org.apache.catalina.startup.VersionLoggerListener.log Command line argument:             -Djdk.tls.ephemeralDHKeySize=2048
18-May-2021 18:35:54.040 INFORMACIÓN [main] org.apache.catalina.startup.VersionLoggerListener.log Command line argument:             -Djava.protocol.handler.pkgs=org.apache.catalina.webresources
18-May-2021 18:35:54.040 INFORMACIÓN [main] org.apache.catalina.startup.VersionLoggerListener.log Command line argument:             -Dorg.apache.catalina.security.SecurityListener.UMASK=0027
18-May-2021 18:35:54.040 INFORMACIÓN [main] org.apache.catalina.startup.VersionLoggerListener.log Command line argument:             -Dignore.endorsed.dirs=
18-May-2021 18:35:54.040 INFORMACIÓN [main] org.apache.catalina.startup.VersionLoggerListener.log Command line argument:             -Dcatalina.base=/usr/lab/alum/0384036/WebCom/servlet-practica/apache-tomcat-9.0.44
18-May-2021 18:35:54.040 INFORMACIÓN [main] org.apache.catalina.startup.VersionLoggerListener.log Command line argument:             -Dcatalina.home=/usr/lab/alum/0384036/WebCom/servlet-practica/apache-tomcat-9.0.44
18-May-2021 18:35:54.040 INFORMACIÓN [main] org.apache.catalina.startup.VersionLoggerListener.log Command line argument:             -Djava.io.tmpdir=/usr/lab/alum/0384036/WebCom/servlet-practica/apache-tomcat-9.0.44/temp
18-May-2021 18:35:54.042 INFORMACIÓN [main] org.apache.catalina.core.AprLifecycleListener.lifecycleEvent La biblioteca nativa de Apache Tomcat basada en ARP que permite un rendimiento óptimo en entornos de desarrollo no ha sido hallada en java.library.path: [/usr/java/packages/lib/amd64:/usr/lib64:/lib64:/lib:/usr/lib]
18-May-2021 18:35:54.405 INFORMACIÓN [main] org.apache.coyote.AbstractProtocol.init Inicializando el manejador de protocolo ["http-nio-8080"]

18-May-2021 18:35:54.433 INFORMACIÓN [main] org.apache.catalina.startup.Catalina.load Server initialization in [586] milliseconds
18-May-2021 18:35:54.462 INFORMACIÓN [main] org.apache.catalina.core.StandardService.startInternal Arrancando servicio [Catalina]
18-May-2021 18:35:54.462 INFORMACIÓN [main] org.apache.catalina.core.StandardEngine.startInternal Starting Servlet engine: [Apache Tomcat/9.0.44]
18-May-2021 18:35:54.497 INFORMACIÓN [main] org.apache.catalina.startup.HostConfig.deployWAR Despliegue del archivo [/var/home/lab/alum0/03/84/036/WebCom/servlet-practica/apache-tomcat-9.0.44/webapps/patata.war] de la aplicación web
18-May-2021 18:35:54.920 GRAVE [main] org.apache.catalina.startup.ContextConfig.beforeStart Excepción arreglando docBase: [/patata]
	java.io.IOException: Unable to create the file [/var/home/lab/alum0/03/84/036/WebCom/servlet-practica/apache-tomcat-9.0.44/webapps/patata/META-INF/war-tracker]
		at org.apache.catalina.startup.ExpandWar.expand(ExpandWar.java:177)
		at org.apache.catalina.startup.ContextConfig.fixDocBase(ContextConfig.java:820)
		at org.apache.catalina.startup.ContextConfig.beforeStart(ContextConfig.java:959)
		at org.apache.catalina.startup.ContextConfig.lifecycleEvent(ContextConfig.java:305)
		at org.apache.catalina.util.LifecycleBase.fireLifecycleEvent(LifecycleBase.java:123)
		at org.apache.catalina.util.LifecycleBase.setStateInternal(LifecycleBase.java:423)
		at org.apache.catalina.util.LifecycleBase.start(LifecycleBase.java:182)
		at org.apache.catalina.core.ContainerBase.addChildInternal(ContainerBase.java:717)
		at org.apache.catalina.core.ContainerBase.addChild(ContainerBase.java:690)
		at org.apache.catalina.core.StandardHost.addChild(StandardHost.java:706)
		at org.apache.catalina.startup.HostConfig.deployWAR(HostConfig.java:1023)
		at org.apache.catalina.startup.HostConfig$DeployWar.run(HostConfig.java:1903)
		at java.util.concurrent.Executors$RunnableAdapter.call(Executors.java:511)
		at java.util.concurrent.FutureTask.run(FutureTask.java:266)
		at org.apache.tomcat.util.threads.InlineExecutorService.execute(InlineExecutorService.java:75)
		at java.util.concurrent.AbstractExecutorService.submit(AbstractExecutorService.java:112)
		at org.apache.catalina.startup.HostConfig.deployWARs(HostConfig.java:824)
		at org.apache.catalina.startup.HostConfig.deployApps(HostConfig.java:474)
		at org.apache.catalina.startup.HostConfig.start(HostConfig.java:1611)
		at org.apache.catalina.startup.HostConfig.lifecycleEvent(HostConfig.java:319)
		at org.apache.catalina.util.LifecycleBase.fireLifecycleEvent(LifecycleBase.java:123)
		at org.apache.catalina.util.LifecycleBase.setStateInternal(LifecycleBase.java:423)
		at org.apache.catalina.util.LifecycleBase.setState(LifecycleBase.java:366)
		at org.apache.catalina.core.ContainerBase.startInternal(ContainerBase.java:936)
		at org.apache.catalina.core.StandardHost.startInternal(StandardHost.java:843)
		at org.apache.catalina.util.LifecycleBase.start(LifecycleBase.java:183)
		at org.apache.catalina.core.ContainerBase$StartChild.call(ContainerBase.java:1384)
		at org.apache.catalina.core.ContainerBase$StartChild.call(ContainerBase.java:1374)
		at java.util.concurrent.FutureTask.run(FutureTask.java:266)
		at org.apache.tomcat.util.threads.InlineExecutorService.execute(InlineExecutorService.java:75)
		at java.util.concurrent.AbstractExecutorService.submit(AbstractExecutorService.java:134)
		at org.apache.catalina.core.ContainerBase.startInternal(ContainerBase.java:909)
		at org.apache.catalina.core.StandardEngine.startInternal(StandardEngine.java:262)
		at org.apache.catalina.util.LifecycleBase.start(LifecycleBase.java:183)
		at org.apache.catalina.core.StandardService.startInternal(StandardService.java:434)
		at org.apache.catalina.util.LifecycleBase.start(LifecycleBase.java:183)
		at org.apache.catalina.core.StandardServer.startInternal(StandardServer.java:930)
		at org.apache.catalina.util.LifecycleBase.start(LifecycleBase.java:183)
		at org.apache.catalina.startup.Catalina.start(Catalina.java:772)
		at sun.reflect.NativeMethodAccessorImpl.invoke0(Native Method)
		at sun.reflect.NativeMethodAccessorImpl.invoke(NativeMethodAccessorImpl.java:62)
		at sun.reflect.DelegatingMethodAccessorImpl.invoke(DelegatingMethodAccessorImpl.java:43)
		at java.lang.reflect.Method.invoke(Method.java:498)
		at org.apache.catalina.startup.Bootstrap.start(Bootstrap.java:342)
		at org.apache.catalina.startup.Bootstrap.main(Bootstrap.java:473)
18-May-2021 18:36:00.543 ADVERTENCIA [main] org.apache.tomcat.dbcp.dbcp2.BasicDataSourceFactory.getObjectInstance Name = Twitter Property maxActive is not used in DBCP2, use maxTotal instead. maxTotal default value is 8. You have set value of "8" for "maxActive" property, which is being ignored.
18-May-2021 18:36:00.631 INFORMACIÓN [main] org.apache.jasper.servlet.TldScanner.scanJars Al menos un JAR, que se ha explorado buscando TLDs, aún no contenía TLDs. Activar historial de depuración para este historiador para una completa lista de los JARs que fueron explorados y de los que nos se halló TLDs. Saltarse JARs no necesarios durante la exploración puede dar lugar a una mejora de tiempo significativa en el arranque y compilación de JSP .
18-May-2021 18:36:00.687 INFORMACIÓN [main] org.apache.catalina.startup.HostConfig.deployWAR Deployment of web application archive [/var/home/lab/alum0/03/84/036/WebCom/servlet-practica/apache-tomcat-9.0.44/webapps/patata.war] has finished in [6.189] ms
18-May-2021 18:36:00.688 INFORMACIÓN [main] org.apache.catalina.startup.HostConfig.deployDirectory Desplegando el directorio [/var/home/lab/alum0/03/84/036/WebCom/servlet-practica/apache-tomcat-9.0.44/webapps/ROOT] de la aplicación web
18-May-2021 18:36:00.712 INFORMACIÓN [main] org.apache.catalina.startup.HostConfig.deployDirectory Deployment of web application directory [/var/home/lab/alum0/03/84/036/WebCom/servlet-practica/apache-tomcat-9.0.44/webapps/ROOT] has finished in [23] ms
18-May-2021 18:36:00.712 INFORMACIÓN [main] org.apache.catalina.startup.HostConfig.deployDirectory Desplegando el directorio [/var/home/lab/alum0/03/84/036/WebCom/servlet-practica/apache-tomcat-9.0.44/webapps/bookshop] de la aplicación web
18-May-2021 18:36:00.939 ADVERTENCIA [main] org.apache.tomcat.dbcp.dbcp2.BasicDataSourceFactory.getObjectInstance Name = BookShop Property maxActive is not used in DBCP2, use maxTotal instead. maxTotal default value is 8. You have set value of "8" for "maxActive" property, which is being ignored.
18-May-2021 18:36:00.952 INFORMACIÓN [main] org.apache.jasper.servlet.TldScanner.scanJars Al menos un JAR, que se ha explorado buscando TLDs, aún no contenía TLDs. Activar historial de depuración para este historiador para una completa lista de los JARs que fueron explorados y de los que nos se halló TLDs. Saltarse JARs no necesarios durante la exploración puede dar lugar a una mejora de tiempo significativa en el arranque y compilación de JSP .
18-May-2021 18:36:00.954 INFORMACIÓN [main] org.apache.catalina.startup.HostConfig.deployDirectory Deployment of web application directory [/var/home/lab/alum0/03/84/036/WebCom/servlet-practica/apache-tomcat-9.0.44/webapps/bookshop] has finished in [242] ms
18-May-2021 18:36:00.954 INFORMACIÓN [main] org.apache.catalina.startup.HostConfig.deployDirectory Desplegando el directorio [/var/home/lab/alum0/03/84/036/WebCom/servlet-practica/apache-tomcat-9.0.44/webapps/docs] de la aplicación web
18-May-2021 18:36:00.984 INFORMACIÓN [main] org.apache.catalina.startup.HostConfig.deployDirectory Deployment of web application directory [/var/home/lab/alum0/03/84/036/WebCom/servlet-practica/apache-tomcat-9.0.44/webapps/docs] has finished in [30] ms
18-May-2021 18:36:00.984 INFORMACIÓN [main] org.apache.catalina.startup.HostConfig.deployDirectory Desplegando el directorio [/var/home/lab/alum0/03/84/036/WebCom/servlet-practica/apache-tomcat-9.0.44/webapps/examples] de la aplicación web
18-May-2021 18:36:01.455 INFORMACIÓN [main] org.apache.catalina.startup.HostConfig.deployDirectory Deployment of web application directory [/var/home/lab/alum0/03/84/036/WebCom/servlet-practica/apache-tomcat-9.0.44/webapps/examples] has finished in [471] ms
18-May-2021 18:36:01.455 INFORMACIÓN [main] org.apache.catalina.startup.HostConfig.deployDirectory Desplegando el directorio [/var/home/lab/alum0/03/84/036/WebCom/servlet-practica/apache-tomcat-9.0.44/webapps/holamundo] de la aplicación web
18-May-2021 18:36:01.484 INFORMACIÓN [main] org.apache.catalina.startup.HostConfig.deployDirectory Deployment of web application directory [/var/home/lab/alum0/03/84/036/WebCom/servlet-practica/apache-tomcat-9.0.44/webapps/holamundo] has finished in [29] ms
18-May-2021 18:36:01.484 INFORMACIÓN [main] org.apache.catalina.startup.HostConfig.deployDirectory Desplegando el directorio [/var/home/lab/alum0/03/84/036/WebCom/servlet-practica/apache-tomcat-9.0.44/webapps/host-manager] de la aplicación web
18-May-2021 18:36:01.514 INFORMACIÓN [main] org.apache.catalina.startup.HostConfig.deployDirectory Deployment of web application directory [/var/home/lab/alum0/03/84/036/WebCom/servlet-practica/apache-tomcat-9.0.44/webapps/host-manager] has finished in [30] ms
18-May-2021 18:36:01.515 INFORMACIÓN [main] org.apache.catalina.startup.HostConfig.deployDirectory Desplegando el directorio [/var/home/lab/alum0/03/84/036/WebCom/servlet-practica/apache-tomcat-9.0.44/webapps/manager] de la aplicación web
18-May-2021 18:36:01.543 INFORMACIÓN [main] org.apache.catalina.startup.HostConfig.deployDirectory Deployment of web application directory [/var/home/lab/alum0/03/84/036/WebCom/servlet-practica/apache-tomcat-9.0.44/webapps/manager] has finished in [28] ms
18-May-2021 18:36:01.547 INFORMACIÓN [main] org.apache.coyote.AbstractProtocol.start Starting ProtocolHandler ["http-nio-8080"]
18-May-2021 18:36:01.553 INFORMACIÓN [main] org.apache.catalina.startup.Catalina.start Server startup in [7120] milliseconds
18-May-2021 18:37:22.686 INFORMACIÓN [Catalina-utility-1] org.apache.catalina.startup.HostConfig.undeploy Repliegue (undeploy) de la aplicación web que tiene como trayectoria de contexto [/patata]
18-May-2021 18:37:25.911 INFORMACIÓN [main] org.apache.catalina.core.StandardServer.await Se ha recibido un comando de apagado a través del puerto de apagado. Parando la instancia del Servidor.
18-May-2021 18:37:25.912 INFORMACIÓN [main] org.apache.coyote.AbstractProtocol.pause Pausing ProtocolHandler ["http-nio-8080"]
18-May-2021 18:37:25.915 INFORMACIÓN [main] org.apache.catalina.core.StandardService.stopInternal Parando servicio [Catalina]
18-May-2021 18:37:25.938 INFORMACIÓN [main] org.apache.coyote.AbstractProtocol.stop Stopping ProtocolHandler ["http-nio-8080"]
18-May-2021 18:37:25.968 INFORMACIÓN [main] org.apache.coyote.AbstractProtocol.destroy Destroying ProtocolHandler ["http-nio-8080"]
18-May-2021 18:37:30.540 INFORMACIÓN [main] org.apache.catalina.startup.VersionLoggerListener.log Nombre de la versión del servidor: Apache Tomcat/9.0.44
18-May-2021 18:37:30.542 INFORMACIÓN [main] org.apache.catalina.startup.VersionLoggerListener.log Server built:                      Mar 4 2021 21:49:34 UTC
18-May-2021 18:37:30.542 INFORMACIÓN [main] org.apache.catalina.startup.VersionLoggerListener.log Número de versión de servidor:     9.0.44.0
18-May-2021 18:37:30.542 INFORMACIÓN [main] org.apache.catalina.startup.VersionLoggerListener.log OS Name:                           Linux
18-May-2021 18:37:30.542 INFORMACIÓN [main] org.apache.catalina.startup.VersionLoggerListener.log Versión de Systema Operativo:      5.2.0
18-May-2021 18:37:30.542 INFORMACIÓN [main] org.apache.catalina.startup.VersionLoggerListener.log Arquitectura:                      amd64
18-May-2021 18:37:30.542 INFORMACIÓN [main] org.apache.catalina.startup.VersionLoggerListener.log Java Home:                         /usr/lib/jvm/oracle-java8-jdk-amd64/jre
18-May-2021 18:37:30.543 INFORMACIÓN [main] org.apache.catalina.startup.VersionLoggerListener.log JVM Version:                       1.8.0_141-b15
18-May-2021 18:37:30.543 INFORMACIÓN [main] org.apache.catalina.startup.VersionLoggerListener.log Vededor JVM:                       Oracle Corporation
18-May-2021 18:37:30.543 INFORMACIÓN [main] org.apache.catalina.startup.VersionLoggerListener.log CATALINA_BASE:                     /var/home/lab/alum0/03/84/036/WebCom/servlet-practica/apache-tomcat-9.0.44
18-May-2021 18:37:30.543 INFORMACIÓN [main] org.apache.catalina.startup.VersionLoggerListener.log CATALINA_HOME:                     /var/home/lab/alum0/03/84/036/WebCom/servlet-practica/apache-tomcat-9.0.44
18-May-2021 18:37:30.543 INFORMACIÓN [main] org.apache.catalina.startup.VersionLoggerListener.log Command line argument:             -Djava.util.logging.config.file=/usr/lab/alum/0384036/WebCom/servlet-practica/apache-tomcat-9.0.44/conf/logging.properties
18-May-2021 18:37:30.543 INFORMACIÓN [main] org.apache.catalina.startup.VersionLoggerListener.log Command line argument:             -Djava.util.logging.manager=org.apache.juli.ClassLoaderLogManager
18-May-2021 18:37:30.543 INFORMACIÓN [main] org.apache.catalina.startup.VersionLoggerListener.log Command line argument:             -Djdk.tls.ephemeralDHKeySize=2048
18-May-2021 18:37:30.543 INFORMACIÓN [main] org.apache.catalina.startup.VersionLoggerListener.log Command line argument:             -Djava.protocol.handler.pkgs=org.apache.catalina.webresources
18-May-2021 18:37:30.544 INFORMACIÓN [main] org.apache.catalina.startup.VersionLoggerListener.log Command line argument:             -Dorg.apache.catalina.security.SecurityListener.UMASK=0027
18-May-2021 18:37:30.544 INFORMACIÓN [main] org.apache.catalina.startup.VersionLoggerListener.log Command line argument:             -Dignore.endorsed.dirs=
18-May-2021 18:37:30.544 INFORMACIÓN [main] org.apache.catalina.startup.VersionLoggerListener.log Command line argument:             -Dcatalina.base=/usr/lab/alum/0384036/WebCom/servlet-practica/apache-tomcat-9.0.44
18-May-2021 18:37:30.544 INFORMACIÓN [main] org.apache.catalina.startup.VersionLoggerListener.log Command line argument:             -Dcatalina.home=/usr/lab/alum/0384036/WebCom/servlet-practica/apache-tomcat-9.0.44
18-May-2021 18:37:30.544 INFORMACIÓN [main] org.apache.catalina.startup.VersionLoggerListener.log Command line argument:             -Djava.io.tmpdir=/usr/lab/alum/0384036/WebCom/servlet-practica/apache-tomcat-9.0.44/temp
18-May-2021 18:37:30.545 INFORMACIÓN [main] org.apache.catalina.core.AprLifecycleListener.lifecycleEvent La biblioteca nativa de Apache Tomcat basada en ARP que permite un rendimiento óptimo en entornos de desarrollo no ha sido hallada en java.library.path: [/usr/java/packages/lib/amd64:/usr/lib64:/lib64:/lib:/usr/lib]
18-May-2021 18:37:30.899 INFORMACIÓN [main] org.apache.coyote.AbstractProtocol.init Inicializando el manejador de protocolo ["http-nio-8080"]

18-May-2021 18:37:30.929 INFORMACIÓN [main] org.apache.catalina.startup.Catalina.load Server initialization in [580] milliseconds
18-May-2021 18:37:30.959 INFORMACIÓN [main] org.apache.catalina.core.StandardService.startInternal Arrancando servicio [Catalina]
18-May-2021 18:37:30.959 INFORMACIÓN [main] org.apache.catalina.core.StandardEngine.startInternal Starting Servlet engine: [Apache Tomcat/9.0.44]
18-May-2021 18:37:30.970 INFORMACIÓN [main] org.apache.catalina.startup.HostConfig.deployDirectory Desplegando el directorio [/var/home/lab/alum0/03/84/036/WebCom/servlet-practica/apache-tomcat-9.0.44/webapps/ROOT] de la aplicación web
18-May-2021 18:37:31.242 INFORMACIÓN [main] org.apache.catalina.startup.HostConfig.deployDirectory Deployment of web application directory [/var/home/lab/alum0/03/84/036/WebCom/servlet-practica/apache-tomcat-9.0.44/webapps/ROOT] has finished in [270] ms
18-May-2021 18:37:31.242 INFORMACIÓN [main] org.apache.catalina.startup.HostConfig.deployDirectory Desplegando el directorio [/var/home/lab/alum0/03/84/036/WebCom/servlet-practica/apache-tomcat-9.0.44/webapps/bookshop] de la aplicación web
18-May-2021 18:37:31.560 ADVERTENCIA [main] org.apache.tomcat.dbcp.dbcp2.BasicDataSourceFactory.getObjectInstance Name = BookShop Property maxActive is not used in DBCP2, use maxTotal instead. maxTotal default value is 8. You have set value of "8" for "maxActive" property, which is being ignored.
18-May-2021 18:37:31.585 INFORMACIÓN [main] org.apache.jasper.servlet.TldScanner.scanJars Al menos un JAR, que se ha explorado buscando TLDs, aún no contenía TLDs. Activar historial de depuración para este historiador para una completa lista de los JARs que fueron explorados y de los que nos se halló TLDs. Saltarse JARs no necesarios durante la exploración puede dar lugar a una mejora de tiempo significativa en el arranque y compilación de JSP .
18-May-2021 18:37:31.590 INFORMACIÓN [main] org.apache.catalina.startup.HostConfig.deployDirectory Deployment of web application directory [/var/home/lab/alum0/03/84/036/WebCom/servlet-practica/apache-tomcat-9.0.44/webapps/bookshop] has finished in [348] ms
18-May-2021 18:37:31.591 INFORMACIÓN [main] org.apache.catalina.startup.HostConfig.deployDirectory Desplegando el directorio [/var/home/lab/alum0/03/84/036/WebCom/servlet-practica/apache-tomcat-9.0.44/webapps/docs] de la aplicación web
18-May-2021 18:37:31.611 INFORMACIÓN [main] org.apache.catalina.startup.HostConfig.deployDirectory Deployment of web application directory [/var/home/lab/alum0/03/84/036/WebCom/servlet-practica/apache-tomcat-9.0.44/webapps/docs] has finished in [19] ms
18-May-2021 18:37:31.611 INFORMACIÓN [main] org.apache.catalina.startup.HostConfig.deployDirectory Desplegando el directorio [/var/home/lab/alum0/03/84/036/WebCom/servlet-practica/apache-tomcat-9.0.44/webapps/examples] de la aplicación web
18-May-2021 18:37:32.129 INFORMACIÓN [main] org.apache.catalina.startup.HostConfig.deployDirectory Deployment of web application directory [/var/home/lab/alum0/03/84/036/WebCom/servlet-practica/apache-tomcat-9.0.44/webapps/examples] has finished in [517] ms
18-May-2021 18:37:32.129 INFORMACIÓN [main] org.apache.catalina.startup.HostConfig.deployDirectory Desplegando el directorio [/var/home/lab/alum0/03/84/036/WebCom/servlet-practica/apache-tomcat-9.0.44/webapps/holamundo] de la aplicación web
18-May-2021 18:37:32.162 INFORMACIÓN [main] org.apache.catalina.startup.HostConfig.deployDirectory Deployment of web application directory [/var/home/lab/alum0/03/84/036/WebCom/servlet-practica/apache-tomcat-9.0.44/webapps/holamundo] has finished in [32] ms
18-May-2021 18:37:32.162 INFORMACIÓN [main] org.apache.catalina.startup.HostConfig.deployDirectory Desplegando el directorio [/var/home/lab/alum0/03/84/036/WebCom/servlet-practica/apache-tomcat-9.0.44/webapps/host-manager] de la aplicación web
18-May-2021 18:37:32.201 INFORMACIÓN [main] org.apache.catalina.startup.HostConfig.deployDirectory Deployment of web application directory [/var/home/lab/alum0/03/84/036/WebCom/servlet-practica/apache-tomcat-9.0.44/webapps/host-manager] has finished in [39] ms
18-May-2021 18:37:32.202 INFORMACIÓN [main] org.apache.catalina.startup.HostConfig.deployDirectory Desplegando el directorio [/var/home/lab/alum0/03/84/036/WebCom/servlet-practica/apache-tomcat-9.0.44/webapps/manager] de la aplicación web
18-May-2021 18:37:32.235 INFORMACIÓN [main] org.apache.catalina.startup.HostConfig.deployDirectory Deployment of web application directory [/var/home/lab/alum0/03/84/036/WebCom/servlet-practica/apache-tomcat-9.0.44/webapps/manager] has finished in [33] ms
18-May-2021 18:37:32.239 INFORMACIÓN [main] org.apache.coyote.AbstractProtocol.start Starting ProtocolHandler ["http-nio-8080"]
18-May-2021 18:37:32.245 INFORMACIÓN [main] org.apache.catalina.startup.Catalina.start Server startup in [1315] milliseconds
